#
# A fatal error has been detected by the Java Runtime Environment:
#
#  EXCEPTION_ACCESS_VIOLATION (0xc0000005) at pc=0x0000019500027229, pid=5904, tid=1400
#
# JRE version: Java(TM) SE Runtime Environment (9.0+11) (build 9.0.4+11)
# Java VM: Java HotSpot(TM) 64-Bit Server VM (9.0.4+11, mixed mode, tiered, compressed oops, g1 gc, windows-amd64)
# Problematic frame:
# j  java.util.Arrays.copyOf([Ljava/lang/Object;I)[Ljava/lang/Object;+6 java.base@9.0.4
#
# No core dump will be written. Minidumps are not enabled by default on client versions of Windows
#
# If you would like to submit a bug report, please visit:
#   http://bugreport.java.com/bugreport/crash.jsp
#

---------------  S U M M A R Y ------------

Command Line: -Dfile.encoding=Cp1252 model.Main

Host: Intel(R) Core(TM) i7-7500U CPU @ 2.70GHz, 4 cores, 14G,  Windows 10 , 64 bit Build 16299 (10.0.16299.15)
Time: Tue Feb 06 09:58:29 2018 Paris, Madrid elapsed time: 0 seconds (0d 0h 0m 0s)

---------------  T H R E A D  ---------------

Current thread (0x0000019572f1e000):  JavaThread "main" [_thread_in_Java, id=1400, stack(0x0000000997a00000,0x0000000997b00000)]

Stack: [0x0000000997a00000,0x0000000997b00000],  sp=0x0000000997afbad8,  free space=1006k
Native frames: (J=compiled Java code, j=interpreted, Vv=VM code, C=native code)
C  0x0000019500027229


siginfo: EXCEPTION_ACCESS_VIOLATION (0xc0000005), reading address 0x0000019116253100


Register to memory mapping:

RIP=0x0000019500027229 is at code_begin+681 in an Interpreter codelet
invokestatic  184 invokestatic  [0x0000019500026f80, 0x0000019500027240]  704 bytes
RAX=0x0000000000000000 is an unknown value
RBX=0x00000191162530b8 is an unknown value
RCX=0x0000019516258d60 is pointing into metadata
RDX=0x000001950000b380 is at code_begin+1664 in an Interpreter codelet
invoke return entry points  [0x000001950000ad00, 0x000001950000b6e0]  2528 bytes
RSP=0x0000000997afbad8 is pointing into the stack for thread: 0x0000019572f1e000
RBP=0x0000000997afbb40 is pointing into the stack for thread: 0x0000019572f1e000
RSI=0x0000000000004030 is an unknown value
RDI=0x000001950000b380 is at code_begin+1664 in an Interpreter codelet
invoke return entry points  [0x000001950000ad00, 0x000001950000b6e0]  2528 bytes
R8 =0x0000000000000001 is an unknown value
R9 =0x0000019572f126b0 is an unknown value
R10=0x0000000055797bc0 jvm.dll
R11=0x0000000997afbae0 is pointing into the stack for thread: 0x0000019572f1e000
R12=0x0000000000000000 is an unknown value
R13=0x0000000997afbae0 is pointing into the stack for thread: 0x0000019572f1e000
R14=0x0000000997afbb58 is pointing into the stack for thread: 0x0000019572f1e000
R15=0x0000019572f1e000 is a thread


Registers:
RAX=0x0000000000000000, RBX=0x00000191162530b8, RCX=0x0000019516258d60, RDX=0x000001950000b380
RSP=0x0000000997afbad8, RBP=0x0000000997afbb40, RSI=0x0000000000004030, RDI=0x000001950000b380
R8 =0x0000000000000001, R9 =0x0000019572f126b0, R10=0x0000000055797bc0, R11=0x0000000997afbae0
R12=0x0000000000000000, R13=0x0000000997afbae0, R14=0x0000000997afbb58, R15=0x0000019572f1e000
RIP=0x0000019500027229, EFLAGS=0x0000000000010246

Top of Stack: (sp=0x0000000997afbad8)
0x0000000997afbad8:   000001950000b380 00000006eba3b6b0
0x0000000997afbae8:   0000000000000005 00000006eba3b748
0x0000000997afbaf8:   0000000997afbaf8 0000019516252fee
0x0000000997afbb08:   0000000997afbb58 0000019516258d60
0x0000000997afbb18:   0000000000000000 00000006ebb07b70
0x0000000997afbb28:   0000019516252ff8 0000000997afbae0
0x0000000997afbb38:   0000000997afbb50 0000000997afbba8
0x0000000997afbb48:   000001950000b380 0000000000000005
0x0000000997afbb58:   00000006eba3b748 0000000997afbb60
0x0000000997afbb68:   00000195164ba668 0000000997afbbb0
0x0000000997afbb78:   00000195164ba700 0000000000000000
0x0000000997afbb88:   00000006eba3b3e0 00000195164ba698
0x0000000997afbb98:   0000000997afbb50 0000000997afbbb8
0x0000000997afbba8:   0000000997afbd90 0000019500000d10
0x0000000997afbbb8:   000000005535b707 0000019572f49030
0x0000000997afbbc8:   0000000055381575 00000000000003d8 

Instructions: (pc=0x0000019500027229)
0x0000019500027209:   48 83 c0 10 4c 8b 68 d8 41 83 ed 04 41 c1 e5 03
0x0000019500027219:   49 03 c5 48 89 45 d8 4c 8d 6c 24 08 4c 89 6d f0
0x0000019500027229:   ff 63 48 0f 1f 40 00 00 00 00 00 00 00 00 00 00
0x0000019500027239:   00 00 00 00 00 00 00 80 0a 00 00 00 00 00 00 c8 


invokestatic  184 invokestatic  [0x0000019500026f80, 0x0000019500027240]  704 bytes

---------------  P R O C E S S  ---------------

Java Threads: ( => current thread )
  0x0000019516b36800 JavaThread "Service Thread" daemon [_thread_blocked, id=11400, stack(0x0000000999000000,0x0000000999100000)]
  0x00000195169d6800 JavaThread "Common-Cleaner" daemon [_thread_blocked, id=12192, stack(0x0000000998f00000,0x0000000999000000)]
  0x000001957fe85000 JavaThread "Sweeper thread" daemon [_thread_blocked, id=1084, stack(0x0000000998e00000,0x0000000998f00000)]
  0x000001957fe61000 JavaThread "C1 CompilerThread2" daemon [_thread_blocked, id=7892, stack(0x0000000998d00000,0x0000000998e00000)]
  0x000001957fe53000 JavaThread "C2 CompilerThread1" daemon [_thread_blocked, id=11512, stack(0x0000000998c00000,0x0000000998d00000)]
  0x000001957fe50800 JavaThread "C2 CompilerThread0" daemon [_thread_blocked, id=2836, stack(0x0000000998b00000,0x0000000998c00000)]
  0x000001957fe3c000 JavaThread "Attach Listener" daemon [_thread_blocked, id=1964, stack(0x0000000998a00000,0x0000000998b00000)]
  0x000001957fe3b000 JavaThread "Signal Dispatcher" daemon [_thread_blocked, id=7988, stack(0x0000000998900000,0x0000000998a00000)]
  0x000001957fe06000 JavaThread "Finalizer" daemon [_thread_blocked, id=12204, stack(0x0000000998800000,0x0000000998900000)]
  0x000001957fe04800 JavaThread "Reference Handler" daemon [_thread_blocked, id=2828, stack(0x0000000998700000,0x0000000998800000)]
=>0x0000019572f1e000 JavaThread "main" [_thread_in_Java, id=1400, stack(0x0000000997a00000,0x0000000997b00000)]

Other Threads:
  0x000001957fe00000 VMThread "VM Thread" [stack: 0x0000000998600000,0x0000000998700000] [id=8436]
  0x0000019516b3c800 WatcherThread [stack: 0x0000000999100000,0x0000000999200000] [id=8264]
  0x0000019572f35000 GCTaskThread "GC Thread#0" [stack: 0x0000000997b00000,0x0000000997c00000] [id=9256]
  0x0000019572f36800 GCTaskThread "GC Thread#1" [stack: 0x0000000997c00000,0x0000000997d00000] [id=10720]
  0x0000019572f39800 GCTaskThread "GC Thread#2" [stack: 0x0000000997d00000,0x0000000997e00000] [id=1288]
  0x0000019572f3b800 GCTaskThread "GC Thread#3" [stack: 0x0000000997e00000,0x0000000997f00000] [id=4748]
  0x0000019572f8a800 ConcurrentGCThread "G1 Main Marker" [stack: 0x0000000998400000,0x0000000998500000] [id=3336]
  0x0000019572f90800 ConcurrentGCThread "G1 Marker#0" [stack: 0x0000000998500000,0x0000000998600000] [id=6660]
  0x0000019572f4e800 ConcurrentGCThread "G1 Refine#0" [stack: 0x0000000998200000,0x0000000998300000] [id=8248]
  0x0000019572f4b000 ConcurrentGCThread "G1 Refine#1" [stack: 0x0000000998100000,0x0000000998200000] [id=5012]
  0x0000019572f4a000 ConcurrentGCThread "G1 Refine#2" [stack: 0x0000000998000000,0x0000000998100000] [id=11504]
  0x0000019572f42000 ConcurrentGCThread "G1 Refine#3" [stack: 0x0000000997f00000,0x0000000998000000] [id=6416]
  0x0000019572f4f800 ConcurrentGCThread "G1 Young RemSet Sampling" [stack: 0x0000000998300000,0x0000000998400000] [id=8996]

Threads with active compile tasks:

VM state:not at safepoint (normal execution)

VM Mutex/Monitor currently owned by a thread: None

Heap address: 0x00000006dd800000, size: 3624 MB, Compressed Oops mode: Zero based, Oop shift amount: 3
Narrow klass base: 0x0000000000000000, Narrow klass shift: 3
Compressed class space size: 1073741824 Address: 0x00000007c0000000

Heap:
 garbage-first heap   total 233472K, used 1024K [0x00000006dd800000, 0x00000006dd900720, 0x00000007c0000000)
  region size 1024K, 2 young (2048K), 0 survivors (0K)
 Metaspace       used 3960K, capacity 4496K, committed 4864K, reserved 1056768K
  class space    used 389K, capacity 392K, committed 512K, reserved 1048576K
Heap Regions: E=young(eden), S=young(survivor), O=old, HS=humongous(starts), HC=humongous(continues), CS=collection set, F=free, A=archive, TS=gc time stamp, AC=allocation context, TAMS=top-at-mark-start (previous, next)
|   0|0x00000006dd800000, 0x00000006dd800000, 0x00000006dd900000|  0%| F|  |TS  0|AC  0|TAMS 0x00000006dd800000, 0x00000006dd800000|
|   1|0x00000006dd900000, 0x00000006dd900000, 0x00000006dda00000|  0%| F|  |TS  0|AC  0|TAMS 0x00000006dd900000, 0x00000006dd900000|
|   2|0x00000006dda00000, 0x00000006dda00000, 0x00000006ddb00000|  0%| F|  |TS  0|AC  0|TAMS 0x00000006dda00000, 0x00000006dda00000|
|   3|0x00000006ddb00000, 0x00000006ddb00000, 0x00000006ddc00000|  0%| F|  |TS  0|AC  0|TAMS 0x00000006ddb00000, 0x00000006ddb00000|
|   4|0x00000006ddc00000, 0x00000006ddc00000, 0x00000006ddd00000|  0%| F|  |TS  0|AC  0|TAMS 0x00000006ddc00000, 0x00000006ddc00000|
|   5|0x00000006ddd00000, 0x00000006ddd00000, 0x00000006dde00000|  0%| F|  |TS  0|AC  0|TAMS 0x00000006ddd00000, 0x00000006ddd00000|
|   6|0x00000006dde00000, 0x00000006dde00000, 0x00000006ddf00000|  0%| F|  |TS  0|AC  0|TAMS 0x00000006dde00000, 0x00000006dde00000|
|   7|0x00000006ddf00000, 0x00000006ddf00000, 0x00000006de000000|  0%| F|  |TS  0|AC  0|TAMS 0x00000006ddf00000, 0x00000006ddf00000|
|   8|0x00000006de000000, 0x00000006de000000, 0x00000006de100000|  0%| F|  |TS  0|AC  0|TAMS 0x00000006de000000, 0x00000006de000000|
|   9|0x00000006de100000, 0x00000006de100000, 0x00000006de200000|  0%| F|  |TS  0|AC  0|TAMS 0x00000006de100000, 0x00000006de100000|
|  10|0x00000006de200000, 0x00000006de200000, 0x00000006de300000|  0%| F|  |TS  0|AC  0|TAMS 0x00000006de200000, 0x00000006de200000|
|  11|0x00000006de300000, 0x00000006de300000, 0x00000006de400000|  0%| F|  |TS  0|AC  0|TAMS 0x00000006de300000, 0x00000006de300000|
|  12|0x00000006de400000, 0x00000006de400000, 0x00000006de500000|  0%| F|  |TS  0|AC  0|TAMS 0x00000006de400000, 0x00000006de400000|
|  13|0x00000006de500000, 0x00000006de500000, 0x00000006de600000|  0%| F|  |TS  0|AC  0|TAMS 0x00000006de500000, 0x00000006de500000|
|  14|0x00000006de600000, 0x00000006de600000, 0x00000006de700000|  0%| F|  |TS  0|AC  0|TAMS 0x00000006de600000, 0x00000006de600000|
|  15|0x00000006de700000, 0x00000006de700000, 0x00000006de800000|  0%| F|  |TS  0|AC  0|TAMS 0x00000006de700000, 0x00000006de700000|
|  16|0x00000006de800000, 0x00000006de800000, 0x00000006de900000|  0%| F|  |TS  0|AC  0|TAMS 0x00000006de800000, 0x00000006de800000|
|  17|0x00000006de900000, 0x00000006de900000, 0x00000006dea00000|  0%| F|  |TS  0|AC  0|TAMS 0x00000006de900000, 0x00000006de900000|
|  18|0x00000006dea00000, 0x00000006dea00000, 0x00000006deb00000|  0%| F|  |TS  0|AC  0|TAMS 0x00000006dea00000, 0x00000006dea00000|
|  19|0x00000006deb00000, 0x00000006deb00000, 0x00000006dec00000|  0%| F|  |TS  0|AC  0|TAMS 0x00000006deb00000, 0x00000006deb00000|
|  20|0x00000006dec00000, 0x00000006dec00000, 0x00000006ded00000|  0%| F|  |TS  0|AC  0|TAMS 0x00000006dec00000, 0x00000006dec00000|
|  21|0x00000006ded00000, 0x00000006ded00000, 0x00000006dee00000|  0%| F|  |TS  0|AC  0|TAMS 0x00000006ded00000, 0x00000006ded00000|
|  22|0x00000006dee00000, 0x00000006dee00000, 0x00000006def00000|  0%| F|  |TS  0|AC  0|TAMS 0x00000006dee00000, 0x00000006dee00000|
|  23|0x00000006def00000, 0x00000006def00000, 0x00000006df000000|  0%| F|  |TS  0|AC  0|TAMS 0x00000006def00000, 0x00000006def00000|
|  24|0x00000006df000000, 0x00000006df000000, 0x00000006df100000|  0%| F|  |TS  0|AC  0|TAMS 0x00000006df000000, 0x00000006df000000|
|  25|0x00000006df100000, 0x00000006df100000, 0x00000006df200000|  0%| F|  |TS  0|AC  0|TAMS 0x00000006df100000, 0x00000006df100000|
|  26|0x00000006df200000, 0x00000006df200000, 0x00000006df300000|  0%| F|  |TS  0|AC  0|TAMS 0x00000006df200000, 0x00000006df200000|
|  27|0x00000006df300000, 0x00000006df300000, 0x00000006df400000|  0%| F|  |TS  0|AC  0|TAMS 0x00000006df300000, 0x00000006df300000|
|  28|0x00000006df400000, 0x00000006df400000, 0x00000006df500000|  0%| F|  |TS  0|AC  0|TAMS 0x00000006df400000, 0x00000006df400000|
|  29|0x00000006df500000, 0x00000006df500000, 0x00000006df600000|  0%| F|  |TS  0|AC  0|TAMS 0x00000006df500000, 0x00000006df500000|
|  30|0x00000006df600000, 0x00000006df600000, 0x00000006df700000|  0%| F|  |TS  0|AC  0|TAMS 0x00000006df600000, 0x00000006df600000|
|  31|0x00000006df700000, 0x00000006df700000, 0x00000006df800000|  0%| F|  |TS  0|AC  0|TAMS 0x00000006df700000, 0x00000006df700000|
|  32|0x00000006df800000, 0x00000006df800000, 0x00000006df900000|  0%| F|  |TS  0|AC  0|TAMS 0x00000006df800000, 0x00000006df800000|
|  33|0x00000006df900000, 0x00000006df900000, 0x00000006dfa00000|  0%| F|  |TS  0|AC  0|TAMS 0x00000006df900000, 0x00000006df900000|
|  34|0x00000006dfa00000, 0x00000006dfa00000, 0x00000006dfb00000|  0%| F|  |TS  0|AC  0|TAMS 0x00000006dfa00000, 0x00000006dfa00000|
|  35|0x00000006dfb00000, 0x00000006dfb00000, 0x00000006dfc00000|  0%| F|  |TS  0|AC  0|TAMS 0x00000006dfb00000, 0x00000006dfb00000|
|  36|0x00000006dfc00000, 0x00000006dfc00000, 0x00000006dfd00000|  0%| F|  |TS  0|AC  0|TAMS 0x00000006dfc00000, 0x00000006dfc00000|
|  37|0x00000006dfd00000, 0x00000006dfd00000, 0x00000006dfe00000|  0%| F|  |TS  0|AC  0|TAMS 0x00000006dfd00000, 0x00000006dfd00000|
|  38|0x00000006dfe00000, 0x00000006dfe00000, 0x00000006dff00000|  0%| F|  |TS  0|AC  0|TAMS 0x00000006dfe00000, 0x00000006dfe00000|
|  39|0x00000006dff00000, 0x00000006dff00000, 0x00000006e0000000|  0%| F|  |TS  0|AC  0|TAMS 0x00000006dff00000, 0x00000006dff00000|
|  40|0x00000006e0000000, 0x00000006e0000000, 0x00000006e0100000|  0%| F|  |TS  0|AC  0|TAMS 0x00000006e0000000, 0x00000006e0000000|
|  41|0x00000006e0100000, 0x00000006e0100000, 0x00000006e0200000|  0%| F|  |TS  0|AC  0|TAMS 0x00000006e0100000, 0x00000006e0100000|
|  42|0x00000006e0200000, 0x00000006e0200000, 0x00000006e0300000|  0%| F|  |TS  0|AC  0|TAMS 0x00000006e0200000, 0x00000006e0200000|
|  43|0x00000006e0300000, 0x00000006e0300000, 0x00000006e0400000|  0%| F|  |TS  0|AC  0|TAMS 0x00000006e0300000, 0x00000006e0300000|
|  44|0x00000006e0400000, 0x00000006e0400000, 0x00000006e0500000|  0%| F|  |TS  0|AC  0|TAMS 0x00000006e0400000, 0x00000006e0400000|
|  45|0x00000006e0500000, 0x00000006e0500000, 0x00000006e0600000|  0%| F|  |TS  0|AC  0|TAMS 0x00000006e0500000, 0x00000006e0500000|
|  46|0x00000006e0600000, 0x00000006e0600000, 0x00000006e0700000|  0%| F|  |TS  0|AC  0|TAMS 0x00000006e0600000, 0x00000006e0600000|
|  47|0x00000006e0700000, 0x00000006e0700000, 0x00000006e0800000|  0%| F|  |TS  0|AC  0|TAMS 0x00000006e0700000, 0x00000006e0700000|
|  48|0x00000006e0800000, 0x00000006e0800000, 0x00000006e0900000|  0%| F|  |TS  0|AC  0|TAMS 0x00000006e0800000, 0x00000006e0800000|
|  49|0x00000006e0900000, 0x00000006e0900000, 0x00000006e0a00000|  0%| F|  |TS  0|AC  0|TAMS 0x00000006e0900000, 0x00000006e0900000|
|  50|0x00000006e0a00000, 0x00000006e0a00000, 0x00000006e0b00000|  0%| F|  |TS  0|AC  0|TAMS 0x00000006e0a00000, 0x00000006e0a00000|
|  51|0x00000006e0b00000, 0x00000006e0b00000, 0x00000006e0c00000|  0%| F|  |TS  0|AC  0|TAMS 0x00000006e0b00000, 0x00000006e0b00000|
|  52|0x00000006e0c00000, 0x00000006e0c00000, 0x00000006e0d00000|  0%| F|  |TS  0|AC  0|TAMS 0x00000006e0c00000, 0x00000006e0c00000|
|  53|0x00000006e0d00000, 0x00000006e0d00000, 0x00000006e0e00000|  0%| F|  |TS  0|AC  0|TAMS 0x00000006e0d00000, 0x00000006e0d00000|
|  54|0x00000006e0e00000, 0x00000006e0e00000, 0x00000006e0f00000|  0%| F|  |TS  0|AC  0|TAMS 0x00000006e0e00000, 0x00000006e0e00000|
|  55|0x00000006e0f00000, 0x00000006e0f00000, 0x00000006e1000000|  0%| F|  |TS  0|AC  0|TAMS 0x00000006e0f00000, 0x00000006e0f00000|
|  56|0x00000006e1000000, 0x00000006e1000000, 0x00000006e1100000|  0%| F|  |TS  0|AC  0|TAMS 0x00000006e1000000, 0x00000006e1000000|
|  57|0x00000006e1100000, 0x00000006e1100000, 0x00000006e1200000|  0%| F|  |TS  0|AC  0|TAMS 0x00000006e1100000, 0x00000006e1100000|
|  58|0x00000006e1200000, 0x00000006e1200000, 0x00000006e1300000|  0%| F|  |TS  0|AC  0|TAMS 0x00000006e1200000, 0x00000006e1200000|
|  59|0x00000006e1300000, 0x00000006e1300000, 0x00000006e1400000|  0%| F|  |TS  0|AC  0|TAMS 0x00000006e1300000, 0x00000006e1300000|
|  60|0x00000006e1400000, 0x00000006e1400000, 0x00000006e1500000|  0%| F|  |TS  0|AC  0|TAMS 0x00000006e1400000, 0x00000006e1400000|
|  61|0x00000006e1500000, 0x00000006e1500000, 0x00000006e1600000|  0%| F|  |TS  0|AC  0|TAMS 0x00000006e1500000, 0x00000006e1500000|
|  62|0x00000006e1600000, 0x00000006e1600000, 0x00000006e1700000|  0%| F|  |TS  0|AC  0|TAMS 0x00000006e1600000, 0x00000006e1600000|
|  63|0x00000006e1700000, 0x00000006e1700000, 0x00000006e1800000|  0%| F|  |TS  0|AC  0|TAMS 0x00000006e1700000, 0x00000006e1700000|
|  64|0x00000006e1800000, 0x00000006e1800000, 0x00000006e1900000|  0%| F|  |TS  0|AC  0|TAMS 0x00000006e1800000, 0x00000006e1800000|
|  65|0x00000006e1900000, 0x00000006e1900000, 0x00000006e1a00000|  0%| F|  |TS  0|AC  0|TAMS 0x00000006e1900000, 0x00000006e1900000|
|  66|0x00000006e1a00000, 0x00000006e1a00000, 0x00000006e1b00000|  0%| F|  |TS  0|AC  0|TAMS 0x00000006e1a00000, 0x00000006e1a00000|
|  67|0x00000006e1b00000, 0x00000006e1b00000, 0x00000006e1c00000|  0%| F|  |TS  0|AC  0|TAMS 0x00000006e1b00000, 0x00000006e1b00000|
|  68|0x00000006e1c00000, 0x00000006e1c00000, 0x00000006e1d00000|  0%| F|  |TS  0|AC  0|TAMS 0x00000006e1c00000, 0x00000006e1c00000|
|  69|0x00000006e1d00000, 0x00000006e1d00000, 0x00000006e1e00000|  0%| F|  |TS  0|AC  0|TAMS 0x00000006e1d00000, 0x00000006e1d00000|
|  70|0x00000006e1e00000, 0x00000006e1e00000, 0x00000006e1f00000|  0%| F|  |TS  0|AC  0|TAMS 0x00000006e1e00000, 0x00000006e1e00000|
|  71|0x00000006e1f00000, 0x00000006e1f00000, 0x00000006e2000000|  0%| F|  |TS  0|AC  0|TAMS 0x00000006e1f00000, 0x00000006e1f00000|
|  72|0x00000006e2000000, 0x00000006e2000000, 0x00000006e2100000|  0%| F|  |TS  0|AC  0|TAMS 0x00000006e2000000, 0x00000006e2000000|
|  73|0x00000006e2100000, 0x00000006e2100000, 0x00000006e2200000|  0%| F|  |TS  0|AC  0|TAMS 0x00000006e2100000, 0x00000006e2100000|
|  74|0x00000006e2200000, 0x00000006e2200000, 0x00000006e2300000|  0%| F|  |TS  0|AC  0|TAMS 0x00000006e2200000, 0x00000006e2200000|
|  75|0x00000006e2300000, 0x00000006e2300000, 0x00000006e2400000|  0%| F|  |TS  0|AC  0|TAMS 0x00000006e2300000, 0x00000006e2300000|
|  76|0x00000006e2400000, 0x00000006e2400000, 0x00000006e2500000|  0%| F|  |TS  0|AC  0|TAMS 0x00000006e2400000, 0x00000006e2400000|
|  77|0x00000006e2500000, 0x00000006e2500000, 0x00000006e2600000|  0%| F|  |TS  0|AC  0|TAMS 0x00000006e2500000, 0x00000006e2500000|
|  78|0x00000006e2600000, 0x00000006e2600000, 0x00000006e2700000|  0%| F|  |TS  0|AC  0|TAMS 0x00000006e2600000, 0x00000006e2600000|
|  79|0x00000006e2700000, 0x00000006e2700000, 0x00000006e2800000|  0%| F|  |TS  0|AC  0|TAMS 0x00000006e2700000, 0x00000006e2700000|
|  80|0x00000006e2800000, 0x00000006e2800000, 0x00000006e2900000|  0%| F|  |TS  0|AC  0|TAMS 0x00000006e2800000, 0x00000006e2800000|
|  81|0x00000006e2900000, 0x00000006e2900000, 0x00000006e2a00000|  0%| F|  |TS  0|AC  0|TAMS 0x00000006e2900000, 0x00000006e2900000|
|  82|0x00000006e2a00000, 0x00000006e2a00000, 0x00000006e2b00000|  0%| F|  |TS  0|AC  0|TAMS 0x00000006e2a00000, 0x00000006e2a00000|
|  83|0x00000006e2b00000, 0x00000006e2b00000, 0x00000006e2c00000|  0%| F|  |TS  0|AC  0|TAMS 0x00000006e2b00000, 0x00000006e2b00000|
|  84|0x00000006e2c00000, 0x00000006e2c00000, 0x00000006e2d00000|  0%| F|  |TS  0|AC  0|TAMS 0x00000006e2c00000, 0x00000006e2c00000|
|  85|0x00000006e2d00000, 0x00000006e2d00000, 0x00000006e2e00000|  0%| F|  |TS  0|AC  0|TAMS 0x00000006e2d00000, 0x00000006e2d00000|
|  86|0x00000006e2e00000, 0x00000006e2e00000, 0x00000006e2f00000|  0%| F|  |TS  0|AC  0|TAMS 0x00000006e2e00000, 0x00000006e2e00000|
|  87|0x00000006e2f00000, 0x00000006e2f00000, 0x00000006e3000000|  0%| F|  |TS  0|AC  0|TAMS 0x00000006e2f00000, 0x00000006e2f00000|
|  88|0x00000006e3000000, 0x00000006e3000000, 0x00000006e3100000|  0%| F|  |TS  0|AC  0|TAMS 0x00000006e3000000, 0x00000006e3000000|
|  89|0x00000006e3100000, 0x00000006e3100000, 0x00000006e3200000|  0%| F|  |TS  0|AC  0|TAMS 0x00000006e3100000, 0x00000006e3100000|
|  90|0x00000006e3200000, 0x00000006e3200000, 0x00000006e3300000|  0%| F|  |TS  0|AC  0|TAMS 0x00000006e3200000, 0x00000006e3200000|
|  91|0x00000006e3300000, 0x00000006e3300000, 0x00000006e3400000|  0%| F|  |TS  0|AC  0|TAMS 0x00000006e3300000, 0x00000006e3300000|
|  92|0x00000006e3400000, 0x00000006e3400000, 0x00000006e3500000|  0%| F|  |TS  0|AC  0|TAMS 0x00000006e3400000, 0x00000006e3400000|
|  93|0x00000006e3500000, 0x00000006e3500000, 0x00000006e3600000|  0%| F|  |TS  0|AC  0|TAMS 0x00000006e3500000, 0x00000006e3500000|
|  94|0x00000006e3600000, 0x00000006e3600000, 0x00000006e3700000|  0%| F|  |TS  0|AC  0|TAMS 0x00000006e3600000, 0x00000006e3600000|
|  95|0x00000006e3700000, 0x00000006e3700000, 0x00000006e3800000|  0%| F|  |TS  0|AC  0|TAMS 0x00000006e3700000, 0x00000006e3700000|
|  96|0x00000006e3800000, 0x00000006e3800000, 0x00000006e3900000|  0%| F|  |TS  0|AC  0|TAMS 0x00000006e3800000, 0x00000006e3800000|
|  97|0x00000006e3900000, 0x00000006e3900000, 0x00000006e3a00000|  0%| F|  |TS  0|AC  0|TAMS 0x00000006e3900000, 0x00000006e3900000|
|  98|0x00000006e3a00000, 0x00000006e3a00000, 0x00000006e3b00000|  0%| F|  |TS  0|AC  0|TAMS 0x00000006e3a00000, 0x00000006e3a00000|
|  99|0x00000006e3b00000, 0x00000006e3b00000, 0x00000006e3c00000|  0%| F|  |TS  0|AC  0|TAMS 0x00000006e3b00000, 0x00000006e3b00000|
| 100|0x00000006e3c00000, 0x00000006e3c00000, 0x00000006e3d00000|  0%| F|  |TS  0|AC  0|TAMS 0x00000006e3c00000, 0x00000006e3c00000|
| 101|0x00000006e3d00000, 0x00000006e3d00000, 0x00000006e3e00000|  0%| F|  |TS  0|AC  0|TAMS 0x00000006e3d00000, 0x00000006e3d00000|
| 102|0x00000006e3e00000, 0x00000006e3e00000, 0x00000006e3f00000|  0%| F|  |TS  0|AC  0|TAMS 0x00000006e3e00000, 0x00000006e3e00000|
| 103|0x00000006e3f00000, 0x00000006e3f00000, 0x00000006e4000000|  0%| F|  |TS  0|AC  0|TAMS 0x00000006e3f00000, 0x00000006e3f00000|
| 104|0x00000006e4000000, 0x00000006e4000000, 0x00000006e4100000|  0%| F|  |TS  0|AC  0|TAMS 0x00000006e4000000, 0x00000006e4000000|
| 105|0x00000006e4100000, 0x00000006e4100000, 0x00000006e4200000|  0%| F|  |TS  0|AC  0|TAMS 0x00000006e4100000, 0x00000006e4100000|
| 106|0x00000006e4200000, 0x00000006e4200000, 0x00000006e4300000|  0%| F|  |TS  0|AC  0|TAMS 0x00000006e4200000, 0x00000006e4200000|
| 107|0x00000006e4300000, 0x00000006e4300000, 0x00000006e4400000|  0%| F|  |TS  0|AC  0|TAMS 0x00000006e4300000, 0x00000006e4300000|
| 108|0x00000006e4400000, 0x00000006e4400000, 0x00000006e4500000|  0%| F|  |TS  0|AC  0|TAMS 0x00000006e4400000, 0x00000006e4400000|
| 109|0x00000006e4500000, 0x00000006e4500000, 0x00000006e4600000|  0%| F|  |TS  0|AC  0|TAMS 0x00000006e4500000, 0x00000006e4500000|
| 110|0x00000006e4600000, 0x00000006e4600000, 0x00000006e4700000|  0%| F|  |TS  0|AC  0|TAMS 0x00000006e4600000, 0x00000006e4600000|
| 111|0x00000006e4700000, 0x00000006e4700000, 0x00000006e4800000|  0%| F|  |TS  0|AC  0|TAMS 0x00000006e4700000, 0x00000006e4700000|
| 112|0x00000006e4800000, 0x00000006e4800000, 0x00000006e4900000|  0%| F|  |TS  0|AC  0|TAMS 0x00000006e4800000, 0x00000006e4800000|
| 113|0x00000006e4900000, 0x00000006e4900000, 0x00000006e4a00000|  0%| F|  |TS  0|AC  0|TAMS 0x00000006e4900000, 0x00000006e4900000|
| 114|0x00000006e4a00000, 0x00000006e4a00000, 0x00000006e4b00000|  0%| F|  |TS  0|AC  0|TAMS 0x00000006e4a00000, 0x00000006e4a00000|
| 115|0x00000006e4b00000, 0x00000006e4b00000, 0x00000006e4c00000|  0%| F|  |TS  0|AC  0|TAMS 0x00000006e4b00000, 0x00000006e4b00000|
| 116|0x00000006e4c00000, 0x00000006e4c00000, 0x00000006e4d00000|  0%| F|  |TS  0|AC  0|TAMS 0x00000006e4c00000, 0x00000006e4c00000|
| 117|0x00000006e4d00000, 0x00000006e4d00000, 0x00000006e4e00000|  0%| F|  |TS  0|AC  0|TAMS 0x00000006e4d00000, 0x00000006e4d00000|
| 118|0x00000006e4e00000, 0x00000006e4e00000, 0x00000006e4f00000|  0%| F|  |TS  0|AC  0|TAMS 0x00000006e4e00000, 0x00000006e4e00000|
| 119|0x00000006e4f00000, 0x00000006e4f00000, 0x00000006e5000000|  0%| F|  |TS  0|AC  0|TAMS 0x00000006e4f00000, 0x00000006e4f00000|
| 120|0x00000006e5000000, 0x00000006e5000000, 0x00000006e5100000|  0%| F|  |TS  0|AC  0|TAMS 0x00000006e5000000, 0x00000006e5000000|
| 121|0x00000006e5100000, 0x00000006e5100000, 0x00000006e5200000|  0%| F|  |TS  0|AC  0|TAMS 0x00000006e5100000, 0x00000006e5100000|
| 122|0x00000006e5200000, 0x00000006e5200000, 0x00000006e5300000|  0%| F|  |TS  0|AC  0|TAMS 0x00000006e5200000, 0x00000006e5200000|
| 123|0x00000006e5300000, 0x00000006e5300000, 0x00000006e5400000|  0%| F|  |TS  0|AC  0|TAMS 0x00000006e5300000, 0x00000006e5300000|
| 124|0x00000006e5400000, 0x00000006e5400000, 0x00000006e5500000|  0%| F|  |TS  0|AC  0|TAMS 0x00000006e5400000, 0x00000006e5400000|
| 125|0x00000006e5500000, 0x00000006e5500000, 0x00000006e5600000|  0%| F|  |TS  0|AC  0|TAMS 0x00000006e5500000, 0x00000006e5500000|
| 126|0x00000006e5600000, 0x00000006e5600000, 0x00000006e5700000|  0%| F|  |TS  0|AC  0|TAMS 0x00000006e5600000, 0x00000006e5600000|
| 127|0x00000006e5700000, 0x00000006e5700000, 0x00000006e5800000|  0%| F|  |TS  0|AC  0|TAMS 0x00000006e5700000, 0x00000006e5700000|
| 128|0x00000006e5800000, 0x00000006e5800000, 0x00000006e5900000|  0%| F|  |TS  0|AC  0|TAMS 0x00000006e5800000, 0x00000006e5800000|
| 129|0x00000006e5900000, 0x00000006e5900000, 0x00000006e5a00000|  0%| F|  |TS  0|AC  0|TAMS 0x00000006e5900000, 0x00000006e5900000|
| 130|0x00000006e5a00000, 0x00000006e5a00000, 0x00000006e5b00000|  0%| F|  |TS  0|AC  0|TAMS 0x00000006e5a00000, 0x00000006e5a00000|
| 131|0x00000006e5b00000, 0x00000006e5b00000, 0x00000006e5c00000|  0%| F|  |TS  0|AC  0|TAMS 0x00000006e5b00000, 0x00000006e5b00000|
| 132|0x00000006e5c00000, 0x00000006e5c00000, 0x00000006e5d00000|  0%| F|  |TS  0|AC  0|TAMS 0x00000006e5c00000, 0x00000006e5c00000|
| 133|0x00000006e5d00000, 0x00000006e5d00000, 0x00000006e5e00000|  0%| F|  |TS  0|AC  0|TAMS 0x00000006e5d00000, 0x00000006e5d00000|
| 134|0x00000006e5e00000, 0x00000006e5e00000, 0x00000006e5f00000|  0%| F|  |TS  0|AC  0|TAMS 0x00000006e5e00000, 0x00000006e5e00000|
| 135|0x00000006e5f00000, 0x00000006e5f00000, 0x00000006e6000000|  0%| F|  |TS  0|AC  0|TAMS 0x00000006e5f00000, 0x00000006e5f00000|
| 136|0x00000006e6000000, 0x00000006e6000000, 0x00000006e6100000|  0%| F|  |TS  0|AC  0|TAMS 0x00000006e6000000, 0x00000006e6000000|
| 137|0x00000006e6100000, 0x00000006e6100000, 0x00000006e6200000|  0%| F|  |TS  0|AC  0|TAMS 0x00000006e6100000, 0x00000006e6100000|
| 138|0x00000006e6200000, 0x00000006e6200000, 0x00000006e6300000|  0%| F|  |TS  0|AC  0|TAMS 0x00000006e6200000, 0x00000006e6200000|
| 139|0x00000006e6300000, 0x00000006e6300000, 0x00000006e6400000|  0%| F|  |TS  0|AC  0|TAMS 0x00000006e6300000, 0x00000006e6300000|
| 140|0x00000006e6400000, 0x00000006e6400000, 0x00000006e6500000|  0%| F|  |TS  0|AC  0|TAMS 0x00000006e6400000, 0x00000006e6400000|
| 141|0x00000006e6500000, 0x00000006e6500000, 0x00000006e6600000|  0%| F|  |TS  0|AC  0|TAMS 0x00000006e6500000, 0x00000006e6500000|
| 142|0x00000006e6600000, 0x00000006e6600000, 0x00000006e6700000|  0%| F|  |TS  0|AC  0|TAMS 0x00000006e6600000, 0x00000006e6600000|
| 143|0x00000006e6700000, 0x00000006e6700000, 0x00000006e6800000|  0%| F|  |TS  0|AC  0|TAMS 0x00000006e6700000, 0x00000006e6700000|
| 144|0x00000006e6800000, 0x00000006e6800000, 0x00000006e6900000|  0%| F|  |TS  0|AC  0|TAMS 0x00000006e6800000, 0x00000006e6800000|
| 145|0x00000006e6900000, 0x00000006e6900000, 0x00000006e6a00000|  0%| F|  |TS  0|AC  0|TAMS 0x00000006e6900000, 0x00000006e6900000|
| 146|0x00000006e6a00000, 0x00000006e6a00000, 0x00000006e6b00000|  0%| F|  |TS  0|AC  0|TAMS 0x00000006e6a00000, 0x00000006e6a00000|
| 147|0x00000006e6b00000, 0x00000006e6b00000, 0x00000006e6c00000|  0%| F|  |TS  0|AC  0|TAMS 0x00000006e6b00000, 0x00000006e6b00000|
| 148|0x00000006e6c00000, 0x00000006e6c00000, 0x00000006e6d00000|  0%| F|  |TS  0|AC  0|TAMS 0x00000006e6c00000, 0x00000006e6c00000|
| 149|0x00000006e6d00000, 0x00000006e6d00000, 0x00000006e6e00000|  0%| F|  |TS  0|AC  0|TAMS 0x00000006e6d00000, 0x00000006e6d00000|
| 150|0x00000006e6e00000, 0x00000006e6e00000, 0x00000006e6f00000|  0%| F|  |TS  0|AC  0|TAMS 0x00000006e6e00000, 0x00000006e6e00000|
| 151|0x00000006e6f00000, 0x00000006e6f00000, 0x00000006e7000000|  0%| F|  |TS  0|AC  0|TAMS 0x00000006e6f00000, 0x00000006e6f00000|
| 152|0x00000006e7000000, 0x00000006e7000000, 0x00000006e7100000|  0%| F|  |TS  0|AC  0|TAMS 0x00000006e7000000, 0x00000006e7000000|
| 153|0x00000006e7100000, 0x00000006e7100000, 0x00000006e7200000|  0%| F|  |TS  0|AC  0|TAMS 0x00000006e7100000, 0x00000006e7100000|
| 154|0x00000006e7200000, 0x00000006e7200000, 0x00000006e7300000|  0%| F|  |TS  0|AC  0|TAMS 0x00000006e7200000, 0x00000006e7200000|
| 155|0x00000006e7300000, 0x00000006e7300000, 0x00000006e7400000|  0%| F|  |TS  0|AC  0|TAMS 0x00000006e7300000, 0x00000006e7300000|
| 156|0x00000006e7400000, 0x00000006e7400000, 0x00000006e7500000|  0%| F|  |TS  0|AC  0|TAMS 0x00000006e7400000, 0x00000006e7400000|
| 157|0x00000006e7500000, 0x00000006e7500000, 0x00000006e7600000|  0%| F|  |TS  0|AC  0|TAMS 0x00000006e7500000, 0x00000006e7500000|
| 158|0x00000006e7600000, 0x00000006e7600000, 0x00000006e7700000|  0%| F|  |TS  0|AC  0|TAMS 0x00000006e7600000, 0x00000006e7600000|
| 159|0x00000006e7700000, 0x00000006e7700000, 0x00000006e7800000|  0%| F|  |TS  0|AC  0|TAMS 0x00000006e7700000, 0x00000006e7700000|
| 160|0x00000006e7800000, 0x00000006e7800000, 0x00000006e7900000|  0%| F|  |TS  0|AC  0|TAMS 0x00000006e7800000, 0x00000006e7800000|
| 161|0x00000006e7900000, 0x00000006e7900000, 0x00000006e7a00000|  0%| F|  |TS  0|AC  0|TAMS 0x00000006e7900000, 0x00000006e7900000|
| 162|0x00000006e7a00000, 0x00000006e7a00000, 0x00000006e7b00000|  0%| F|  |TS  0|AC  0|TAMS 0x00000006e7a00000, 0x00000006e7a00000|
| 163|0x00000006e7b00000, 0x00000006e7b00000, 0x00000006e7c00000|  0%| F|  |TS  0|AC  0|TAMS 0x00000006e7b00000, 0x00000006e7b00000|
| 164|0x00000006e7c00000, 0x00000006e7c00000, 0x00000006e7d00000|  0%| F|  |TS  0|AC  0|TAMS 0x00000006e7c00000, 0x00000006e7c00000|
| 165|0x00000006e7d00000, 0x00000006e7d00000, 0x00000006e7e00000|  0%| F|  |TS  0|AC  0|TAMS 0x00000006e7d00000, 0x00000006e7d00000|
| 166|0x00000006e7e00000, 0x00000006e7e00000, 0x00000006e7f00000|  0%| F|  |TS  0|AC  0|TAMS 0x00000006e7e00000, 0x00000006e7e00000|
| 167|0x00000006e7f00000, 0x00000006e7f00000, 0x00000006e8000000|  0%| F|  |TS  0|AC  0|TAMS 0x00000006e7f00000, 0x00000006e7f00000|
| 168|0x00000006e8000000, 0x00000006e8000000, 0x00000006e8100000|  0%| F|  |TS  0|AC  0|TAMS 0x00000006e8000000, 0x00000006e8000000|
| 169|0x00000006e8100000, 0x00000006e8100000, 0x00000006e8200000|  0%| F|  |TS  0|AC  0|TAMS 0x00000006e8100000, 0x00000006e8100000|
| 170|0x00000006e8200000, 0x00000006e8200000, 0x00000006e8300000|  0%| F|  |TS  0|AC  0|TAMS 0x00000006e8200000, 0x00000006e8200000|
| 171|0x00000006e8300000, 0x00000006e8300000, 0x00000006e8400000|  0%| F|  |TS  0|AC  0|TAMS 0x00000006e8300000, 0x00000006e8300000|
| 172|0x00000006e8400000, 0x00000006e8400000, 0x00000006e8500000|  0%| F|  |TS  0|AC  0|TAMS 0x00000006e8400000, 0x00000006e8400000|
| 173|0x00000006e8500000, 0x00000006e8500000, 0x00000006e8600000|  0%| F|  |TS  0|AC  0|TAMS 0x00000006e8500000, 0x00000006e8500000|
| 174|0x00000006e8600000, 0x00000006e8600000, 0x00000006e8700000|  0%| F|  |TS  0|AC  0|TAMS 0x00000006e8600000, 0x00000006e8600000|
| 175|0x00000006e8700000, 0x00000006e8700000, 0x00000006e8800000|  0%| F|  |TS  0|AC  0|TAMS 0x00000006e8700000, 0x00000006e8700000|
| 176|0x00000006e8800000, 0x00000006e8800000, 0x00000006e8900000|  0%| F|  |TS  0|AC  0|TAMS 0x00000006e8800000, 0x00000006e8800000|
| 177|0x00000006e8900000, 0x00000006e8900000, 0x00000006e8a00000|  0%| F|  |TS  0|AC  0|TAMS 0x00000006e8900000, 0x00000006e8900000|
| 178|0x00000006e8a00000, 0x00000006e8a00000, 0x00000006e8b00000|  0%| F|  |TS  0|AC  0|TAMS 0x00000006e8a00000, 0x00000006e8a00000|
| 179|0x00000006e8b00000, 0x00000006e8b00000, 0x00000006e8c00000|  0%| F|  |TS  0|AC  0|TAMS 0x00000006e8b00000, 0x00000006e8b00000|
| 180|0x00000006e8c00000, 0x00000006e8c00000, 0x00000006e8d00000|  0%| F|  |TS  0|AC  0|TAMS 0x00000006e8c00000, 0x00000006e8c00000|
| 181|0x00000006e8d00000, 0x00000006e8d00000, 0x00000006e8e00000|  0%| F|  |TS  0|AC  0|TAMS 0x00000006e8d00000, 0x00000006e8d00000|
| 182|0x00000006e8e00000, 0x00000006e8e00000, 0x00000006e8f00000|  0%| F|  |TS  0|AC  0|TAMS 0x00000006e8e00000, 0x00000006e8e00000|
| 183|0x00000006e8f00000, 0x00000006e8f00000, 0x00000006e9000000|  0%| F|  |TS  0|AC  0|TAMS 0x00000006e8f00000, 0x00000006e8f00000|
| 184|0x00000006e9000000, 0x00000006e9000000, 0x00000006e9100000|  0%| F|  |TS  0|AC  0|TAMS 0x00000006e9000000, 0x00000006e9000000|
| 185|0x00000006e9100000, 0x00000006e9100000, 0x00000006e9200000|  0%| F|  |TS  0|AC  0|TAMS 0x00000006e9100000, 0x00000006e9100000|
| 186|0x00000006e9200000, 0x00000006e9200000, 0x00000006e9300000|  0%| F|  |TS  0|AC  0|TAMS 0x00000006e9200000, 0x00000006e9200000|
| 187|0x00000006e9300000, 0x00000006e9300000, 0x00000006e9400000|  0%| F|  |TS  0|AC  0|TAMS 0x00000006e9300000, 0x00000006e9300000|
| 188|0x00000006e9400000, 0x00000006e9400000, 0x00000006e9500000|  0%| F|  |TS  0|AC  0|TAMS 0x00000006e9400000, 0x00000006e9400000|
| 189|0x00000006e9500000, 0x00000006e9500000, 0x00000006e9600000|  0%| F|  |TS  0|AC  0|TAMS 0x00000006e9500000, 0x00000006e9500000|
| 190|0x00000006e9600000, 0x00000006e9600000, 0x00000006e9700000|  0%| F|  |TS  0|AC  0|TAMS 0x00000006e9600000, 0x00000006e9600000|
| 191|0x00000006e9700000, 0x00000006e9700000, 0x00000006e9800000|  0%| F|  |TS  0|AC  0|TAMS 0x00000006e9700000, 0x00000006e9700000|
| 192|0x00000006e9800000, 0x00000006e9800000, 0x00000006e9900000|  0%| F|  |TS  0|AC  0|TAMS 0x00000006e9800000, 0x00000006e9800000|
| 193|0x00000006e9900000, 0x00000006e9900000, 0x00000006e9a00000|  0%| F|  |TS  0|AC  0|TAMS 0x00000006e9900000, 0x00000006e9900000|
| 194|0x00000006e9a00000, 0x00000006e9a00000, 0x00000006e9b00000|  0%| F|  |TS  0|AC  0|TAMS 0x00000006e9a00000, 0x00000006e9a00000|
| 195|0x00000006e9b00000, 0x00000006e9b00000, 0x00000006e9c00000|  0%| F|  |TS  0|AC  0|TAMS 0x00000006e9b00000, 0x00000006e9b00000|
| 196|0x00000006e9c00000, 0x00000006e9c00000, 0x00000006e9d00000|  0%| F|  |TS  0|AC  0|TAMS 0x00000006e9c00000, 0x00000006e9c00000|
| 197|0x00000006e9d00000, 0x00000006e9d00000, 0x00000006e9e00000|  0%| F|  |TS  0|AC  0|TAMS 0x00000006e9d00000, 0x00000006e9d00000|
| 198|0x00000006e9e00000, 0x00000006e9e00000, 0x00000006e9f00000|  0%| F|  |TS  0|AC  0|TAMS 0x00000006e9e00000, 0x00000006e9e00000|
| 199|0x00000006e9f00000, 0x00000006e9f00000, 0x00000006ea000000|  0%| F|  |TS  0|AC  0|TAMS 0x00000006e9f00000, 0x00000006e9f00000|
| 200|0x00000006ea000000, 0x00000006ea000000, 0x00000006ea100000|  0%| F|  |TS  0|AC  0|TAMS 0x00000006ea000000, 0x00000006ea000000|
| 201|0x00000006ea100000, 0x00000006ea100000, 0x00000006ea200000|  0%| F|  |TS  0|AC  0|TAMS 0x00000006ea100000, 0x00000006ea100000|
| 202|0x00000006ea200000, 0x00000006ea200000, 0x00000006ea300000|  0%| F|  |TS  0|AC  0|TAMS 0x00000006ea200000, 0x00000006ea200000|
| 203|0x00000006ea300000, 0x00000006ea300000, 0x00000006ea400000|  0%| F|  |TS  0|AC  0|TAMS 0x00000006ea300000, 0x00000006ea300000|
| 204|0x00000006ea400000, 0x00000006ea400000, 0x00000006ea500000|  0%| F|  |TS  0|AC  0|TAMS 0x00000006ea400000, 0x00000006ea400000|
| 205|0x00000006ea500000, 0x00000006ea500000, 0x00000006ea600000|  0%| F|  |TS  0|AC  0|TAMS 0x00000006ea500000, 0x00000006ea500000|
| 206|0x00000006ea600000, 0x00000006ea600000, 0x00000006ea700000|  0%| F|  |TS  0|AC  0|TAMS 0x00000006ea600000, 0x00000006ea600000|
| 207|0x00000006ea700000, 0x00000006ea700000, 0x00000006ea800000|  0%| F|  |TS  0|AC  0|TAMS 0x00000006ea700000, 0x00000006ea700000|
| 208|0x00000006ea800000, 0x00000006ea800000, 0x00000006ea900000|  0%| F|  |TS  0|AC  0|TAMS 0x00000006ea800000, 0x00000006ea800000|
| 209|0x00000006ea900000, 0x00000006ea900000, 0x00000006eaa00000|  0%| F|  |TS  0|AC  0|TAMS 0x00000006ea900000, 0x00000006ea900000|
| 210|0x00000006eaa00000, 0x00000006eaa00000, 0x00000006eab00000|  0%| F|  |TS  0|AC  0|TAMS 0x00000006eaa00000, 0x00000006eaa00000|
| 211|0x00000006eab00000, 0x00000006eab00000, 0x00000006eac00000|  0%| F|  |TS  0|AC  0|TAMS 0x00000006eab00000, 0x00000006eab00000|
| 212|0x00000006eac00000, 0x00000006eac00000, 0x00000006ead00000|  0%| F|  |TS  0|AC  0|TAMS 0x00000006eac00000, 0x00000006eac00000|
| 213|0x00000006ead00000, 0x00000006ead00000, 0x00000006eae00000|  0%| F|  |TS  0|AC  0|TAMS 0x00000006ead00000, 0x00000006ead00000|
| 214|0x00000006eae00000, 0x00000006eae00000, 0x00000006eaf00000|  0%| F|  |TS  0|AC  0|TAMS 0x00000006eae00000, 0x00000006eae00000|
| 215|0x00000006eaf00000, 0x00000006eaf00000, 0x00000006eb000000|  0%| F|  |TS  0|AC  0|TAMS 0x00000006eaf00000, 0x00000006eaf00000|
| 216|0x00000006eb000000, 0x00000006eb000000, 0x00000006eb100000|  0%| F|  |TS  0|AC  0|TAMS 0x00000006eb000000, 0x00000006eb000000|
| 217|0x00000006eb100000, 0x00000006eb100000, 0x00000006eb200000|  0%| F|  |TS  0|AC  0|TAMS 0x00000006eb100000, 0x00000006eb100000|
| 218|0x00000006eb200000, 0x00000006eb200000, 0x00000006eb300000|  0%| F|  |TS  0|AC  0|TAMS 0x00000006eb200000, 0x00000006eb200000|
| 219|0x00000006eb300000, 0x00000006eb300000, 0x00000006eb400000|  0%| F|  |TS  0|AC  0|TAMS 0x00000006eb300000, 0x00000006eb300000|
| 220|0x00000006eb400000, 0x00000006eb400000, 0x00000006eb500000|  0%| F|  |TS  0|AC  0|TAMS 0x00000006eb400000, 0x00000006eb400000|
| 221|0x00000006eb500000, 0x00000006eb500000, 0x00000006eb600000|  0%| F|  |TS  0|AC  0|TAMS 0x00000006eb500000, 0x00000006eb500000|
| 222|0x00000006eb600000, 0x00000006eb600000, 0x00000006eb700000|  0%| F|  |TS  0|AC  0|TAMS 0x00000006eb600000, 0x00000006eb600000|
| 223|0x00000006eb700000, 0x00000006eb700000, 0x00000006eb800000|  0%| F|  |TS  0|AC  0|TAMS 0x00000006eb700000, 0x00000006eb700000|
| 224|0x00000006eb800000, 0x00000006eb800000, 0x00000006eb900000|  0%| F|  |TS  0|AC  0|TAMS 0x00000006eb800000, 0x00000006eb800000|
| 225|0x00000006eb900000, 0x00000006eb900000, 0x00000006eba00000|  0%| F|  |TS  0|AC  0|TAMS 0x00000006eb900000, 0x00000006eb900000|
| 226|0x00000006eba00000, 0x00000006eba48300, 0x00000006ebb00000| 28%| E|  |TS  0|AC  0|TAMS 0x00000006eba00000, 0x00000006eba00000|
| 227|0x00000006ebb00000, 0x00000006ebc00000, 0x00000006ebc00000|100%| E|CS|TS  0|AC  0|TAMS 0x00000006ebb00000, 0x00000006ebb00000|

Card table byte_map: [0x000001957c830000,0x000001957cf50000] byte_map_base: 0x0000019579144000

Marking Bits (Prev, Next): (CMBitMap*) 0x000001957d6e9530, (CMBitMap*) 0x000001957d6e9568
 Prev Bits: [0x000001950f000000, 0x00000195128a0000)
 Next Bits: [0x00000195128a0000, 0x0000019516140000)

Polling page: 0x0000019570d70000

CodeHeap 'non-profiled nmethods': size=120064Kb used=38Kb max_used=38Kb free=120025Kb
 bounds [0x0000019507ac0000, 0x0000019507d30000, 0x000001950f000000]
CodeHeap 'profiled nmethods': size=120000Kb used=185Kb max_used=185Kb free=119814Kb
 bounds [0x0000019500590000, 0x0000019500800000, 0x0000019507ac0000]
CodeHeap 'non-nmethods': size=5696Kb used=1170Kb max_used=1170Kb free=4525Kb
 bounds [0x0000019500000000, 0x0000019500270000, 0x0000019500590000]
 total_blobs=489 nmethods=138 adapters=204
 compilation: enabled

Compilation events (10 events):
Event: 0.108 Thread 0x000001957fe61000  133       3       java.lang.StringBuilder::append (8 bytes)
Event: 0.108 Thread 0x000001957fe61000 nmethod 133 0x00000195005bbb90 code [0x00000195005bbd40, 0x00000195005bbed0]
Event: 0.108 Thread 0x000001957fe61000  134       3       java.lang.AbstractStringBuilder::append (45 bytes)
Event: 0.108 Thread 0x000001957fe61000 nmethod 134 0x00000195005bbf90 code [0x00000195005bc1a0, 0x00000195005bc9a0]
Event: 0.108 Thread 0x000001957fe61000  135       3       java.lang.String::checkBoundsBeginEnd (63 bytes)
Event: 0.109 Thread 0x000001957fe61000 nmethod 135 0x00000195005bcc10 code [0x00000195005bcec0, 0x00000195005bde20]
Event: 0.109 Thread 0x000001957fe61000  136       3       java.lang.System::getSecurityManager (4 bytes)
Event: 0.109 Thread 0x000001957fe61000 nmethod 136 0x00000195005be290 code [0x00000195005be440, 0x00000195005be598]
Event: 0.111 Thread 0x000001957fe61000  137       1       java.lang.reflect.Method::getName (5 bytes)
Event: 0.111 Thread 0x000001957fe61000 nmethod 137 0x0000019507ac9390 code [0x0000019507ac9540, 0x0000019507ac9658]

GC Heap History (0 events):
No events

Deoptimization events (0 events):
No events

Classes redefined (0 events):
No events

Internal exceptions (1 events):
Event: 0.102 Thread 0x0000019572f1e000 Exception <a 'java/io/FileNotFoundException'{0x00000006eba24e40}> (0x00000006eba24e40) thrown at [t:/workspace/hotspot/src/share/vm/prims/jni.cpp, line 604]

Events (10 events):
Event: 0.111 loading class java/lang/invoke/DirectMethodHandle$Holder
Event: 0.111 loading class java/lang/invoke/DirectMethodHandle$Holder done
Event: 0.111 loading class sun/invoke/util/ValueConversions
Event: 0.111 loading class sun/invoke/util/ValueConversions done
Event: 0.111 loading class java/lang/invoke/MethodHandleImpl
Event: 0.112 loading class java/lang/invoke/MethodHandleImpl done
Event: 0.112 loading class java/lang/invoke/Invokers
Event: 0.112 loading class java/lang/invoke/Invokers done
Event: 0.112 loading class java/lang/invoke/LambdaForm$BasicType
Event: 0.112 loading class java/lang/invoke/LambdaForm$BasicType done


Dynamic libraries:
0x00007ff760570000 - 0x00007ff7605ae000 	C:\Program Files\Java\jre-9.0.4\bin\javaw.exe
0x00007ff999240000 - 0x00007ff999420000 	C:\Windows\SYSTEM32\ntdll.dll
0x00007ff998b10000 - 0x00007ff998bbe000 	C:\Windows\System32\KERNEL32.DLL
0x00007ff995a80000 - 0x00007ff995ce6000 	C:\Windows\System32\KERNELBASE.dll
0x00007ff996f80000 - 0x00007ff997021000 	C:\Windows\System32\ADVAPI32.dll
0x00007ff996c10000 - 0x00007ff996cad000 	C:\Windows\System32\msvcrt.dll
0x00007ff9975a0000 - 0x00007ff9975fb000 	C:\Windows\System32\sechost.dll
0x00007ff999010000 - 0x00007ff99912f000 	C:\Windows\System32\RPCRT4.dll
0x00007ff9971d0000 - 0x00007ff99735f000 	C:\Windows\System32\USER32.dll
0x00007ff995d50000 - 0x00007ff995d70000 	C:\Windows\System32\win32u.dll
0x00007ff997570000 - 0x00007ff997598000 	C:\Windows\System32\GDI32.dll
0x00007ff9958e0000 - 0x00007ff995a73000 	C:\Windows\System32\gdi32full.dll
0x00007ff995740000 - 0x00007ff9957db000 	C:\Windows\System32\msvcp_win.dll
0x00007ff995640000 - 0x00007ff995736000 	C:\Windows\System32\ucrtbase.dll
0x00007ff989790000 - 0x00007ff9899f9000 	C:\Windows\WinSxS\amd64_microsoft.windows.common-controls_6595b64144ccf1df_6.0.16299.192_none_15c8cdae9364c23b\COMCTL32.dll
0x00007ff98d1b0000 - 0x00007ff98d1ba000 	C:\Windows\SYSTEM32\VERSION.dll
0x00007ff996860000 - 0x00007ff996b68000 	C:\Windows\System32\combase.dll
0x00007ff996690000 - 0x00007ff996702000 	C:\Windows\System32\bcryptPrimitives.dll
0x00007ff996cb0000 - 0x00007ff996cdd000 	C:\Windows\System32\IMM32.DLL
0x00007ff97f540000 - 0x00007ff97f62f000 	C:\Program Files\Java\jre-9.0.4\bin\msvcr120.dll
0x00007ff97e780000 - 0x00007ff97e826000 	C:\Program Files\Java\jre-9.0.4\bin\msvcp120.dll
0x0000000054e20000 - 0x0000000055845000 	C:\Program Files\Java\jre-9.0.4\bin\server\jvm.dll
0x00007ff996850000 - 0x00007ff996858000 	C:\Windows\System32\PSAPI.DLL
0x00007ff987de0000 - 0x00007ff987de9000 	C:\Windows\SYSTEM32\WSOCK32.dll
0x00007ff991940000 - 0x00007ff991963000 	C:\Windows\SYSTEM32\WINMM.dll
0x00007ff999130000 - 0x00007ff99919c000 	C:\Windows\System32\WS2_32.dll
0x00007ff9918d0000 - 0x00007ff9918fa000 	C:\Windows\SYSTEM32\WINMMBASE.dll
0x00007ff9957e0000 - 0x00007ff99582a000 	C:\Windows\System32\cfgmgr32.dll
0x00007ff991430000 - 0x00007ff99143f000 	C:\Program Files\Java\jre-9.0.4\bin\verify.dll
0x00007ff98fc30000 - 0x00007ff98fc57000 	C:\Program Files\Java\jre-9.0.4\bin\java.dll
0x00007ff990dd0000 - 0x00007ff990de6000 	C:\Program Files\Java\jre-9.0.4\bin\zip.dll
0x00007ff991400000 - 0x00007ff99140a000 	C:\Program Files\Java\jre-9.0.4\bin\jimage.dll
0x00007ff9976d0000 - 0x00007ff998b06000 	C:\Windows\System32\SHELL32.dll
0x00007ff9967a0000 - 0x00007ff996846000 	C:\Windows\System32\shcore.dll
0x00007ff995d70000 - 0x00007ff9964b7000 	C:\Windows\System32\windows.storage.dll
0x00007ff997360000 - 0x00007ff9973b1000 	C:\Windows\System32\shlwapi.dll
0x00007ff995590000 - 0x00007ff9955a1000 	C:\Windows\System32\kernel.appcore.dll
0x00007ff9955f0000 - 0x00007ff99563c000 	C:\Windows\System32\powrprof.dll
0x00007ff9955d0000 - 0x00007ff9955eb000 	C:\Windows\System32\profapi.dll
0x00007ff98fb30000 - 0x00007ff98fb4a000 	C:\Program Files\Java\jre-9.0.4\bin\net.dll
0x00007ff98e770000 - 0x00007ff98e84e000 	C:\Windows\SYSTEM32\WINHTTP.dll
0x00007ff994e20000 - 0x00007ff994e86000 	C:\Windows\system32\mswsock.dll
0x00007ff98fb10000 - 0x00007ff98fb21000 	C:\Program Files\Java\jre-9.0.4\bin\nio.dll
0x00007ff994090000 - 0x00007ff994258000 	C:\Windows\SYSTEM32\dbghelp.dll

VM Arguments:
jvm_args: -Dfile.encoding=Cp1252 
java_command: model.Main
java_class_path (initial): C:\Users\pierr\Developpement\Projet\bin;C:\Users\pierr\Developpement\Projet\mariadb-java-client-2.2.1.jar;C:\Users\pierr\Developpement\Projet\bislider.jar
Launcher Type: SUN_STANDARD

Logging:
Log output configuration:
#0: stdout all=warning uptime,level,tags
#1: stderr all=off uptime,level,tags

Environment Variables:
PATH=C:\ProgramData\Oracle\Java\javapath;C:\Windows\system32;C:\Windows;C:\Windows\System32\Wbem;C:\Windows\System32\WindowsPowerShell\v1.0\;C:\Program Files (x86)\NVIDIA Corporation\PhysX\Common;C:\Users\pierr\AppData\Local\Microsoft\WindowsApps;C:\Users\pierr\AppData\Local\atom\bin;C:\Users\pierr\AppData\Local\GitHubDesktop\bin
USERNAME=pierr
OS=Windows_NT
PROCESSOR_IDENTIFIER=Intel64 Family 6 Model 142 Stepping 9, GenuineIntel



---------------  S Y S T E M  ---------------

OS: Windows 10 , 64 bit Build 16299 (10.0.16299.15)

CPU:total 4 (initial active 4) (2 cores per cpu, 2 threads per core) family 6 model 142 stepping 9, cmov, cx8, fxsr, mmx, sse, sse2, sse3, ssse3, sse4.1, sse4.2, popcnt, avx, avx2, aes, clmul, erms, 3dnowpref, lzcnt, ht, tsc, tscinvbit, bmi1, bmi2, adx, fma

Memory: 4k page, physical 14839936k(10865664k free), swap 17068160k(10226444k free)

vm_info: Java HotSpot(TM) 64-Bit Server VM (9.0.4+11) for windows-amd64 JRE (9.0.4+11), built on Dec 20 2017 02:18:54 by "mach5one" with MS VC++ 12.0 (VS2013)

END.
