#
# A fatal error has been detected by the Java Runtime Environment:
#
#  EXCEPTION_ACCESS_VIOLATION (0xc0000005) at pc=0x0000000053babc25, pid=1588, tid=7304
#
# JRE version: Java(TM) SE Runtime Environment (9.0+11) (build 9.0.4+11)
# Java VM: Java HotSpot(TM) 64-Bit Server VM (9.0.4+11, mixed mode, tiered, compressed oops, g1 gc, windows-amd64)
# Problematic frame:
# V  [jvm.dll+0x32bc25]
#
# No core dump will be written. Minidumps are not enabled by default on client versions of Windows
#
# If you would like to submit a bug report, please visit:
#   http://bugreport.java.com/bugreport/crash.jsp
#

---------------  S U M M A R Y ------------

Command Line: -Dfile.encoding=Cp1252 view.Fenetre

Host: Intel(R) Core(TM) i7-7500U CPU @ 2.70GHz, 4 cores, 14G,  Windows 10 , 64 bit Build 16299 (10.0.16299.15)
Time: Thu Feb 08 15:15:43 2018 Paris, Madrid elapsed time: 4 seconds (0d 0h 0m 4s)

---------------  T H R E A D  ---------------

Current thread (0x0000022ef113f000):  JavaThread "C1 CompilerThread2" daemon [_thread_in_vm, id=7304, stack(0x0000009854800000,0x0000009854900000)]


Current CompileTask:
C1:   4684 1816       3       java.awt.geom.Path2D$Double$CopyIterator::currentSegment (57 bytes)

Stack: [0x0000009854800000,0x0000009854900000],  sp=0x00000098548fea80,  free space=1018k
Native frames: (J=compiled Java code, j=interpreted, Vv=VM code, C=native code)
V  [jvm.dll+0x32bc25]
V  [jvm.dll+0x5d519a]
V  [jvm.dll+0x181774]
V  [jvm.dll+0x1814e2]
V  [jvm.dll+0x183fd6]
V  [jvm.dll+0x1813ca]
V  [jvm.dll+0x181290]
V  [jvm.dll+0x19750c]
V  [jvm.dll+0x10ce9a]
V  [jvm.dll+0x11440e]
V  [jvm.dll+0x112a62]
V  [jvm.dll+0x10bc2a]
V  [jvm.dll+0x11c51e]
V  [jvm.dll+0x11c3d9]
V  [jvm.dll+0x1078b9]
V  [jvm.dll+0x107c0a]
V  [jvm.dll+0x107e03]
V  [jvm.dll+0x107173]
V  [jvm.dll+0x108ca7]
V  [jvm.dll+0x1f6570]
V  [jvm.dll+0x1f51f6]
V  [jvm.dll+0x66b44f]
V  [jvm.dll+0x586490]
C  [msvcr120.dll+0x24f7f]
C  [msvcr120.dll+0x25126]
C  [KERNEL32.DLL+0x11fe4]
C  [ntdll.dll+0x6efb1]


siginfo: EXCEPTION_ACCESS_VIOLATION (0xc0000005), reading address 0x0000022af1bf4ec8


Register to memory mapping:

RIP=0x0000000053babc25 jvm.dll
RAX=0x0000022af1bf4eb0 is an unknown value
RBX=0x00000007c01cb7e8 is pointing into metadata
RCX=0x00000007c01cb7e8 is pointing into metadata
RDX=0x00000007c0009540 is pointing into metadata
RSP=0x00000098548fea80 is pointing into the stack for thread: 0x0000022ef113f000
RBP=0x00000098548ff7a0 is pointing into the stack for thread: 0x0000022ef113f000
RSI=0x0000000000000001 is an unknown value
RDI=0x0000022ef10c73f0 is an unknown value
R8 =0x0000000054028c10 jvm.dll
R9 =0x0000022ef115cf00 is an unknown value
R10=0x0000022ef1c01510 is an unknown value
R11=0x0000022ef230a9b0 is an unknown value
R12=0x0000000000000003 is an unknown value
R13=0x0000022ef2308a30 is an unknown value
R14=0x00000098548fec18 is pointing into the stack for thread: 0x0000022ef113f000
R15=0x00000098548feba0 is pointing into the stack for thread: 0x0000022ef113f000


Registers:
RAX=0x0000022af1bf4eb0, RBX=0x00000007c01cb7e8, RCX=0x00000007c01cb7e8, RDX=0x00000007c0009540
RSP=0x00000098548fea80, RBP=0x00000098548ff7a0, RSI=0x0000000000000001, RDI=0x0000022ef10c73f0
R8 =0x0000000054028c10, R9 =0x0000022ef115cf00, R10=0x0000022ef1c01510, R11=0x0000022ef230a9b0
R12=0x0000000000000003, R13=0x0000022ef2308a30, R14=0x00000098548fec18, R15=0x00000098548feba0
RIP=0x0000000053babc25, EFLAGS=0x0000000000010202

Top of Stack: (sp=0x00000098548fea80)
0x00000098548fea80:   0000022ef2308a00 0000022ef2308a30
0x00000098548fea90:   0000022ef2295490 0000022ef113f000
0x00000098548feaa0:   00000007c01cb7e8 0000000053e5519a
0x00000098548feab0:   00000007c01cb7e8 00000098548ff7a0
0x00000098548feac0:   0000000000000001 00000098548ff7a0
0x00000098548fead0:   0000022ef2308a30 0000000053a01774
0x00000098548feae0:   00000007c01cb7e8 0000022ef230a9d0
0x00000098548feaf0:   00000098548feba0 0000022ef230a990
0x00000098548feb00:   00000098548ff700 0000000053a187fa
0x00000098548feb10:   0000022ef2295490 00000098548ff7a0
0x00000098548feb20:   00000098548fec18 0000000053a014e2
0x00000098548feb30:   0000000000000019 0000022ef1159ad0
0x00000098548feb40:   00000098548feba0 0000022ef2295490
0x00000098548feb50:   0000022ef2308a30 000000000000001a
0x00000098548feb60:   0000022ef113f000 0000000053a03fd6
0x00000098548feb70:   0000022ef230a900 00000098548febd0 

Instructions: (pc=0x0000000053babc25)
0x0000000053babc05:   48 83 c4 20 5f c3 cc cc cc cc cc 40 53 48 83 ec
0x0000000053babc15:   20 48 8b 81 d0 00 00 00 48 8b d9 48 85 c0 74 0a
0x0000000053babc25:   48 8b 40 18 48 83 c4 20 5b c3 e8 2c 9f e5 ff 48
0x0000000053babc35:   85 c0 74 1e 48 8b 08 48 85 c9 74 16 48 8b 89 90 



---------------  P R O C E S S  ---------------

Java Threads: ( => current thread )
  0x0000022ef2770800 JavaThread "DestroyJavaVM" [_thread_blocked, id=9824, stack(0x0000009853500000,0x0000009853600000)]
  0x0000022ef2773800 JavaThread "AWT-EventQueue-0" [_thread_in_Java, id=7960, stack(0x0000009855f00000,0x0000009856000000)]
  0x0000022ef2771800 JavaThread "Direct Clip" daemon [_thread_blocked, id=8220, stack(0x0000009855e00000,0x0000009855f00000)]
  0x0000022ef2776000 JavaThread "Direct Clip" daemon [_thread_blocked, id=6200, stack(0x0000009855d00000,0x0000009855e00000)]
  0x0000022ef2776800 JavaThread "Direct Clip" daemon [_thread_blocked, id=8104, stack(0x0000009855c00000,0x0000009855d00000)]
  0x0000022ef1cf0800 JavaThread "Direct Clip" daemon [_thread_blocked, id=10220, stack(0x0000009855b00000,0x0000009855c00000)]
  0x0000022ef221e000 JavaThread "Direct Clip" daemon [_thread_blocked, id=3804, stack(0x0000009855a00000,0x0000009855b00000)]
  0x0000022ef221d800 JavaThread "Direct Clip" daemon [_thread_blocked, id=6568, stack(0x0000009855900000,0x0000009855a00000)]
  0x0000022ef2218000 JavaThread "Direct Clip" daemon [_thread_blocked, id=5364, stack(0x0000009855800000,0x0000009855900000)]
  0x0000022ef2212000 JavaThread "Direct Clip" daemon [_thread_blocked, id=6976, stack(0x0000009855700000,0x0000009855800000)]
  0x0000022ef27e3000 JavaThread "Java Sound Event Dispatcher" daemon [_thread_blocked, id=9924, stack(0x0000009855300000,0x0000009855400000)]
  0x0000022ef2199800 JavaThread "AWT-Windows" daemon [_thread_in_native, id=10648, stack(0x0000009854f00000,0x0000009855000000)]
  0x0000022ef2199000 JavaThread "AWT-Shutdown" [_thread_blocked, id=10236, stack(0x0000009854e00000,0x0000009854f00000)]
  0x0000022ef2168800 JavaThread "Java2D Disposer" daemon [_thread_blocked, id=10440, stack(0x0000009854d00000,0x0000009854e00000)]
  0x0000022ef1c70800 JavaThread "Service Thread" daemon [_thread_blocked, id=9860, stack(0x0000009854b00000,0x0000009854c00000)]
  0x0000022ef1b3e800 JavaThread "Common-Cleaner" daemon [_thread_blocked, id=1696, stack(0x0000009854a00000,0x0000009854b00000)]
  0x0000022ef118e800 JavaThread "Sweeper thread" daemon [_thread_blocked, id=8684, stack(0x0000009854900000,0x0000009854a00000)]
=>0x0000022ef113f000 JavaThread "C1 CompilerThread2" daemon [_thread_in_vm, id=7304, stack(0x0000009854800000,0x0000009854900000)]
  0x0000022ef112f800 JavaThread "C2 CompilerThread1" daemon [_thread_blocked, id=5140, stack(0x0000009854700000,0x0000009854800000)]
  0x0000022ef1128800 JavaThread "C2 CompilerThread0" daemon [_thread_blocked, id=10476, stack(0x0000009854600000,0x0000009854700000)]
  0x0000022ef1124000 JavaThread "Attach Listener" daemon [_thread_blocked, id=10604, stack(0x0000009854500000,0x0000009854600000)]
  0x0000022ef1123000 JavaThread "Signal Dispatcher" daemon [_thread_blocked, id=3372, stack(0x0000009854400000,0x0000009854500000)]
  0x0000022ef111a800 JavaThread "Finalizer" daemon [_thread_blocked, id=1812, stack(0x0000009854300000,0x0000009854400000)]
  0x0000022ef10ea800 JavaThread "Reference Handler" daemon [_thread_blocked, id=6364, stack(0x0000009854200000,0x0000009854300000)]

Other Threads:
  0x0000022ef10e5000 VMThread "VM Thread" [stack: 0x0000009854100000,0x0000009854200000] [id=10316]
  0x0000022ef1c7e800 WatcherThread [stack: 0x0000009854c00000,0x0000009854d00000] [id=2124]
  0x0000022ece093000 GCTaskThread "GC Thread#0" [stack: 0x0000009853600000,0x0000009853700000] [id=5448]
  0x0000022ece094800 GCTaskThread "GC Thread#1" [stack: 0x0000009853700000,0x0000009853800000] [id=8268]
  0x0000022ece097000 GCTaskThread "GC Thread#2" [stack: 0x0000009853800000,0x0000009853900000] [id=6252]
  0x0000022ece098800 GCTaskThread "GC Thread#3" [stack: 0x0000009853900000,0x0000009853a00000] [id=824]
  0x0000022ece0e3800 ConcurrentGCThread "G1 Main Marker" [stack: 0x0000009853f00000,0x0000009854000000] [id=8736]
  0x0000022ece0e7800 ConcurrentGCThread "G1 Marker#0" [stack: 0x0000009854000000,0x0000009854100000] [id=10852]
  0x0000022ece0a4800 ConcurrentGCThread "G1 Refine#0" [stack: 0x0000009853d00000,0x0000009853e00000] [id=3332]
  0x0000022ece0a1800 ConcurrentGCThread "G1 Refine#1" [stack: 0x0000009853c00000,0x0000009853d00000] [id=6344]
  0x0000022ece09f800 ConcurrentGCThread "G1 Refine#2" [stack: 0x0000009853b00000,0x0000009853c00000] [id=4356]
  0x0000022ece09a000 ConcurrentGCThread "G1 Refine#3" [stack: 0x0000009853a00000,0x0000009853b00000] [id=5228]
  0x0000022ece0a7800 ConcurrentGCThread "G1 Young RemSet Sampling" [stack: 0x0000009853e00000,0x0000009853f00000] [id=4984]

Threads with active compile tasks:
C1 CompilerThread21816       3       java.awt.geom.Path2D$Double$CopyIterator::currentSegment (57 bytes)

VM state:not at safepoint (normal execution)

VM Mutex/Monitor currently owned by a thread: None

Heap address: 0x00000006dd800000, size: 3624 MB, Compressed Oops mode: Zero based, Oop shift amount: 3
Narrow klass base: 0x0000000000000000, Narrow klass shift: 3
Compressed class space size: 1073741824 Address: 0x00000007c0000000

Heap:
 garbage-first heap   total 233472K, used 22431K [0x00000006dd800000, 0x00000006dd900720, 0x00000007c0000000)
  region size 1024K, 10 young (10240K), 2 survivors (2048K)
 Metaspace       used 18402K, capacity 19456K, committed 19712K, reserved 1067008K
  class space    used 2215K, capacity 2437K, committed 2560K, reserved 1048576K
Heap Regions: E=young(eden), S=young(survivor), O=old, HS=humongous(starts), HC=humongous(continues), CS=collection set, F=free, A=archive, TS=gc time stamp, AC=allocation context, TAMS=top-at-mark-start (previous, next)
|   0|0x00000006dd800000, 0x00000006dd900000, 0x00000006dd900000|100%| O|  |TS  1|AC  0|TAMS 0x00000006dd800000, 0x00000006dd800000|
|   1|0x00000006dd900000, 0x00000006dd9e7c00, 0x00000006dda00000| 90%| O|  |TS  1|AC  0|TAMS 0x00000006dd900000, 0x00000006dd900000|
|   2|0x00000006dda00000, 0x00000006ddb00000, 0x00000006ddb00000|100%|HS|  |TS  0|AC  0|TAMS 0x00000006dda00000, 0x00000006dda00000|
|   3|0x00000006ddb00000, 0x00000006ddc00000, 0x00000006ddc00000|100%|HC|  |TS  0|AC  0|TAMS 0x00000006ddb00000, 0x00000006ddb00000|
|   4|0x00000006ddc00000, 0x00000006ddd00000, 0x00000006ddd00000|100%|HC|  |TS  0|AC  0|TAMS 0x00000006ddc00000, 0x00000006ddc00000|
|   5|0x00000006ddd00000, 0x00000006dde00000, 0x00000006dde00000|100%|HS|  |TS  0|AC  0|TAMS 0x00000006ddd00000, 0x00000006ddd00000|
|   6|0x00000006dde00000, 0x00000006ddf00000, 0x00000006ddf00000|100%|HC|  |TS  0|AC  0|TAMS 0x00000006dde00000, 0x00000006dde00000|
|   7|0x00000006ddf00000, 0x00000006de000000, 0x00000006de000000|100%|HC|  |TS  0|AC  0|TAMS 0x00000006ddf00000, 0x00000006ddf00000|
|   8|0x00000006de000000, 0x00000006de100000, 0x00000006de100000|100%|HC|  |TS  0|AC  0|TAMS 0x00000006de000000, 0x00000006de000000|
|   9|0x00000006de100000, 0x00000006de200000, 0x00000006de200000|100%|HC|  |TS  0|AC  0|TAMS 0x00000006de100000, 0x00000006de100000|
|  10|0x00000006de200000, 0x00000006de300000, 0x00000006de300000|100%|HC|  |TS  0|AC  0|TAMS 0x00000006de200000, 0x00000006de200000|
|  11|0x00000006de300000, 0x00000006de400000, 0x00000006de400000|100%|HC|  |TS  0|AC  0|TAMS 0x00000006de300000, 0x00000006de300000|
|  12|0x00000006de400000, 0x00000006de500000, 0x00000006de500000|100%|HC|  |TS  0|AC  0|TAMS 0x00000006de400000, 0x00000006de400000|
|  13|0x00000006de500000, 0x00000006de500000, 0x00000006de600000|  0%| F|  |TS  0|AC  0|TAMS 0x00000006de500000, 0x00000006de500000|
|  14|0x00000006de600000, 0x00000006de600000, 0x00000006de700000|  0%| F|  |TS  0|AC  0|TAMS 0x00000006de600000, 0x00000006de600000|
|  15|0x00000006de700000, 0x00000006de700000, 0x00000006de800000|  0%| F|  |TS  0|AC  0|TAMS 0x00000006de700000, 0x00000006de700000|
|  16|0x00000006de800000, 0x00000006de800000, 0x00000006de900000|  0%| F|  |TS  0|AC  0|TAMS 0x00000006de800000, 0x00000006de800000|
|  17|0x00000006de900000, 0x00000006de900000, 0x00000006dea00000|  0%| F|  |TS  0|AC  0|TAMS 0x00000006de900000, 0x00000006de900000|
|  18|0x00000006dea00000, 0x00000006dea00000, 0x00000006deb00000|  0%| F|  |TS  0|AC  0|TAMS 0x00000006dea00000, 0x00000006dea00000|
|  19|0x00000006deb00000, 0x00000006deb00000, 0x00000006dec00000|  0%| F|  |TS  0|AC  0|TAMS 0x00000006deb00000, 0x00000006deb00000|
|  20|0x00000006dec00000, 0x00000006dec00000, 0x00000006ded00000|  0%| F|  |TS  0|AC  0|TAMS 0x00000006dec00000, 0x00000006dec00000|
|  21|0x00000006ded00000, 0x00000006ded00000, 0x00000006dee00000|  0%| F|  |TS  0|AC  0|TAMS 0x00000006ded00000, 0x00000006ded00000|
|  22|0x00000006dee00000, 0x00000006dee00000, 0x00000006def00000|  0%| F|  |TS  0|AC  0|TAMS 0x00000006dee00000, 0x00000006dee00000|
|  23|0x00000006def00000, 0x00000006def00000, 0x00000006df000000|  0%| F|  |TS  0|AC  0|TAMS 0x00000006def00000, 0x00000006def00000|
|  24|0x00000006df000000, 0x00000006df000000, 0x00000006df100000|  0%| F|  |TS  0|AC  0|TAMS 0x00000006df000000, 0x00000006df000000|
|  25|0x00000006df100000, 0x00000006df100000, 0x00000006df200000|  0%| F|  |TS  0|AC  0|TAMS 0x00000006df100000, 0x00000006df100000|
|  26|0x00000006df200000, 0x00000006df200000, 0x00000006df300000|  0%| F|  |TS  0|AC  0|TAMS 0x00000006df200000, 0x00000006df200000|
|  27|0x00000006df300000, 0x00000006df300000, 0x00000006df400000|  0%| F|  |TS  0|AC  0|TAMS 0x00000006df300000, 0x00000006df300000|
|  28|0x00000006df400000, 0x00000006df400000, 0x00000006df500000|  0%| F|  |TS  0|AC  0|TAMS 0x00000006df400000, 0x00000006df400000|
|  29|0x00000006df500000, 0x00000006df500000, 0x00000006df600000|  0%| F|  |TS  0|AC  0|TAMS 0x00000006df500000, 0x00000006df500000|
|  30|0x00000006df600000, 0x00000006df600000, 0x00000006df700000|  0%| F|  |TS  0|AC  0|TAMS 0x00000006df600000, 0x00000006df600000|
|  31|0x00000006df700000, 0x00000006df700000, 0x00000006df800000|  0%| F|  |TS  0|AC  0|TAMS 0x00000006df700000, 0x00000006df700000|
|  32|0x00000006df800000, 0x00000006df800000, 0x00000006df900000|  0%| F|  |TS  0|AC  0|TAMS 0x00000006df800000, 0x00000006df800000|
|  33|0x00000006df900000, 0x00000006df900000, 0x00000006dfa00000|  0%| F|  |TS  0|AC  0|TAMS 0x00000006df900000, 0x00000006df900000|
|  34|0x00000006dfa00000, 0x00000006dfa00000, 0x00000006dfb00000|  0%| F|  |TS  0|AC  0|TAMS 0x00000006dfa00000, 0x00000006dfa00000|
|  35|0x00000006dfb00000, 0x00000006dfb00000, 0x00000006dfc00000|  0%| F|  |TS  0|AC  0|TAMS 0x00000006dfb00000, 0x00000006dfb00000|
|  36|0x00000006dfc00000, 0x00000006dfc00000, 0x00000006dfd00000|  0%| F|  |TS  0|AC  0|TAMS 0x00000006dfc00000, 0x00000006dfc00000|
|  37|0x00000006dfd00000, 0x00000006dfd00000, 0x00000006dfe00000|  0%| F|  |TS  0|AC  0|TAMS 0x00000006dfd00000, 0x00000006dfd00000|
|  38|0x00000006dfe00000, 0x00000006dfe00000, 0x00000006dff00000|  0%| F|  |TS  0|AC  0|TAMS 0x00000006dfe00000, 0x00000006dfe00000|
|  39|0x00000006dff00000, 0x00000006dff00000, 0x00000006e0000000|  0%| F|  |TS  0|AC  0|TAMS 0x00000006dff00000, 0x00000006dff00000|
|  40|0x00000006e0000000, 0x00000006e0000000, 0x00000006e0100000|  0%| F|  |TS  0|AC  0|TAMS 0x00000006e0000000, 0x00000006e0000000|
|  41|0x00000006e0100000, 0x00000006e0100000, 0x00000006e0200000|  0%| F|  |TS  0|AC  0|TAMS 0x00000006e0100000, 0x00000006e0100000|
|  42|0x00000006e0200000, 0x00000006e0200000, 0x00000006e0300000|  0%| F|  |TS  0|AC  0|TAMS 0x00000006e0200000, 0x00000006e0200000|
|  43|0x00000006e0300000, 0x00000006e0300000, 0x00000006e0400000|  0%| F|  |TS  0|AC  0|TAMS 0x00000006e0300000, 0x00000006e0300000|
|  44|0x00000006e0400000, 0x00000006e0400000, 0x00000006e0500000|  0%| F|  |TS  0|AC  0|TAMS 0x00000006e0400000, 0x00000006e0400000|
|  45|0x00000006e0500000, 0x00000006e0500000, 0x00000006e0600000|  0%| F|  |TS  0|AC  0|TAMS 0x00000006e0500000, 0x00000006e0500000|
|  46|0x00000006e0600000, 0x00000006e0600000, 0x00000006e0700000|  0%| F|  |TS  0|AC  0|TAMS 0x00000006e0600000, 0x00000006e0600000|
|  47|0x00000006e0700000, 0x00000006e0700000, 0x00000006e0800000|  0%| F|  |TS  0|AC  0|TAMS 0x00000006e0700000, 0x00000006e0700000|
|  48|0x00000006e0800000, 0x00000006e0800000, 0x00000006e0900000|  0%| F|  |TS  0|AC  0|TAMS 0x00000006e0800000, 0x00000006e0800000|
|  49|0x00000006e0900000, 0x00000006e0900000, 0x00000006e0a00000|  0%| F|  |TS  0|AC  0|TAMS 0x00000006e0900000, 0x00000006e0900000|
|  50|0x00000006e0a00000, 0x00000006e0a00000, 0x00000006e0b00000|  0%| F|  |TS  0|AC  0|TAMS 0x00000006e0a00000, 0x00000006e0a00000|
|  51|0x00000006e0b00000, 0x00000006e0b00000, 0x00000006e0c00000|  0%| F|  |TS  0|AC  0|TAMS 0x00000006e0b00000, 0x00000006e0b00000|
|  52|0x00000006e0c00000, 0x00000006e0c00000, 0x00000006e0d00000|  0%| F|  |TS  0|AC  0|TAMS 0x00000006e0c00000, 0x00000006e0c00000|
|  53|0x00000006e0d00000, 0x00000006e0d00000, 0x00000006e0e00000|  0%| F|  |TS  0|AC  0|TAMS 0x00000006e0d00000, 0x00000006e0d00000|
|  54|0x00000006e0e00000, 0x00000006e0e00000, 0x00000006e0f00000|  0%| F|  |TS  0|AC  0|TAMS 0x00000006e0e00000, 0x00000006e0e00000|
|  55|0x00000006e0f00000, 0x00000006e0f00000, 0x00000006e1000000|  0%| F|  |TS  0|AC  0|TAMS 0x00000006e0f00000, 0x00000006e0f00000|
|  56|0x00000006e1000000, 0x00000006e1000000, 0x00000006e1100000|  0%| F|  |TS  0|AC  0|TAMS 0x00000006e1000000, 0x00000006e1000000|
|  57|0x00000006e1100000, 0x00000006e1100000, 0x00000006e1200000|  0%| F|  |TS  0|AC  0|TAMS 0x00000006e1100000, 0x00000006e1100000|
|  58|0x00000006e1200000, 0x00000006e1200000, 0x00000006e1300000|  0%| F|  |TS  0|AC  0|TAMS 0x00000006e1200000, 0x00000006e1200000|
|  59|0x00000006e1300000, 0x00000006e1300000, 0x00000006e1400000|  0%| F|  |TS  0|AC  0|TAMS 0x00000006e1300000, 0x00000006e1300000|
|  60|0x00000006e1400000, 0x00000006e1400000, 0x00000006e1500000|  0%| F|  |TS  0|AC  0|TAMS 0x00000006e1400000, 0x00000006e1400000|
|  61|0x00000006e1500000, 0x00000006e1500000, 0x00000006e1600000|  0%| F|  |TS  0|AC  0|TAMS 0x00000006e1500000, 0x00000006e1500000|
|  62|0x00000006e1600000, 0x00000006e1600000, 0x00000006e1700000|  0%| F|  |TS  0|AC  0|TAMS 0x00000006e1600000, 0x00000006e1600000|
|  63|0x00000006e1700000, 0x00000006e1700000, 0x00000006e1800000|  0%| F|  |TS  0|AC  0|TAMS 0x00000006e1700000, 0x00000006e1700000|
|  64|0x00000006e1800000, 0x00000006e1800000, 0x00000006e1900000|  0%| F|  |TS  0|AC  0|TAMS 0x00000006e1800000, 0x00000006e1800000|
|  65|0x00000006e1900000, 0x00000006e1900000, 0x00000006e1a00000|  0%| F|  |TS  0|AC  0|TAMS 0x00000006e1900000, 0x00000006e1900000|
|  66|0x00000006e1a00000, 0x00000006e1a00000, 0x00000006e1b00000|  0%| F|  |TS  0|AC  0|TAMS 0x00000006e1a00000, 0x00000006e1a00000|
|  67|0x00000006e1b00000, 0x00000006e1b00000, 0x00000006e1c00000|  0%| F|  |TS  0|AC  0|TAMS 0x00000006e1b00000, 0x00000006e1b00000|
|  68|0x00000006e1c00000, 0x00000006e1c00000, 0x00000006e1d00000|  0%| F|  |TS  0|AC  0|TAMS 0x00000006e1c00000, 0x00000006e1c00000|
|  69|0x00000006e1d00000, 0x00000006e1d00000, 0x00000006e1e00000|  0%| F|  |TS  0|AC  0|TAMS 0x00000006e1d00000, 0x00000006e1d00000|
|  70|0x00000006e1e00000, 0x00000006e1e00000, 0x00000006e1f00000|  0%| F|  |TS  0|AC  0|TAMS 0x00000006e1e00000, 0x00000006e1e00000|
|  71|0x00000006e1f00000, 0x00000006e1f00000, 0x00000006e2000000|  0%| F|  |TS  0|AC  0|TAMS 0x00000006e1f00000, 0x00000006e1f00000|
|  72|0x00000006e2000000, 0x00000006e2000000, 0x00000006e2100000|  0%| F|  |TS  0|AC  0|TAMS 0x00000006e2000000, 0x00000006e2000000|
|  73|0x00000006e2100000, 0x00000006e2100000, 0x00000006e2200000|  0%| F|  |TS  0|AC  0|TAMS 0x00000006e2100000, 0x00000006e2100000|
|  74|0x00000006e2200000, 0x00000006e2200000, 0x00000006e2300000|  0%| F|  |TS  0|AC  0|TAMS 0x00000006e2200000, 0x00000006e2200000|
|  75|0x00000006e2300000, 0x00000006e2300000, 0x00000006e2400000|  0%| F|  |TS  0|AC  0|TAMS 0x00000006e2300000, 0x00000006e2300000|
|  76|0x00000006e2400000, 0x00000006e2400000, 0x00000006e2500000|  0%| F|  |TS  0|AC  0|TAMS 0x00000006e2400000, 0x00000006e2400000|
|  77|0x00000006e2500000, 0x00000006e2500000, 0x00000006e2600000|  0%| F|  |TS  0|AC  0|TAMS 0x00000006e2500000, 0x00000006e2500000|
|  78|0x00000006e2600000, 0x00000006e2600000, 0x00000006e2700000|  0%| F|  |TS  0|AC  0|TAMS 0x00000006e2600000, 0x00000006e2600000|
|  79|0x00000006e2700000, 0x00000006e2700000, 0x00000006e2800000|  0%| F|  |TS  0|AC  0|TAMS 0x00000006e2700000, 0x00000006e2700000|
|  80|0x00000006e2800000, 0x00000006e2800000, 0x00000006e2900000|  0%| F|  |TS  0|AC  0|TAMS 0x00000006e2800000, 0x00000006e2800000|
|  81|0x00000006e2900000, 0x00000006e2900000, 0x00000006e2a00000|  0%| F|  |TS  0|AC  0|TAMS 0x00000006e2900000, 0x00000006e2900000|
|  82|0x00000006e2a00000, 0x00000006e2a00000, 0x00000006e2b00000|  0%| F|  |TS  0|AC  0|TAMS 0x00000006e2a00000, 0x00000006e2a00000|
|  83|0x00000006e2b00000, 0x00000006e2b00000, 0x00000006e2c00000|  0%| F|  |TS  0|AC  0|TAMS 0x00000006e2b00000, 0x00000006e2b00000|
|  84|0x00000006e2c00000, 0x00000006e2c00000, 0x00000006e2d00000|  0%| F|  |TS  0|AC  0|TAMS 0x00000006e2c00000, 0x00000006e2c00000|
|  85|0x00000006e2d00000, 0x00000006e2d00000, 0x00000006e2e00000|  0%| F|  |TS  0|AC  0|TAMS 0x00000006e2d00000, 0x00000006e2d00000|
|  86|0x00000006e2e00000, 0x00000006e2e00000, 0x00000006e2f00000|  0%| F|  |TS  0|AC  0|TAMS 0x00000006e2e00000, 0x00000006e2e00000|
|  87|0x00000006e2f00000, 0x00000006e2f00000, 0x00000006e3000000|  0%| F|  |TS  0|AC  0|TAMS 0x00000006e2f00000, 0x00000006e2f00000|
|  88|0x00000006e3000000, 0x00000006e3000000, 0x00000006e3100000|  0%| F|  |TS  0|AC  0|TAMS 0x00000006e3000000, 0x00000006e3000000|
|  89|0x00000006e3100000, 0x00000006e3100000, 0x00000006e3200000|  0%| F|  |TS  0|AC  0|TAMS 0x00000006e3100000, 0x00000006e3100000|
|  90|0x00000006e3200000, 0x00000006e3200000, 0x00000006e3300000|  0%| F|  |TS  0|AC  0|TAMS 0x00000006e3200000, 0x00000006e3200000|
|  91|0x00000006e3300000, 0x00000006e3300000, 0x00000006e3400000|  0%| F|  |TS  0|AC  0|TAMS 0x00000006e3300000, 0x00000006e3300000|
|  92|0x00000006e3400000, 0x00000006e3400000, 0x00000006e3500000|  0%| F|  |TS  0|AC  0|TAMS 0x00000006e3400000, 0x00000006e3400000|
|  93|0x00000006e3500000, 0x00000006e3500000, 0x00000006e3600000|  0%| F|  |TS  0|AC  0|TAMS 0x00000006e3500000, 0x00000006e3500000|
|  94|0x00000006e3600000, 0x00000006e3600000, 0x00000006e3700000|  0%| F|  |TS  0|AC  0|TAMS 0x00000006e3600000, 0x00000006e3600000|
|  95|0x00000006e3700000, 0x00000006e3700000, 0x00000006e3800000|  0%| F|  |TS  0|AC  0|TAMS 0x00000006e3700000, 0x00000006e3700000|
|  96|0x00000006e3800000, 0x00000006e3800000, 0x00000006e3900000|  0%| F|  |TS  0|AC  0|TAMS 0x00000006e3800000, 0x00000006e3800000|
|  97|0x00000006e3900000, 0x00000006e3900000, 0x00000006e3a00000|  0%| F|  |TS  0|AC  0|TAMS 0x00000006e3900000, 0x00000006e3900000|
|  98|0x00000006e3a00000, 0x00000006e3a00000, 0x00000006e3b00000|  0%| F|  |TS  0|AC  0|TAMS 0x00000006e3a00000, 0x00000006e3a00000|
|  99|0x00000006e3b00000, 0x00000006e3b00000, 0x00000006e3c00000|  0%| F|  |TS  0|AC  0|TAMS 0x00000006e3b00000, 0x00000006e3b00000|
| 100|0x00000006e3c00000, 0x00000006e3c00000, 0x00000006e3d00000|  0%| F|  |TS  0|AC  0|TAMS 0x00000006e3c00000, 0x00000006e3c00000|
| 101|0x00000006e3d00000, 0x00000006e3d00000, 0x00000006e3e00000|  0%| F|  |TS  0|AC  0|TAMS 0x00000006e3d00000, 0x00000006e3d00000|
| 102|0x00000006e3e00000, 0x00000006e3e00000, 0x00000006e3f00000|  0%| F|  |TS  0|AC  0|TAMS 0x00000006e3e00000, 0x00000006e3e00000|
| 103|0x00000006e3f00000, 0x00000006e3f00000, 0x00000006e4000000|  0%| F|  |TS  0|AC  0|TAMS 0x00000006e3f00000, 0x00000006e3f00000|
| 104|0x00000006e4000000, 0x00000006e4000000, 0x00000006e4100000|  0%| F|  |TS  0|AC  0|TAMS 0x00000006e4000000, 0x00000006e4000000|
| 105|0x00000006e4100000, 0x00000006e4100000, 0x00000006e4200000|  0%| F|  |TS  0|AC  0|TAMS 0x00000006e4100000, 0x00000006e4100000|
| 106|0x00000006e4200000, 0x00000006e4200000, 0x00000006e4300000|  0%| F|  |TS  0|AC  0|TAMS 0x00000006e4200000, 0x00000006e4200000|
| 107|0x00000006e4300000, 0x00000006e4300000, 0x00000006e4400000|  0%| F|  |TS  0|AC  0|TAMS 0x00000006e4300000, 0x00000006e4300000|
| 108|0x00000006e4400000, 0x00000006e4400000, 0x00000006e4500000|  0%| F|  |TS  0|AC  0|TAMS 0x00000006e4400000, 0x00000006e4400000|
| 109|0x00000006e4500000, 0x00000006e4500000, 0x00000006e4600000|  0%| F|  |TS  0|AC  0|TAMS 0x00000006e4500000, 0x00000006e4500000|
| 110|0x00000006e4600000, 0x00000006e4600000, 0x00000006e4700000|  0%| F|  |TS  0|AC  0|TAMS 0x00000006e4600000, 0x00000006e4600000|
| 111|0x00000006e4700000, 0x00000006e4700000, 0x00000006e4800000|  0%| F|  |TS  0|AC  0|TAMS 0x00000006e4700000, 0x00000006e4700000|
| 112|0x00000006e4800000, 0x00000006e4800000, 0x00000006e4900000|  0%| F|  |TS  0|AC  0|TAMS 0x00000006e4800000, 0x00000006e4800000|
| 113|0x00000006e4900000, 0x00000006e4900000, 0x00000006e4a00000|  0%| F|  |TS  0|AC  0|TAMS 0x00000006e4900000, 0x00000006e4900000|
| 114|0x00000006e4a00000, 0x00000006e4a00000, 0x00000006e4b00000|  0%| F|  |TS  0|AC  0|TAMS 0x00000006e4a00000, 0x00000006e4a00000|
| 115|0x00000006e4b00000, 0x00000006e4b00000, 0x00000006e4c00000|  0%| F|  |TS  0|AC  0|TAMS 0x00000006e4b00000, 0x00000006e4b00000|
| 116|0x00000006e4c00000, 0x00000006e4c00000, 0x00000006e4d00000|  0%| F|  |TS  0|AC  0|TAMS 0x00000006e4c00000, 0x00000006e4c00000|
| 117|0x00000006e4d00000, 0x00000006e4d00000, 0x00000006e4e00000|  0%| F|  |TS  0|AC  0|TAMS 0x00000006e4d00000, 0x00000006e4d00000|
| 118|0x00000006e4e00000, 0x00000006e4e00000, 0x00000006e4f00000|  0%| F|  |TS  0|AC  0|TAMS 0x00000006e4e00000, 0x00000006e4e00000|
| 119|0x00000006e4f00000, 0x00000006e4f00000, 0x00000006e5000000|  0%| F|  |TS  0|AC  0|TAMS 0x00000006e4f00000, 0x00000006e4f00000|
| 120|0x00000006e5000000, 0x00000006e5000000, 0x00000006e5100000|  0%| F|  |TS  0|AC  0|TAMS 0x00000006e5000000, 0x00000006e5000000|
| 121|0x00000006e5100000, 0x00000006e5100000, 0x00000006e5200000|  0%| F|  |TS  0|AC  0|TAMS 0x00000006e5100000, 0x00000006e5100000|
| 122|0x00000006e5200000, 0x00000006e5200000, 0x00000006e5300000|  0%| F|  |TS  0|AC  0|TAMS 0x00000006e5200000, 0x00000006e5200000|
| 123|0x00000006e5300000, 0x00000006e5300000, 0x00000006e5400000|  0%| F|  |TS  0|AC  0|TAMS 0x00000006e5300000, 0x00000006e5300000|
| 124|0x00000006e5400000, 0x00000006e5400000, 0x00000006e5500000|  0%| F|  |TS  0|AC  0|TAMS 0x00000006e5400000, 0x00000006e5400000|
| 125|0x00000006e5500000, 0x00000006e5500000, 0x00000006e5600000|  0%| F|  |TS  0|AC  0|TAMS 0x00000006e5500000, 0x00000006e5500000|
| 126|0x00000006e5600000, 0x00000006e5600000, 0x00000006e5700000|  0%| F|  |TS  0|AC  0|TAMS 0x00000006e5600000, 0x00000006e5600000|
| 127|0x00000006e5700000, 0x00000006e5700000, 0x00000006e5800000|  0%| F|  |TS  0|AC  0|TAMS 0x00000006e5700000, 0x00000006e5700000|
| 128|0x00000006e5800000, 0x00000006e5800000, 0x00000006e5900000|  0%| F|  |TS  0|AC  0|TAMS 0x00000006e5800000, 0x00000006e5800000|
| 129|0x00000006e5900000, 0x00000006e5900000, 0x00000006e5a00000|  0%| F|  |TS  0|AC  0|TAMS 0x00000006e5900000, 0x00000006e5900000|
| 130|0x00000006e5a00000, 0x00000006e5a00000, 0x00000006e5b00000|  0%| F|  |TS  0|AC  0|TAMS 0x00000006e5a00000, 0x00000006e5a00000|
| 131|0x00000006e5b00000, 0x00000006e5b00000, 0x00000006e5c00000|  0%| F|  |TS  0|AC  0|TAMS 0x00000006e5b00000, 0x00000006e5b00000|
| 132|0x00000006e5c00000, 0x00000006e5c00000, 0x00000006e5d00000|  0%| F|  |TS  0|AC  0|TAMS 0x00000006e5c00000, 0x00000006e5c00000|
| 133|0x00000006e5d00000, 0x00000006e5d00000, 0x00000006e5e00000|  0%| F|  |TS  0|AC  0|TAMS 0x00000006e5d00000, 0x00000006e5d00000|
| 134|0x00000006e5e00000, 0x00000006e5e00000, 0x00000006e5f00000|  0%| F|  |TS  0|AC  0|TAMS 0x00000006e5e00000, 0x00000006e5e00000|
| 135|0x00000006e5f00000, 0x00000006e5f00000, 0x00000006e6000000|  0%| F|  |TS  0|AC  0|TAMS 0x00000006e5f00000, 0x00000006e5f00000|
| 136|0x00000006e6000000, 0x00000006e6000000, 0x00000006e6100000|  0%| F|  |TS  0|AC  0|TAMS 0x00000006e6000000, 0x00000006e6000000|
| 137|0x00000006e6100000, 0x00000006e6100000, 0x00000006e6200000|  0%| F|  |TS  0|AC  0|TAMS 0x00000006e6100000, 0x00000006e6100000|
| 138|0x00000006e6200000, 0x00000006e6200000, 0x00000006e6300000|  0%| F|  |TS  0|AC  0|TAMS 0x00000006e6200000, 0x00000006e6200000|
| 139|0x00000006e6300000, 0x00000006e6300000, 0x00000006e6400000|  0%| F|  |TS  0|AC  0|TAMS 0x00000006e6300000, 0x00000006e6300000|
| 140|0x00000006e6400000, 0x00000006e6400000, 0x00000006e6500000|  0%| F|  |TS  0|AC  0|TAMS 0x00000006e6400000, 0x00000006e6400000|
| 141|0x00000006e6500000, 0x00000006e6500000, 0x00000006e6600000|  0%| F|  |TS  0|AC  0|TAMS 0x00000006e6500000, 0x00000006e6500000|
| 142|0x00000006e6600000, 0x00000006e6600000, 0x00000006e6700000|  0%| F|  |TS  0|AC  0|TAMS 0x00000006e6600000, 0x00000006e6600000|
| 143|0x00000006e6700000, 0x00000006e6700000, 0x00000006e6800000|  0%| F|  |TS  0|AC  0|TAMS 0x00000006e6700000, 0x00000006e6700000|
| 144|0x00000006e6800000, 0x00000006e6800000, 0x00000006e6900000|  0%| F|  |TS  0|AC  0|TAMS 0x00000006e6800000, 0x00000006e6800000|
| 145|0x00000006e6900000, 0x00000006e6900000, 0x00000006e6a00000|  0%| F|  |TS  0|AC  0|TAMS 0x00000006e6900000, 0x00000006e6900000|
| 146|0x00000006e6a00000, 0x00000006e6a00000, 0x00000006e6b00000|  0%| F|  |TS  0|AC  0|TAMS 0x00000006e6a00000, 0x00000006e6a00000|
| 147|0x00000006e6b00000, 0x00000006e6b00000, 0x00000006e6c00000|  0%| F|  |TS  0|AC  0|TAMS 0x00000006e6b00000, 0x00000006e6b00000|
| 148|0x00000006e6c00000, 0x00000006e6c00000, 0x00000006e6d00000|  0%| F|  |TS  0|AC  0|TAMS 0x00000006e6c00000, 0x00000006e6c00000|
| 149|0x00000006e6d00000, 0x00000006e6d00000, 0x00000006e6e00000|  0%| F|  |TS  0|AC  0|TAMS 0x00000006e6d00000, 0x00000006e6d00000|
| 150|0x00000006e6e00000, 0x00000006e6e00000, 0x00000006e6f00000|  0%| F|  |TS  0|AC  0|TAMS 0x00000006e6e00000, 0x00000006e6e00000|
| 151|0x00000006e6f00000, 0x00000006e6f00000, 0x00000006e7000000|  0%| F|  |TS  0|AC  0|TAMS 0x00000006e6f00000, 0x00000006e6f00000|
| 152|0x00000006e7000000, 0x00000006e7000000, 0x00000006e7100000|  0%| F|  |TS  0|AC  0|TAMS 0x00000006e7000000, 0x00000006e7000000|
| 153|0x00000006e7100000, 0x00000006e7100000, 0x00000006e7200000|  0%| F|  |TS  0|AC  0|TAMS 0x00000006e7100000, 0x00000006e7100000|
| 154|0x00000006e7200000, 0x00000006e7200000, 0x00000006e7300000|  0%| F|  |TS  0|AC  0|TAMS 0x00000006e7200000, 0x00000006e7200000|
| 155|0x00000006e7300000, 0x00000006e7300000, 0x00000006e7400000|  0%| F|  |TS  0|AC  0|TAMS 0x00000006e7300000, 0x00000006e7300000|
| 156|0x00000006e7400000, 0x00000006e7400000, 0x00000006e7500000|  0%| F|  |TS  0|AC  0|TAMS 0x00000006e7400000, 0x00000006e7400000|
| 157|0x00000006e7500000, 0x00000006e7500000, 0x00000006e7600000|  0%| F|  |TS  0|AC  0|TAMS 0x00000006e7500000, 0x00000006e7500000|
| 158|0x00000006e7600000, 0x00000006e7600000, 0x00000006e7700000|  0%| F|  |TS  0|AC  0|TAMS 0x00000006e7600000, 0x00000006e7600000|
| 159|0x00000006e7700000, 0x00000006e7700000, 0x00000006e7800000|  0%| F|  |TS  0|AC  0|TAMS 0x00000006e7700000, 0x00000006e7700000|
| 160|0x00000006e7800000, 0x00000006e7800000, 0x00000006e7900000|  0%| F|  |TS  0|AC  0|TAMS 0x00000006e7800000, 0x00000006e7800000|
| 161|0x00000006e7900000, 0x00000006e7900000, 0x00000006e7a00000|  0%| F|  |TS  0|AC  0|TAMS 0x00000006e7900000, 0x00000006e7900000|
| 162|0x00000006e7a00000, 0x00000006e7a00000, 0x00000006e7b00000|  0%| F|  |TS  0|AC  0|TAMS 0x00000006e7a00000, 0x00000006e7a00000|
| 163|0x00000006e7b00000, 0x00000006e7b00000, 0x00000006e7c00000|  0%| F|  |TS  0|AC  0|TAMS 0x00000006e7b00000, 0x00000006e7b00000|
| 164|0x00000006e7c00000, 0x00000006e7c00000, 0x00000006e7d00000|  0%| F|  |TS  0|AC  0|TAMS 0x00000006e7c00000, 0x00000006e7c00000|
| 165|0x00000006e7d00000, 0x00000006e7d00000, 0x00000006e7e00000|  0%| F|  |TS  0|AC  0|TAMS 0x00000006e7d00000, 0x00000006e7d00000|
| 166|0x00000006e7e00000, 0x00000006e7e00000, 0x00000006e7f00000|  0%| F|  |TS  0|AC  0|TAMS 0x00000006e7e00000, 0x00000006e7e00000|
| 167|0x00000006e7f00000, 0x00000006e7f00000, 0x00000006e8000000|  0%| F|  |TS  0|AC  0|TAMS 0x00000006e7f00000, 0x00000006e7f00000|
| 168|0x00000006e8000000, 0x00000006e8000000, 0x00000006e8100000|  0%| F|  |TS  0|AC  0|TAMS 0x00000006e8000000, 0x00000006e8000000|
| 169|0x00000006e8100000, 0x00000006e8100000, 0x00000006e8200000|  0%| F|  |TS  0|AC  0|TAMS 0x00000006e8100000, 0x00000006e8100000|
| 170|0x00000006e8200000, 0x00000006e8200000, 0x00000006e8300000|  0%| F|  |TS  0|AC  0|TAMS 0x00000006e8200000, 0x00000006e8200000|
| 171|0x00000006e8300000, 0x00000006e8300000, 0x00000006e8400000|  0%| F|  |TS  0|AC  0|TAMS 0x00000006e8300000, 0x00000006e8300000|
| 172|0x00000006e8400000, 0x00000006e8400000, 0x00000006e8500000|  0%| F|  |TS  0|AC  0|TAMS 0x00000006e8400000, 0x00000006e8400000|
| 173|0x00000006e8500000, 0x00000006e8500000, 0x00000006e8600000|  0%| F|  |TS  0|AC  0|TAMS 0x00000006e8500000, 0x00000006e8500000|
| 174|0x00000006e8600000, 0x00000006e8600000, 0x00000006e8700000|  0%| F|  |TS  0|AC  0|TAMS 0x00000006e8600000, 0x00000006e8600000|
| 175|0x00000006e8700000, 0x00000006e8700000, 0x00000006e8800000|  0%| F|  |TS  0|AC  0|TAMS 0x00000006e8700000, 0x00000006e8700000|
| 176|0x00000006e8800000, 0x00000006e8800000, 0x00000006e8900000|  0%| F|  |TS  0|AC  0|TAMS 0x00000006e8800000, 0x00000006e8800000|
| 177|0x00000006e8900000, 0x00000006e8900000, 0x00000006e8a00000|  0%| F|  |TS  0|AC  0|TAMS 0x00000006e8900000, 0x00000006e8900000|
| 178|0x00000006e8a00000, 0x00000006e8a00000, 0x00000006e8b00000|  0%| F|  |TS  0|AC  0|TAMS 0x00000006e8a00000, 0x00000006e8a00000|
| 179|0x00000006e8b00000, 0x00000006e8b00000, 0x00000006e8c00000|  0%| F|  |TS  0|AC  0|TAMS 0x00000006e8b00000, 0x00000006e8b00000|
| 180|0x00000006e8c00000, 0x00000006e8c00000, 0x00000006e8d00000|  0%| F|  |TS  0|AC  0|TAMS 0x00000006e8c00000, 0x00000006e8c00000|
| 181|0x00000006e8d00000, 0x00000006e8d00000, 0x00000006e8e00000|  0%| F|  |TS  0|AC  0|TAMS 0x00000006e8d00000, 0x00000006e8d00000|
| 182|0x00000006e8e00000, 0x00000006e8e00000, 0x00000006e8f00000|  0%| F|  |TS  0|AC  0|TAMS 0x00000006e8e00000, 0x00000006e8e00000|
| 183|0x00000006e8f00000, 0x00000006e8f00000, 0x00000006e9000000|  0%| F|  |TS  0|AC  0|TAMS 0x00000006e8f00000, 0x00000006e8f00000|
| 184|0x00000006e9000000, 0x00000006e9000000, 0x00000006e9100000|  0%| F|  |TS  0|AC  0|TAMS 0x00000006e9000000, 0x00000006e9000000|
| 185|0x00000006e9100000, 0x00000006e9100000, 0x00000006e9200000|  0%| F|  |TS  0|AC  0|TAMS 0x00000006e9100000, 0x00000006e9100000|
| 186|0x00000006e9200000, 0x00000006e9200000, 0x00000006e9300000|  0%| F|  |TS  0|AC  0|TAMS 0x00000006e9200000, 0x00000006e9200000|
| 187|0x00000006e9300000, 0x00000006e9300000, 0x00000006e9400000|  0%| F|  |TS  0|AC  0|TAMS 0x00000006e9300000, 0x00000006e9300000|
| 188|0x00000006e9400000, 0x00000006e9400000, 0x00000006e9500000|  0%| F|  |TS  0|AC  0|TAMS 0x00000006e9400000, 0x00000006e9400000|
| 189|0x00000006e9500000, 0x00000006e9500000, 0x00000006e9600000|  0%| F|  |TS  0|AC  0|TAMS 0x00000006e9500000, 0x00000006e9500000|
| 190|0x00000006e9600000, 0x00000006e9600000, 0x00000006e9700000|  0%| F|  |TS  0|AC  0|TAMS 0x00000006e9600000, 0x00000006e9600000|
| 191|0x00000006e9700000, 0x00000006e9700000, 0x00000006e9800000|  0%| F|  |TS  0|AC  0|TAMS 0x00000006e9700000, 0x00000006e9700000|
| 192|0x00000006e9800000, 0x00000006e9800000, 0x00000006e9900000|  0%| F|  |TS  0|AC  0|TAMS 0x00000006e9800000, 0x00000006e9800000|
| 193|0x00000006e9900000, 0x00000006e9900000, 0x00000006e9a00000|  0%| F|  |TS  0|AC  0|TAMS 0x00000006e9900000, 0x00000006e9900000|
| 194|0x00000006e9a00000, 0x00000006e9a00000, 0x00000006e9b00000|  0%| F|  |TS  0|AC  0|TAMS 0x00000006e9a00000, 0x00000006e9a00000|
| 195|0x00000006e9b00000, 0x00000006e9b00000, 0x00000006e9c00000|  0%| F|  |TS  0|AC  0|TAMS 0x00000006e9b00000, 0x00000006e9b00000|
| 196|0x00000006e9c00000, 0x00000006e9c00000, 0x00000006e9d00000|  0%| F|  |TS  0|AC  0|TAMS 0x00000006e9c00000, 0x00000006e9c00000|
| 197|0x00000006e9d00000, 0x00000006e9d00000, 0x00000006e9e00000|  0%| F|  |TS  0|AC  0|TAMS 0x00000006e9d00000, 0x00000006e9d00000|
| 198|0x00000006e9e00000, 0x00000006e9e00000, 0x00000006e9f00000|  0%| F|  |TS  0|AC  0|TAMS 0x00000006e9e00000, 0x00000006e9e00000|
| 199|0x00000006e9f00000, 0x00000006e9f00000, 0x00000006ea000000|  0%| F|  |TS  0|AC  0|TAMS 0x00000006e9f00000, 0x00000006e9f00000|
| 200|0x00000006ea000000, 0x00000006ea000000, 0x00000006ea100000|  0%| F|  |TS  0|AC  0|TAMS 0x00000006ea000000, 0x00000006ea000000|
| 201|0x00000006ea100000, 0x00000006ea100000, 0x00000006ea200000|  0%| F|  |TS  0|AC  0|TAMS 0x00000006ea100000, 0x00000006ea100000|
| 202|0x00000006ea200000, 0x00000006ea200000, 0x00000006ea300000|  0%| F|  |TS  0|AC  0|TAMS 0x00000006ea200000, 0x00000006ea200000|
| 203|0x00000006ea300000, 0x00000006ea300000, 0x00000006ea400000|  0%| F|  |TS  0|AC  0|TAMS 0x00000006ea300000, 0x00000006ea300000|
| 204|0x00000006ea400000, 0x00000006ea400000, 0x00000006ea500000|  0%| F|  |TS  0|AC  0|TAMS 0x00000006ea400000, 0x00000006ea400000|
| 205|0x00000006ea500000, 0x00000006ea500000, 0x00000006ea600000|  0%| F|  |TS  0|AC  0|TAMS 0x00000006ea500000, 0x00000006ea500000|
| 206|0x00000006ea600000, 0x00000006ea600000, 0x00000006ea700000|  0%| F|  |TS  0|AC  0|TAMS 0x00000006ea600000, 0x00000006ea600000|
| 207|0x00000006ea700000, 0x00000006ea700000, 0x00000006ea800000|  0%| F|  |TS  0|AC  0|TAMS 0x00000006ea700000, 0x00000006ea700000|
| 208|0x00000006ea800000, 0x00000006ea800000, 0x00000006ea900000|  0%| F|  |TS  0|AC  0|TAMS 0x00000006ea800000, 0x00000006ea800000|
| 209|0x00000006ea900000, 0x00000006ea900000, 0x00000006eaa00000|  0%| F|  |TS  0|AC  0|TAMS 0x00000006ea900000, 0x00000006ea900000|
| 210|0x00000006eaa00000, 0x00000006eaa00000, 0x00000006eab00000|  0%| F|  |TS  0|AC  0|TAMS 0x00000006eaa00000, 0x00000006eaa00000|
| 211|0x00000006eab00000, 0x00000006eab00000, 0x00000006eac00000|  0%| F|  |TS  0|AC  0|TAMS 0x00000006eab00000, 0x00000006eab00000|
| 212|0x00000006eac00000, 0x00000006ead00000, 0x00000006ead00000|100%| S|CS|TS  1|AC  0|TAMS 0x00000006eac00000, 0x00000006eac00000|
| 213|0x00000006ead00000, 0x00000006eae00000, 0x00000006eae00000|100%| S|CS|TS  1|AC  0|TAMS 0x00000006ead00000, 0x00000006ead00000|
| 214|0x00000006eae00000, 0x00000006eae00000, 0x00000006eaf00000|  0%| F|  |TS  1|AC  0|TAMS 0x00000006eae00000, 0x00000006eae00000|
| 215|0x00000006eaf00000, 0x00000006eaf00000, 0x00000006eb000000|  0%| F|  |TS  1|AC  0|TAMS 0x00000006eaf00000, 0x00000006eaf00000|
| 216|0x00000006eb000000, 0x00000006eb000000, 0x00000006eb100000|  0%| F|  |TS  1|AC  0|TAMS 0x00000006eb000000, 0x00000006eb000000|
| 217|0x00000006eb100000, 0x00000006eb100000, 0x00000006eb200000|  0%| F|  |TS  1|AC  0|TAMS 0x00000006eb100000, 0x00000006eb100000|
| 218|0x00000006eb200000, 0x00000006eb200000, 0x00000006eb300000|  0%| F|  |TS  1|AC  0|TAMS 0x00000006eb200000, 0x00000006eb200000|
| 219|0x00000006eb300000, 0x00000006eb300000, 0x00000006eb400000|  0%| F|  |TS  1|AC  0|TAMS 0x00000006eb300000, 0x00000006eb300000|
| 220|0x00000006eb400000, 0x00000006eb4fe0b0, 0x00000006eb500000| 99%| E|  |TS  1|AC  0|TAMS 0x00000006eb400000, 0x00000006eb400000|
| 221|0x00000006eb500000, 0x00000006eb600000, 0x00000006eb600000|100%| E|CS|TS  1|AC  0|TAMS 0x00000006eb500000, 0x00000006eb500000|
| 222|0x00000006eb600000, 0x00000006eb700000, 0x00000006eb700000|100%| E|CS|TS  1|AC  0|TAMS 0x00000006eb600000, 0x00000006eb600000|
| 223|0x00000006eb700000, 0x00000006eb800000, 0x00000006eb800000|100%| E|CS|TS  1|AC  0|TAMS 0x00000006eb700000, 0x00000006eb700000|
| 224|0x00000006eb800000, 0x00000006eb900000, 0x00000006eb900000|100%| E|CS|TS  1|AC  0|TAMS 0x00000006eb800000, 0x00000006eb800000|
| 225|0x00000006eb900000, 0x00000006eba00000, 0x00000006eba00000|100%| E|CS|TS  1|AC  0|TAMS 0x00000006eb900000, 0x00000006eb900000|
| 226|0x00000006eba00000, 0x00000006ebb00000, 0x00000006ebb00000|100%| E|CS|TS  1|AC  0|TAMS 0x00000006eba00000, 0x00000006eba00000|
| 227|0x00000006ebb00000, 0x00000006ebc00000, 0x00000006ebc00000|100%| E|CS|TS  1|AC  0|TAMS 0x00000006ebb00000, 0x00000006ebb00000|

Card table byte_map: [0x0000022ee69d0000,0x0000022ee70f0000] byte_map_base: 0x0000022ee32e4000

Marking Bits (Prev, Next): (CMBitMap*) 0x0000022eee9c9530, (CMBitMap*) 0x0000022eee9c9568
 Prev Bits: [0x0000022ee7810000, 0x0000022eeb0b0000)
 Next Bits: [0x0000022eeb0b0000, 0x0000022eee950000)

Polling page: 0x0000022ecbfc0000

CodeHeap 'non-profiled nmethods': size=120064Kb used=649Kb max_used=649Kb free=119414Kb
 bounds [0x0000022ede020000, 0x0000022ede290000, 0x0000022ee5560000]
CodeHeap 'profiled nmethods': size=120000Kb used=3375Kb max_used=3375Kb free=116624Kb
 bounds [0x0000022ed6af0000, 0x0000022ed6e40000, 0x0000022ede020000]
CodeHeap 'non-nmethods': size=5696Kb used=1398Kb max_used=1414Kb free=4297Kb
 bounds [0x0000022ed6560000, 0x0000022ed67d0000, 0x0000022ed6af0000]
 total_blobs=2746 nmethods=1814 adapters=562
 compilation: enabled

Compilation events (10 events):
Event: 4.659 Thread 0x0000022ef113f000 nmethod 1810 0x0000022ed6e3a410 code [0x0000022ed6e3a5c0, 0x0000022ed6e3a778]
Event: 4.660 Thread 0x0000022ef113f000 1811       3       java.awt.geom.AffineTransform::isIdentity (20 bytes)
Event: 4.660 Thread 0x0000022ef1128800 1812       4       java.lang.invoke.LambdaForm$MH/1879492184::linkToTargetMethod (8 bytes)
Event: 4.660 Thread 0x0000022ef113f000 nmethod 1811 0x0000022ed6e3a810 code [0x0000022ed6e3a9e0, 0x0000022ed6e3acb0]
Event: 4.662 Thread 0x0000022ef1128800 nmethod 1812 0x0000022ede0c2290 code [0x0000022ede0c2420, 0x0000022ede0c24b8]
Event: 4.663 Thread 0x0000022ef113f000 1813       3       java.awt.geom.LineIterator::currentSegment (96 bytes)
Event: 4.665 Thread 0x0000022ef113f000 nmethod 1813 0x0000022ed6e3ad90 code [0x0000022ed6e3afc0, 0x0000022ed6e3b7a0]
Event: 4.665 Thread 0x0000022ef113f000 1814       3       java.awt.geom.LineIterator::next (11 bytes)
Event: 4.666 Thread 0x0000022ef113f000 nmethod 1814 0x0000022ed6e3ba90 code [0x0000022ed6e3bc40, 0x0000022ed6e3bd98]
Event: 4.667 Thread 0x0000022ef113f000 1816       3       java.awt.geom.Path2D$Double$CopyIterator::currentSegment (57 bytes)

GC Heap History (2 events):
Event: 0.635 GC heap before
{Heap before GC invocations=0 (full 0):
 garbage-first heap   total 233472K, used 14336K [0x00000006dd800000, 0x00000006dd900720, 0x00000007c0000000)
  region size 1024K, 14 young (14336K), 0 survivors (0K)
 Metaspace       used 15385K, capacity 16324K, committed 16384K, reserved 1062912K
  class space    used 1813K, capacity 2031K, committed 2048K, reserved 1048576K
}
Event: 0.641 GC heap after
{Heap after GC invocations=1 (full 0):
 garbage-first heap   total 233472K, used 3999K [0x00000006dd800000, 0x00000006dd900720, 0x00000007c0000000)
  region size 1024K, 2 young (2048K), 2 survivors (2048K)
 Metaspace       used 15385K, capacity 16324K, committed 16384K, reserved 1062912K
  class space    used 1813K, capacity 2031K, committed 2048K, reserved 1048576K
}

Deoptimization events (10 events):
Event: 0.560 Thread 0x0000022ece07c000 Uncommon trap: reason=unstable_if action=reinterpret pc=0x0000022ede06a8e4 method=java.lang.StringUTF16.compress([CI[BII)I @ 20 c2
Event: 0.641 Thread 0x0000022ece07c000 Uncommon trap: reason=unstable_if action=reinterpret pc=0x0000022ede084bf8 method=java.lang.ref.SoftReference.get()Ljava/lang/Object; @ 17 c2
Event: 0.667 Thread 0x0000022ece07c000 Uncommon trap: reason=unstable_if action=reinterpret pc=0x0000022ede079204 method=java.lang.ref.ReferenceQueue.poll()Ljava/lang/ref/Reference; @ 4 c2
Event: 0.667 Thread 0x0000022ece07c000 Uncommon trap: reason=unstable_if action=reinterpret pc=0x0000022ede06c174 method=java.lang.ref.ReferenceQueue.poll()Ljava/lang/ref/Reference; @ 4 c2
Event: 0.699 Thread 0x0000022ef2199800 Uncommon trap: reason=class_check action=maybe_recompile pc=0x0000022ede073574 method=java.util.HashMap.putVal(ILjava/lang/Object;Ljava/lang/Object;ZZ)Ljava/lang/Object; @ 91 c2
Event: 0.699 Thread 0x0000022ef2199800 Uncommon trap: reason=class_check action=maybe_recompile pc=0x0000022ede073574 method=java.util.HashMap.putVal(ILjava/lang/Object;Ljava/lang/Object;ZZ)Ljava/lang/Object; @ 91 c2
Event: 0.773 Thread 0x0000022ece07c000 Uncommon trap: reason=unstable_if action=reinterpret pc=0x0000022ede0373a8 method=java.lang.String.equals(Ljava/lang/Object;)Z @ 27 c2
Event: 0.831 Thread 0x0000022ef2773800 Uncommon trap: reason=unstable_if action=reinterpret pc=0x0000022ede05c010 method=java.lang.AbstractStringBuilder.putStringAt(ILjava/lang/String;)V @ 8 c2
Event: 0.831 Thread 0x0000022ef2773800 Uncommon trap: reason=unstable_if action=reinterpret pc=0x0000022ede07e344 method=java.lang.AbstractStringBuilder.isLatin1()Z @ 10 c2
Event: 0.831 Thread 0x0000022ef2773800 Uncommon trap: reason=unstable_if action=reinterpret pc=0x0000022ede05ab18 method=java.lang.AbstractStringBuilder.putStringAt(ILjava/lang/String;)V @ 8 c2

Classes redefined (0 events):
No events

Internal exceptions (10 events):
Event: 0.400 Thread 0x0000022ece07c000 Exception <a 'java/lang/NoSuchMethodError'{0x00000006eb446060}: java.lang.Object.lambda$negate$3(I)Z> (0x00000006eb446060) thrown at [t:/workspace/hotspot/src/share/vm/interpreter/linkResolver.cpp, line 731]
Event: 0.402 Thread 0x0000022ece07c000 Exception <a 'java/lang/NoSuchMethodError'{0x00000006eb451680}: java.lang.Object.lambda$union$1(Ljava/util/regex/Pattern$CharPredicate;I)Z> (0x00000006eb451680) thrown at [t:/workspace/hotspot/src/share/vm/interpreter/linkResolver.cpp, line 731]
Event: 0.419 Thread 0x0000022ece07c000 Exception <a 'java/lang/NoSuchMethodError'{0x00000006eb4ecce8}: java.lang.Object.lambda$union$2(Ljava/util/regex/Pattern$CharPredicate;I)Z> (0x00000006eb4ecce8) thrown at [t:/workspace/hotspot/src/share/vm/interpreter/linkResolver.cpp, line 731]
Event: 0.451 Thread 0x0000022ece07c000 Exception <a 'java/lang/NoClassDefFoundError'{0x00000006eb2091a8}: com/sun/jna/Platform> (0x00000006eb2091a8) thrown at [t:/workspace/hotspot/src/share/vm/classfile/systemDictionary.cpp, line 207]
Event: 0.505 Thread 0x0000022ece07c000 Exception <a 'java/lang/NoSuchMethodError'{0x00000006eb1de230}: java.lang.invoke.DirectMethodHandle$Holder.invokeStaticInit(Ljava/lang/Object;)V> (0x00000006eb1de230) thrown at [t:/workspace/hotspot/src/share/vm/interpreter/linkResolver.cpp, line 731]
Event: 0.545 Thread 0x0000022ece07c000 Implicit null exception at 0x0000022ede028b2f to 0x0000022ede028b99
Event: 0.566 Thread 0x0000022ece07c000 Exception <a 'java/lang/NoSuchMethodError'{0x00000006eafcca60}: java.lang.invoke.DirectMethodHandle$Holder.invokeStatic(Ljava/lang/Object;Ljava/lang/Object;Ljava/lang/Object;Ljava/lang/Object;Ljava/lang/Object;Ljava/lang/Object;Ljava/lang/Object;Ljava/lan
Event: 0.567 Thread 0x0000022ece07c000 Exception <a 'java/lang/NoSuchMethodError'{0x00000006eafeae68}: java.lang.invoke.DirectMethodHandle$Holder.invokeStatic(Ljava/lang/Object;Ljava/lang/Object;Ljava/lang/Object;Ljava/lang/Object;Ljava/lang/Object;Ljava/lang/Object;Ljava/lang/Object;Ljava/lan
Event: 0.569 Thread 0x0000022ece07c000 Exception <a 'java/lang/NoSuchMethodError'{0x00000006eae0a558}: java.lang.invoke.DirectMethodHandle$Holder.invokeStatic(Ljava/lang/Object;Ljava/lang/Object;Ljava/lang/Object;Ljava/lang/Object;Ljava/lang/Object;Ljava/lang/Object;Ljava/lang/Object;Ljava/lan
Event: 0.570 Thread 0x0000022ece07c000 Exception <a 'java/lang/NoSuchMethodError'{0x00000006eae2af50}: java.lang.invoke.DirectMethodHandle$Holder.invokeStatic(Ljava/lang/Object;Ljava/lang/Object;Ljava/lang/Object;Ljava/lang/Object;Ljava/lang/Object;Ljava/lang/Object;Ljava/lang/Object;Ljava/lan

Events (10 events):
Event: 2.649 loading class javax/swing/Popup$HeavyWeightWindow
Event: 2.649 loading class sun/awt/ModalExclude
Event: 2.649 loading class sun/awt/ModalExclude done
Event: 2.649 loading class javax/swing/JWindow
Event: 2.649 loading class javax/swing/JWindow done
Event: 2.649 loading class javax/swing/Popup$HeavyWeightWindow done
Event: 3.019 loading class java/awt/LightweightDispatcher$2
Event: 3.019 loading class java/awt/LightweightDispatcher$2 done
Event: 4.154 Executing VM operation: EnableBiasedLocking
Event: 4.154 Executing VM operation: EnableBiasedLocking done


Dynamic libraries:
0x00007ff627120000 - 0x00007ff62715e000 	C:\Program Files\Java\jre-9.0.4\bin\javaw.exe
0x00007fff4bc70000 - 0x00007fff4be50000 	C:\Windows\SYSTEM32\ntdll.dll
0x00007fff49140000 - 0x00007fff491ee000 	C:\Windows\System32\KERNEL32.DLL
0x00007fff48070000 - 0x00007fff482d6000 	C:\Windows\System32\KERNELBASE.dll
0x00007fff4aef0000 - 0x00007fff4af91000 	C:\Windows\System32\ADVAPI32.dll
0x00007fff4b190000 - 0x00007fff4b22d000 	C:\Windows\System32\msvcrt.dll
0x00007fff4b370000 - 0x00007fff4b3cb000 	C:\Windows\System32\sechost.dll
0x00007fff4ba50000 - 0x00007fff4bb6f000 	C:\Windows\System32\RPCRT4.dll
0x00007fff4b000000 - 0x00007fff4b18f000 	C:\Windows\System32\USER32.dll
0x00007fff486f0000 - 0x00007fff48710000 	C:\Windows\System32\win32u.dll
0x00007fff4bc10000 - 0x00007fff4bc38000 	C:\Windows\System32\GDI32.dll
0x00007fff482e0000 - 0x00007fff48473000 	C:\Windows\System32\gdi32full.dll
0x00007fff48650000 - 0x00007fff486eb000 	C:\Windows\System32\msvcp_win.dll
0x00007fff48fe0000 - 0x00007fff490d6000 	C:\Windows\System32\ucrtbase.dll
0x00007fff3b260000 - 0x00007fff3b4c9000 	C:\Windows\WinSxS\amd64_microsoft.windows.common-controls_6595b64144ccf1df_6.0.16299.192_none_15c8cdae9364c23b\COMCTL32.dll
0x00007fff40a30000 - 0x00007fff40a3a000 	C:\Windows\SYSTEM32\VERSION.dll
0x00007fff491f0000 - 0x00007fff494f8000 	C:\Windows\System32\combase.dll
0x00007fff48f60000 - 0x00007fff48fd2000 	C:\Windows\System32\bcryptPrimitives.dll
0x00007fff4b9a0000 - 0x00007fff4b9cd000 	C:\Windows\System32\IMM32.DLL
0x00007fff2fc70000 - 0x00007fff2fd5f000 	C:\Program Files\Java\jre-9.0.4\bin\msvcr120.dll
0x00007fff3b520000 - 0x00007fff3b5c6000 	C:\Program Files\Java\jre-9.0.4\bin\msvcp120.dll
0x0000000053880000 - 0x00000000542a5000 	C:\Program Files\Java\jre-9.0.4\bin\server\jvm.dll
0x00007fff4b3d0000 - 0x00007fff4b3d8000 	C:\Windows\System32\PSAPI.DLL
0x00007fff39940000 - 0x00007fff39949000 	C:\Windows\SYSTEM32\WSOCK32.dll
0x00007fff4b230000 - 0x00007fff4b29c000 	C:\Windows\System32\WS2_32.dll
0x00007fff44220000 - 0x00007fff44243000 	C:\Windows\SYSTEM32\WINMM.dll
0x00007fff441c0000 - 0x00007fff441ea000 	C:\Windows\SYSTEM32\WINMMBASE.dll
0x00007fff487c0000 - 0x00007fff4880a000 	C:\Windows\System32\cfgmgr32.dll
0x00007fff449c0000 - 0x00007fff449cf000 	C:\Program Files\Java\jre-9.0.4\bin\verify.dll
0x00007fff44380000 - 0x00007fff443a7000 	C:\Program Files\Java\jre-9.0.4\bin\java.dll
0x00007fff44950000 - 0x00007fff44966000 	C:\Program Files\Java\jre-9.0.4\bin\zip.dll
0x00007fff449b0000 - 0x00007fff449ba000 	C:\Program Files\Java\jre-9.0.4\bin\jimage.dll
0x00007fff49700000 - 0x00007fff4ab36000 	C:\Windows\System32\SHELL32.dll
0x00007fff49500000 - 0x00007fff495a6000 	C:\Windows\System32\shcore.dll
0x00007fff48810000 - 0x00007fff48f57000 	C:\Windows\System32\windows.storage.dll
0x00007fff4ad40000 - 0x00007fff4ad91000 	C:\Windows\System32\shlwapi.dll
0x00007fff48000000 - 0x00007fff48011000 	C:\Windows\System32\kernel.appcore.dll
0x00007fff48020000 - 0x00007fff4806c000 	C:\Windows\System32\powrprof.dll
0x00007fff47fc0000 - 0x00007fff47fdb000 	C:\Windows\System32\profapi.dll
0x00007fff44320000 - 0x00007fff4433a000 	C:\Program Files\Java\jre-9.0.4\bin\net.dll
0x00007fff407e0000 - 0x00007fff408be000 	C:\Windows\SYSTEM32\WINHTTP.dll
0x00007fff47850000 - 0x00007fff478b6000 	C:\Windows\system32\mswsock.dll
0x00007fff44300000 - 0x00007fff44311000 	C:\Program Files\Java\jre-9.0.4\bin\nio.dll
0x00007fff1c7f0000 - 0x00007fff1c989000 	C:\Program Files\Java\jre-9.0.4\bin\awt.dll
0x00007fff4b2a0000 - 0x00007fff4b365000 	C:\Windows\System32\OLEAUT32.dll
0x00007fff44d00000 - 0x00007fff452b8000 	C:\Windows\SYSTEM32\d2d1.dll
0x00007fff48480000 - 0x00007fff4864e000 	C:\Windows\System32\CRYPT32.dll
0x00007fff47fe0000 - 0x00007fff47ff2000 	C:\Windows\System32\MSASN1.dll
0x00007fff458d0000 - 0x00007fff45958000 	C:\Windows\SYSTEM32\apphelp.dll
0x00007fff46100000 - 0x00007fff4612a000 	C:\Windows\system32\DWMAPI.DLL
0x00007fff459b0000 - 0x00007fff45a45000 	C:\Windows\system32\uxtheme.dll
0x00007fff30aa0000 - 0x00007fff30bbe000 	C:\Windows\system32\opengl32.dll
0x00007fff30a70000 - 0x00007fff30a9c000 	C:\Windows\SYSTEM32\GLU32.dll
0x00007fff4b3e0000 - 0x00007fff4b547000 	C:\Windows\System32\MSCTF.dll
0x00007fff4ada0000 - 0x00007fff4aee9000 	C:\Windows\System32\ole32.dll
0x00007fff47620000 - 0x00007fff476d6000 	C:\Windows\SYSTEM32\DNSAPI.dll
0x00007fff496f0000 - 0x00007fff496f8000 	C:\Windows\System32\NSI.dll
0x00007fff475e0000 - 0x00007fff47619000 	C:\Windows\SYSTEM32\IPHLPAPI.DLL
0x00007fff408c0000 - 0x00007fff408ca000 	C:\Windows\System32\rasadhlp.dll
0x00007fff3f640000 - 0x00007fff3f6b0000 	C:\Windows\System32\fwpuclnt.dll
0x00007fff47b20000 - 0x00007fff47b45000 	C:\Windows\SYSTEM32\bcrypt.dll
0x00007fff2fbd0000 - 0x00007fff2fc6d000 	C:\Program Files\Java\jre-9.0.4\bin\fontmanager.dll
0x00007fff3dc70000 - 0x00007fff3dcb2000 	C:\Program Files\Java\jre-9.0.4\bin\t2k.dll
0x00007fff44360000 - 0x00007fff4436c000 	C:\Program Files\Java\jre-9.0.4\bin\jsound.dll
0x00007fff3de50000 - 0x00007fff3de5b000 	C:\Program Files\Java\jre-9.0.4\bin\jsoundds.dll
0x00007fff25300000 - 0x00007fff2538f000 	C:\Windows\SYSTEM32\DSOUND.dll
0x00007fff4bb70000 - 0x00007fff4bc0e000 	C:\Windows\System32\clbcatq.dll
0x00007fff40b40000 - 0x00007fff40baf000 	C:\Windows\System32\MMDevApi.dll
0x00007fff47dd0000 - 0x00007fff47df7000 	C:\Windows\System32\DEVOBJ.dll
0x00007fff46660000 - 0x00007fff46811000 	C:\Windows\System32\PROPSYS.dll
0x00007fff21860000 - 0x00007fff218a2000 	C:\Windows\SYSTEM32\wdmaud.drv
0x00007fff32bf0000 - 0x00007fff32bf9000 	C:\Windows\SYSTEM32\ksuser.dll
0x00007fff42a70000 - 0x00007fff42a7a000 	C:\Windows\SYSTEM32\AVRT.dll
0x00007fff3be40000 - 0x00007fff3bf62000 	C:\Windows\SYSTEM32\AUDIOSES.DLL
0x00007fff437c0000 - 0x00007fff438f6000 	C:\Windows\SYSTEM32\wintypes.dll
0x00007fff44920000 - 0x00007fff4492c000 	C:\Windows\SYSTEM32\msacm32.drv
0x00007fff44900000 - 0x00007fff4491c000 	C:\Windows\SYSTEM32\MSACM32.dll
0x00007fff448f0000 - 0x00007fff448fa000 	C:\Windows\SYSTEM32\midimap.dll
0x00007fff41a30000 - 0x00007fff41bdb000 	C:\Windows\SYSTEM32\WindowsCodecs.dll
0x00007fff2c5d0000 - 0x00007fff2c61f000 	C:\Windows\system32\dataexchange.dll
0x00007fff44a10000 - 0x00007fff44cf1000 	C:\Windows\system32\d3d11.dll
0x00007fff453a0000 - 0x00007fff454e2000 	C:\Windows\system32\dcomp.dll
0x00007fff46e30000 - 0x00007fff46edf000 	C:\Windows\system32\dxgi.dll
0x00007fff46280000 - 0x00007fff463fb000 	C:\Windows\system32\twinapi.appcore.dll
0x00007fff46230000 - 0x00007fff46250000 	C:\Windows\system32\RMCLIENT.dll
0x00007fff30d80000 - 0x00007fff30e18000 	C:\Windows\System32\TextInputFramework.dll
0x00007fff41390000 - 0x00007fff4167e000 	C:\Windows\System32\CoreUIComponents.dll
0x00007fff452c0000 - 0x00007fff4539c000 	C:\Windows\System32\CoreMessaging.dll
0x00007fff47100000 - 0x00007fff47131000 	C:\Windows\SYSTEM32\ntmarta.dll
0x00007fff46ac0000 - 0x00007fff46c88000 	C:\Windows\SYSTEM32\dbghelp.dll

VM Arguments:
jvm_args: -Dfile.encoding=Cp1252 
java_command: view.Fenetre
java_class_path (initial): C:\Users\pierr\Developpement\Projet\bin;C:\Users\pierr\Developpement\Projet\mariadb-java-client-2.2.1.jar;C:\Users\pierr\Developpement\Projet\bislider.jar
Launcher Type: SUN_STANDARD

Logging:
Log output configuration:
#0: stdout all=warning uptime,level,tags
#1: stderr all=off uptime,level,tags

Environment Variables:
PATH=C:\ProgramData\Oracle\Java\javapath;C:\Windows\system32;C:\Windows;C:\Windows\System32\Wbem;C:\Windows\System32\WindowsPowerShell\v1.0\;C:\Program Files (x86)\NVIDIA Corporation\PhysX\Common;C:\Users\pierr\AppData\Local\Microsoft\WindowsApps;C:\Users\pierr\AppData\Local\atom\bin;C:\Users\pierr\AppData\Local\GitHubDesktop\bin
USERNAME=pierr
OS=Windows_NT
PROCESSOR_IDENTIFIER=Intel64 Family 6 Model 142 Stepping 9, GenuineIntel



---------------  S Y S T E M  ---------------

OS: Windows 10 , 64 bit Build 16299 (10.0.16299.15)

CPU:total 4 (initial active 4) (2 cores per cpu, 2 threads per core) family 6 model 142 stepping 9, cmov, cx8, fxsr, mmx, sse, sse2, sse3, ssse3, sse4.1, sse4.2, popcnt, avx, avx2, aes, clmul, erms, 3dnowpref, lzcnt, ht, tsc, tscinvbit, bmi1, bmi2, adx, fma

Memory: 4k page, physical 14839936k(10668144k free), swap 17068160k(9530064k free)

vm_info: Java HotSpot(TM) 64-Bit Server VM (9.0.4+11) for windows-amd64 JRE (9.0.4+11), built on Dec 20 2017 02:18:54 by "mach5one" with MS VC++ 12.0 (VS2013)

END.
