#
# A fatal error has been detected by the Java Runtime Environment:
#
#  EXCEPTION_ACCESS_VIOLATION (0xc0000005) at pc=0x000000006b4645b1, pid=8736, tid=4348
#
# JRE version: Java(TM) SE Runtime Environment (9.0+11) (build 9.0.4+11)
# Java VM: Java HotSpot(TM) 64-Bit Server VM (9.0.4+11, mixed mode, tiered, compressed oops, g1 gc, windows-amd64)
# Problematic frame:
# V  [jvm.dll+0x6045b1]
#
# No core dump will be written. Minidumps are not enabled by default on client versions of Windows
#
# If you would like to submit a bug report, please visit:
#   http://bugreport.java.com/bugreport/crash.jsp
#

---------------  S U M M A R Y ------------

Command Line: -Dfile.encoding=Cp1252 view.Fenetre

Host: Intel(R) Core(TM) i7-7500U CPU @ 2.70GHz, 4 cores, 14G,  Windows 10 , 64 bit Build 16299 (10.0.16299.15)
Time: Thu Feb 08 10:58:59 2018 Paris, Madrid elapsed time: 0 seconds (0d 0h 0m 0s)

---------------  T H R E A D  ---------------

Current thread (0x00000245dfc6a800):  GCTaskThread "GC Thread#3" [stack: 0x000000ff9cc00000,0x000000ff9cd00000] [id=4348]

Stack: [0x000000ff9cc00000,0x000000ff9cd00000],  sp=0x000000ff9ccffbe0,  free space=1022k
Native frames: (J=compiled Java code, j=interpreted, Vv=VM code, C=native code)
V  [jvm.dll+0x6045b1]
V  [jvm.dll+0x31ac53]
V  [jvm.dll+0x2b20c2]
V  [jvm.dll+0x6c2560]
V  [jvm.dll+0x586490]
C  [msvcr120.dll+0x24f7f]
C  [msvcr120.dll+0x25126]
C  [KERNEL32.DLL+0x11fe4]
C  [ntdll.dll+0x6efb1]


siginfo: EXCEPTION_ACCESS_VIOLATION (0xc0000005), reading address 0x00000241fcd193b8


Register to memory mapping:

RIP=0x000000006b4645b1 jvm.dll
RAX=0x0000000000000001 is an unknown value
RBX=0x00000241fcd193b0 is an unknown value
RCX=0x00000245fcd0f250 is an unknown value
RDX=0x0000000000000064 is an unknown value
RSP=0x000000ff9ccffbe0 is an unknown value
RBP=0x00000245dfc58360 is an unknown value
RSI=0x0000000000000000 is an unknown value
RDI=0x00000245fcd2e8b8 is an unknown value
R8 =0x00000245dfbc1080 is an unknown value
R9 =0x0000000000008000 is an unknown value
R10=0x00000245fcd17550 is an unknown value
R11=0x00000245841e1e50 is an unknown value
R12=0x0000000000000000 is an unknown value
R13=0x000000ff9d4ff1a0 is an unknown value
R14=0x0000000000000000 is an unknown value
R15=0x0000000000000001 is an unknown value


Registers:
RAX=0x0000000000000001, RBX=0x00000241fcd193b0, RCX=0x00000245fcd0f250, RDX=0x0000000000000064
RSP=0x000000ff9ccffbe0, RBP=0x00000245dfc58360, RSI=0x0000000000000000, RDI=0x00000245fcd2e8b8
R8 =0x00000245dfbc1080, R9 =0x0000000000008000, R10=0x00000245fcd17550, R11=0x00000245841e1e50
R12=0x0000000000000000, R13=0x000000ff9d4ff1a0, R14=0x0000000000000000, R15=0x0000000000000001
RIP=0x000000006b4645b1, EFLAGS=0x0000000000010202

Top of Stack: (sp=0x000000ff9ccffbe0)
0x000000ff9ccffbe0:   0000024583f58f58 00000245fcd2e7d8
0x000000ff9ccffbf0:   00000245dfc58360 000000006b3c16a7
0x000000ff9ccffc00:   00000245fcd33190 000000006b17ac53
0x000000ff9ccffc10:   00000245fcd2e860 0000000000000000
0x000000ff9ccffc20:   0000000000000000 00000245dfc63360
0x000000ff9ccffc30:   00000245fcd33190 000000006b1120c2
0x000000ff9ccffc40:   0000001b04f3d0e1 0000000000000006
0x000000ff9ccffc50:   000000000000000e 0000000000000000
0x000000ff9ccffc60:   0000000000000000 0000000000000000
0x000000ff9ccffc70:   0000000000000000 0000000000000000
0x000000ff9ccffc80:   0000000000000000 0000000000000000
0x000000ff9ccffc90:   0000000000000000 0000000000000000
0x000000ff9ccffca0:   00000000000075a3 000000ff9ccffeb0
0x000000ff9ccffcb0:   00000245dfc6a800 000000006b522560
0x000000ff9ccffcc0:   00000245dfc6a801 0000024500000000
0x000000ff9ccffcd0:   00000245dfc63360 00000245dfc6ed90 

Instructions: (pc=0x000000006b4645b1)
0x000000006b464591:   89 73 28 48 8b 4b 30 48 85 c9 74 09 e8 de 5f f7
0x000000006b4645a1:   ff 48 89 73 30 48 8b cb e8 d2 5f f7 ff 48 8b 1f
0x000000006b4645b1:   48 83 7b 08 10 74 55 48 85 db 74 2c 48 8b 4b 28
0x000000006b4645c1:   48 85 c9 74 09 e8 b5 5f f7 ff 48 89 73 28 48 8b 



---------------  P R O C E S S  ---------------

Java Threads: ( => current thread )
  0x0000024584580000 JavaThread "Direct Clip" daemon [_thread_blocked, id=9388, stack(0x000000ff9ed00000,0x000000ff9ee00000)]
  0x00000245844b5800 JavaThread "Direct Clip" daemon [_thread_blocked, id=2552, stack(0x000000ff9ec00000,0x000000ff9ed00000)]
  0x0000024584301000 JavaThread "Direct Clip" daemon [_thread_blocked, id=8860, stack(0x000000ff9eb00000,0x000000ff9ec00000)]
  0x00000245842f4000 JavaThread "Direct Clip" daemon [_thread_blocked, id=2636, stack(0x000000ff9ea00000,0x000000ff9eb00000)]
  0x000002458597e800 JavaThread "Java Sound Event Dispatcher" daemon [_thread_blocked, id=6932, stack(0x000000ff9e600000,0x000000ff9e700000)]
  0x0000024583f7b000 JavaThread "AWT-Windows" daemon [_thread_in_native, id=4144, stack(0x000000ff9e200000,0x000000ff9e300000)]
  0x0000024583f7a800 JavaThread "AWT-Shutdown" [_thread_blocked, id=6836, stack(0x000000ff9e100000,0x000000ff9e200000)]
  0x0000024583e90000 JavaThread "Java2D Disposer" daemon [_thread_blocked, id=8596, stack(0x000000ff9e000000,0x000000ff9e100000)]
  0x0000024583a7d000 JavaThread "Service Thread" daemon [_thread_blocked, id=9476, stack(0x000000ff9de00000,0x000000ff9df00000)]
  0x000002458394e000 JavaThread "Common-Cleaner" daemon [_thread_blocked, id=6800, stack(0x000000ff9dd00000,0x000000ff9de00000)]
  0x00000245ff44c000 JavaThread "Sweeper thread" daemon [_thread_blocked, id=7324, stack(0x000000ff9dc00000,0x000000ff9dd00000)]
  0x00000245ff449000 JavaThread "C1 CompilerThread2" daemon [_thread_blocked, id=2520, stack(0x000000ff9db00000,0x000000ff9dc00000)]
  0x00000245ff443000 JavaThread "C2 CompilerThread1" daemon [_thread_blocked, id=5420, stack(0x000000ff9da00000,0x000000ff9db00000)]
  0x00000245ff43e000 JavaThread "C2 CompilerThread0" daemon [_thread_blocked, id=2988, stack(0x000000ff9d900000,0x000000ff9da00000)]
  0x00000245ff42b000 JavaThread "Attach Listener" daemon [_thread_blocked, id=5684, stack(0x000000ff9d800000,0x000000ff9d900000)]
  0x00000245ff42a000 JavaThread "Signal Dispatcher" daemon [_thread_blocked, id=6216, stack(0x000000ff9d700000,0x000000ff9d800000)]
  0x00000245ff41e000 JavaThread "Finalizer" daemon [_thread_blocked, id=3816, stack(0x000000ff9d600000,0x000000ff9d700000)]
  0x00000245ff414800 JavaThread "Reference Handler" daemon [_thread_blocked, id=5216, stack(0x000000ff9d500000,0x000000ff9d600000)]
  0x00000245dfc4c000 JavaThread "main" [_thread_blocked, id=1048, stack(0x000000ff9c800000,0x000000ff9c900000)]

Other Threads:
  0x00000245ff3e7800 VMThread "VM Thread" [stack: 0x000000ff9d400000,0x000000ff9d500000] [id=6776]
  0x0000024583a84800 WatcherThread [stack: 0x000000ff9df00000,0x000000ff9e000000] [id=6496]
  0x00000245dfc64000 GCTaskThread "GC Thread#0" [stack: 0x000000ff9c900000,0x000000ff9ca00000] [id=8964]
  0x00000245dfc65800 GCTaskThread "GC Thread#1" [stack: 0x000000ff9ca00000,0x000000ff9cb00000] [id=9348]
  0x00000245dfc68800 GCTaskThread "GC Thread#2" [stack: 0x000000ff9cb00000,0x000000ff9cc00000] [id=104]
=>0x00000245dfc6a800 GCTaskThread "GC Thread#3" [stack: 0x000000ff9cc00000,0x000000ff9cd00000] [id=4348]
  0x00000245dfcb8000 ConcurrentGCThread "G1 Main Marker" [stack: 0x000000ff9d200000,0x000000ff9d300000] [id=5348]
  0x00000245dfcbc800 ConcurrentGCThread "G1 Marker#0" [stack: 0x000000ff9d300000,0x000000ff9d400000] [id=8916]
  0x00000245dfc7b000 ConcurrentGCThread "G1 Refine#0" [stack: 0x000000ff9d000000,0x000000ff9d100000] [id=5100]
  0x00000245dfc79000 ConcurrentGCThread "G1 Refine#1" [stack: 0x000000ff9cf00000,0x000000ff9d000000] [id=7624]
  0x00000245dfc75000 ConcurrentGCThread "G1 Refine#2" [stack: 0x000000ff9ce00000,0x000000ff9cf00000] [id=7300]
  0x00000245dfc72000 ConcurrentGCThread "G1 Refine#3" [stack: 0x000000ff9cd00000,0x000000ff9ce00000] [id=5536]
  0x00000245dfc7c000 ConcurrentGCThread "G1 Young RemSet Sampling" [stack: 0x000000ff9d100000,0x000000ff9d200000] [id=3076]

Threads with active compile tasks:
C1 CompilerThread21074       3       java.lang.String::indexOf (113 bytes)
C2 CompilerThread01075       4       java.lang.StringLatin1::indexOf (121 bytes)

VM state:at safepoint (normal execution)

VM Mutex/Monitor currently owned by a thread:  ([mutex/lock_event])
[0x00000245dfc4b6b0] Threads_lock - owner thread: 0x00000245ff3e7800
[0x00000245dfc4a660] Heap_lock - owner thread: 0x00000245dfc4c000

Heap address: 0x00000006dd800000, size: 3624 MB, Compressed Oops mode: Zero based, Oop shift amount: 3
Narrow klass base: 0x0000000000000000, Narrow klass shift: 3
Compressed class space size: 1073741824 Address: 0x00000007c0000000

Heap:
 garbage-first heap   total 233472K, used 14336K [0x00000006dd800000, 0x00000006dd900720, 0x00000007c0000000)
  region size 1024K, 2 young (2048K), 2 survivors (2048K)
 Metaspace       used 15360K, capacity 16324K, committed 16384K, reserved 1062912K
  class space    used 1815K, capacity 2031K, committed 2048K, reserved 1048576K
Heap Regions: E=young(eden), S=young(survivor), O=old, HS=humongous(starts), HC=humongous(continues), CS=collection set, F=free, A=archive, TS=gc time stamp, AC=allocation context, TAMS=top-at-mark-start (previous, next)
|   0|0x00000006dd800000, 0x00000006dd900000, 0x00000006dd900000|100%| O|  |TS  1|AC  0|TAMS 0x00000006dd800000, 0x00000006dd800000|
|   1|0x00000006dd900000, 0x00000006dd9ec600, 0x00000006dda00000| 92%| O|  |TS  1|AC  0|TAMS 0x00000006dd900000, 0x00000006dd900000|
|   2|0x00000006dda00000, 0x00000006dda00000, 0x00000006ddb00000|  0%| F|  |TS  0|AC  0|TAMS 0x00000006dda00000, 0x00000006dda00000|
|   3|0x00000006ddb00000, 0x00000006ddb00000, 0x00000006ddc00000|  0%| F|  |TS  0|AC  0|TAMS 0x00000006ddb00000, 0x00000006ddb00000|
|   4|0x00000006ddc00000, 0x00000006ddc00000, 0x00000006ddd00000|  0%| F|  |TS  0|AC  0|TAMS 0x00000006ddc00000, 0x00000006ddc00000|
|   5|0x00000006ddd00000, 0x00000006ddd00000, 0x00000006dde00000|  0%| F|  |TS  0|AC  0|TAMS 0x00000006ddd00000, 0x00000006ddd00000|
|   6|0x00000006dde00000, 0x00000006dde00000, 0x00000006ddf00000|  0%| F|  |TS  0|AC  0|TAMS 0x00000006dde00000, 0x00000006dde00000|
|   7|0x00000006ddf00000, 0x00000006ddf00000, 0x00000006de000000|  0%| F|  |TS  0|AC  0|TAMS 0x00000006ddf00000, 0x00000006ddf00000|
|   8|0x00000006de000000, 0x00000006de000000, 0x00000006de100000|  0%| F|  |TS  0|AC  0|TAMS 0x00000006de000000, 0x00000006de000000|
|   9|0x00000006de100000, 0x00000006de100000, 0x00000006de200000|  0%| F|  |TS  0|AC  0|TAMS 0x00000006de100000, 0x00000006de100000|
|  10|0x00000006de200000, 0x00000006de200000, 0x00000006de300000|  0%| F|  |TS  0|AC  0|TAMS 0x00000006de200000, 0x00000006de200000|
|  11|0x00000006de300000, 0x00000006de300000, 0x00000006de400000|  0%| F|  |TS  0|AC  0|TAMS 0x00000006de300000, 0x00000006de300000|
|  12|0x00000006de400000, 0x00000006de400000, 0x00000006de500000|  0%| F|  |TS  0|AC  0|TAMS 0x00000006de400000, 0x00000006de400000|
|  13|0x00000006de500000, 0x00000006de500000, 0x00000006de600000|  0%| F|  |TS  0|AC  0|TAMS 0x00000006de500000, 0x00000006de500000|
|  14|0x00000006de600000, 0x00000006de600000, 0x00000006de700000|  0%| F|  |TS  0|AC  0|TAMS 0x00000006de600000, 0x00000006de600000|
|  15|0x00000006de700000, 0x00000006de700000, 0x00000006de800000|  0%| F|  |TS  0|AC  0|TAMS 0x00000006de700000, 0x00000006de700000|
|  16|0x00000006de800000, 0x00000006de800000, 0x00000006de900000|  0%| F|  |TS  0|AC  0|TAMS 0x00000006de800000, 0x00000006de800000|
|  17|0x00000006de900000, 0x00000006de900000, 0x00000006dea00000|  0%| F|  |TS  0|AC  0|TAMS 0x00000006de900000, 0x00000006de900000|
|  18|0x00000006dea00000, 0x00000006dea00000, 0x00000006deb00000|  0%| F|  |TS  0|AC  0|TAMS 0x00000006dea00000, 0x00000006dea00000|
|  19|0x00000006deb00000, 0x00000006deb00000, 0x00000006dec00000|  0%| F|  |TS  0|AC  0|TAMS 0x00000006deb00000, 0x00000006deb00000|
|  20|0x00000006dec00000, 0x00000006dec00000, 0x00000006ded00000|  0%| F|  |TS  0|AC  0|TAMS 0x00000006dec00000, 0x00000006dec00000|
|  21|0x00000006ded00000, 0x00000006ded00000, 0x00000006dee00000|  0%| F|  |TS  0|AC  0|TAMS 0x00000006ded00000, 0x00000006ded00000|
|  22|0x00000006dee00000, 0x00000006dee00000, 0x00000006def00000|  0%| F|  |TS  0|AC  0|TAMS 0x00000006dee00000, 0x00000006dee00000|
|  23|0x00000006def00000, 0x00000006def00000, 0x00000006df000000|  0%| F|  |TS  0|AC  0|TAMS 0x00000006def00000, 0x00000006def00000|
|  24|0x00000006df000000, 0x00000006df000000, 0x00000006df100000|  0%| F|  |TS  0|AC  0|TAMS 0x00000006df000000, 0x00000006df000000|
|  25|0x00000006df100000, 0x00000006df100000, 0x00000006df200000|  0%| F|  |TS  0|AC  0|TAMS 0x00000006df100000, 0x00000006df100000|
|  26|0x00000006df200000, 0x00000006df200000, 0x00000006df300000|  0%| F|  |TS  0|AC  0|TAMS 0x00000006df200000, 0x00000006df200000|
|  27|0x00000006df300000, 0x00000006df300000, 0x00000006df400000|  0%| F|  |TS  0|AC  0|TAMS 0x00000006df300000, 0x00000006df300000|
|  28|0x00000006df400000, 0x00000006df400000, 0x00000006df500000|  0%| F|  |TS  0|AC  0|TAMS 0x00000006df400000, 0x00000006df400000|
|  29|0x00000006df500000, 0x00000006df500000, 0x00000006df600000|  0%| F|  |TS  0|AC  0|TAMS 0x00000006df500000, 0x00000006df500000|
|  30|0x00000006df600000, 0x00000006df600000, 0x00000006df700000|  0%| F|  |TS  0|AC  0|TAMS 0x00000006df600000, 0x00000006df600000|
|  31|0x00000006df700000, 0x00000006df700000, 0x00000006df800000|  0%| F|  |TS  0|AC  0|TAMS 0x00000006df700000, 0x00000006df700000|
|  32|0x00000006df800000, 0x00000006df800000, 0x00000006df900000|  0%| F|  |TS  0|AC  0|TAMS 0x00000006df800000, 0x00000006df800000|
|  33|0x00000006df900000, 0x00000006df900000, 0x00000006dfa00000|  0%| F|  |TS  0|AC  0|TAMS 0x00000006df900000, 0x00000006df900000|
|  34|0x00000006dfa00000, 0x00000006dfa00000, 0x00000006dfb00000|  0%| F|  |TS  0|AC  0|TAMS 0x00000006dfa00000, 0x00000006dfa00000|
|  35|0x00000006dfb00000, 0x00000006dfb00000, 0x00000006dfc00000|  0%| F|  |TS  0|AC  0|TAMS 0x00000006dfb00000, 0x00000006dfb00000|
|  36|0x00000006dfc00000, 0x00000006dfc00000, 0x00000006dfd00000|  0%| F|  |TS  0|AC  0|TAMS 0x00000006dfc00000, 0x00000006dfc00000|
|  37|0x00000006dfd00000, 0x00000006dfd00000, 0x00000006dfe00000|  0%| F|  |TS  0|AC  0|TAMS 0x00000006dfd00000, 0x00000006dfd00000|
|  38|0x00000006dfe00000, 0x00000006dfe00000, 0x00000006dff00000|  0%| F|  |TS  0|AC  0|TAMS 0x00000006dfe00000, 0x00000006dfe00000|
|  39|0x00000006dff00000, 0x00000006dff00000, 0x00000006e0000000|  0%| F|  |TS  0|AC  0|TAMS 0x00000006dff00000, 0x00000006dff00000|
|  40|0x00000006e0000000, 0x00000006e0000000, 0x00000006e0100000|  0%| F|  |TS  0|AC  0|TAMS 0x00000006e0000000, 0x00000006e0000000|
|  41|0x00000006e0100000, 0x00000006e0100000, 0x00000006e0200000|  0%| F|  |TS  0|AC  0|TAMS 0x00000006e0100000, 0x00000006e0100000|
|  42|0x00000006e0200000, 0x00000006e0200000, 0x00000006e0300000|  0%| F|  |TS  0|AC  0|TAMS 0x00000006e0200000, 0x00000006e0200000|
|  43|0x00000006e0300000, 0x00000006e0300000, 0x00000006e0400000|  0%| F|  |TS  0|AC  0|TAMS 0x00000006e0300000, 0x00000006e0300000|
|  44|0x00000006e0400000, 0x00000006e0400000, 0x00000006e0500000|  0%| F|  |TS  0|AC  0|TAMS 0x00000006e0400000, 0x00000006e0400000|
|  45|0x00000006e0500000, 0x00000006e0500000, 0x00000006e0600000|  0%| F|  |TS  0|AC  0|TAMS 0x00000006e0500000, 0x00000006e0500000|
|  46|0x00000006e0600000, 0x00000006e0600000, 0x00000006e0700000|  0%| F|  |TS  0|AC  0|TAMS 0x00000006e0600000, 0x00000006e0600000|
|  47|0x00000006e0700000, 0x00000006e0700000, 0x00000006e0800000|  0%| F|  |TS  0|AC  0|TAMS 0x00000006e0700000, 0x00000006e0700000|
|  48|0x00000006e0800000, 0x00000006e0800000, 0x00000006e0900000|  0%| F|  |TS  0|AC  0|TAMS 0x00000006e0800000, 0x00000006e0800000|
|  49|0x00000006e0900000, 0x00000006e0900000, 0x00000006e0a00000|  0%| F|  |TS  0|AC  0|TAMS 0x00000006e0900000, 0x00000006e0900000|
|  50|0x00000006e0a00000, 0x00000006e0a00000, 0x00000006e0b00000|  0%| F|  |TS  0|AC  0|TAMS 0x00000006e0a00000, 0x00000006e0a00000|
|  51|0x00000006e0b00000, 0x00000006e0b00000, 0x00000006e0c00000|  0%| F|  |TS  0|AC  0|TAMS 0x00000006e0b00000, 0x00000006e0b00000|
|  52|0x00000006e0c00000, 0x00000006e0c00000, 0x00000006e0d00000|  0%| F|  |TS  0|AC  0|TAMS 0x00000006e0c00000, 0x00000006e0c00000|
|  53|0x00000006e0d00000, 0x00000006e0d00000, 0x00000006e0e00000|  0%| F|  |TS  0|AC  0|TAMS 0x00000006e0d00000, 0x00000006e0d00000|
|  54|0x00000006e0e00000, 0x00000006e0e00000, 0x00000006e0f00000|  0%| F|  |TS  0|AC  0|TAMS 0x00000006e0e00000, 0x00000006e0e00000|
|  55|0x00000006e0f00000, 0x00000006e0f00000, 0x00000006e1000000|  0%| F|  |TS  0|AC  0|TAMS 0x00000006e0f00000, 0x00000006e0f00000|
|  56|0x00000006e1000000, 0x00000006e1000000, 0x00000006e1100000|  0%| F|  |TS  0|AC  0|TAMS 0x00000006e1000000, 0x00000006e1000000|
|  57|0x00000006e1100000, 0x00000006e1100000, 0x00000006e1200000|  0%| F|  |TS  0|AC  0|TAMS 0x00000006e1100000, 0x00000006e1100000|
|  58|0x00000006e1200000, 0x00000006e1200000, 0x00000006e1300000|  0%| F|  |TS  0|AC  0|TAMS 0x00000006e1200000, 0x00000006e1200000|
|  59|0x00000006e1300000, 0x00000006e1300000, 0x00000006e1400000|  0%| F|  |TS  0|AC  0|TAMS 0x00000006e1300000, 0x00000006e1300000|
|  60|0x00000006e1400000, 0x00000006e1400000, 0x00000006e1500000|  0%| F|  |TS  0|AC  0|TAMS 0x00000006e1400000, 0x00000006e1400000|
|  61|0x00000006e1500000, 0x00000006e1500000, 0x00000006e1600000|  0%| F|  |TS  0|AC  0|TAMS 0x00000006e1500000, 0x00000006e1500000|
|  62|0x00000006e1600000, 0x00000006e1600000, 0x00000006e1700000|  0%| F|  |TS  0|AC  0|TAMS 0x00000006e1600000, 0x00000006e1600000|
|  63|0x00000006e1700000, 0x00000006e1700000, 0x00000006e1800000|  0%| F|  |TS  0|AC  0|TAMS 0x00000006e1700000, 0x00000006e1700000|
|  64|0x00000006e1800000, 0x00000006e1800000, 0x00000006e1900000|  0%| F|  |TS  0|AC  0|TAMS 0x00000006e1800000, 0x00000006e1800000|
|  65|0x00000006e1900000, 0x00000006e1900000, 0x00000006e1a00000|  0%| F|  |TS  0|AC  0|TAMS 0x00000006e1900000, 0x00000006e1900000|
|  66|0x00000006e1a00000, 0x00000006e1a00000, 0x00000006e1b00000|  0%| F|  |TS  0|AC  0|TAMS 0x00000006e1a00000, 0x00000006e1a00000|
|  67|0x00000006e1b00000, 0x00000006e1b00000, 0x00000006e1c00000|  0%| F|  |TS  0|AC  0|TAMS 0x00000006e1b00000, 0x00000006e1b00000|
|  68|0x00000006e1c00000, 0x00000006e1c00000, 0x00000006e1d00000|  0%| F|  |TS  0|AC  0|TAMS 0x00000006e1c00000, 0x00000006e1c00000|
|  69|0x00000006e1d00000, 0x00000006e1d00000, 0x00000006e1e00000|  0%| F|  |TS  0|AC  0|TAMS 0x00000006e1d00000, 0x00000006e1d00000|
|  70|0x00000006e1e00000, 0x00000006e1e00000, 0x00000006e1f00000|  0%| F|  |TS  0|AC  0|TAMS 0x00000006e1e00000, 0x00000006e1e00000|
|  71|0x00000006e1f00000, 0x00000006e1f00000, 0x00000006e2000000|  0%| F|  |TS  0|AC  0|TAMS 0x00000006e1f00000, 0x00000006e1f00000|
|  72|0x00000006e2000000, 0x00000006e2000000, 0x00000006e2100000|  0%| F|  |TS  0|AC  0|TAMS 0x00000006e2000000, 0x00000006e2000000|
|  73|0x00000006e2100000, 0x00000006e2100000, 0x00000006e2200000|  0%| F|  |TS  0|AC  0|TAMS 0x00000006e2100000, 0x00000006e2100000|
|  74|0x00000006e2200000, 0x00000006e2200000, 0x00000006e2300000|  0%| F|  |TS  0|AC  0|TAMS 0x00000006e2200000, 0x00000006e2200000|
|  75|0x00000006e2300000, 0x00000006e2300000, 0x00000006e2400000|  0%| F|  |TS  0|AC  0|TAMS 0x00000006e2300000, 0x00000006e2300000|
|  76|0x00000006e2400000, 0x00000006e2400000, 0x00000006e2500000|  0%| F|  |TS  0|AC  0|TAMS 0x00000006e2400000, 0x00000006e2400000|
|  77|0x00000006e2500000, 0x00000006e2500000, 0x00000006e2600000|  0%| F|  |TS  0|AC  0|TAMS 0x00000006e2500000, 0x00000006e2500000|
|  78|0x00000006e2600000, 0x00000006e2600000, 0x00000006e2700000|  0%| F|  |TS  0|AC  0|TAMS 0x00000006e2600000, 0x00000006e2600000|
|  79|0x00000006e2700000, 0x00000006e2700000, 0x00000006e2800000|  0%| F|  |TS  0|AC  0|TAMS 0x00000006e2700000, 0x00000006e2700000|
|  80|0x00000006e2800000, 0x00000006e2800000, 0x00000006e2900000|  0%| F|  |TS  0|AC  0|TAMS 0x00000006e2800000, 0x00000006e2800000|
|  81|0x00000006e2900000, 0x00000006e2900000, 0x00000006e2a00000|  0%| F|  |TS  0|AC  0|TAMS 0x00000006e2900000, 0x00000006e2900000|
|  82|0x00000006e2a00000, 0x00000006e2a00000, 0x00000006e2b00000|  0%| F|  |TS  0|AC  0|TAMS 0x00000006e2a00000, 0x00000006e2a00000|
|  83|0x00000006e2b00000, 0x00000006e2b00000, 0x00000006e2c00000|  0%| F|  |TS  0|AC  0|TAMS 0x00000006e2b00000, 0x00000006e2b00000|
|  84|0x00000006e2c00000, 0x00000006e2c00000, 0x00000006e2d00000|  0%| F|  |TS  0|AC  0|TAMS 0x00000006e2c00000, 0x00000006e2c00000|
|  85|0x00000006e2d00000, 0x00000006e2d00000, 0x00000006e2e00000|  0%| F|  |TS  0|AC  0|TAMS 0x00000006e2d00000, 0x00000006e2d00000|
|  86|0x00000006e2e00000, 0x00000006e2e00000, 0x00000006e2f00000|  0%| F|  |TS  0|AC  0|TAMS 0x00000006e2e00000, 0x00000006e2e00000|
|  87|0x00000006e2f00000, 0x00000006e2f00000, 0x00000006e3000000|  0%| F|  |TS  0|AC  0|TAMS 0x00000006e2f00000, 0x00000006e2f00000|
|  88|0x00000006e3000000, 0x00000006e3000000, 0x00000006e3100000|  0%| F|  |TS  0|AC  0|TAMS 0x00000006e3000000, 0x00000006e3000000|
|  89|0x00000006e3100000, 0x00000006e3100000, 0x00000006e3200000|  0%| F|  |TS  0|AC  0|TAMS 0x00000006e3100000, 0x00000006e3100000|
|  90|0x00000006e3200000, 0x00000006e3200000, 0x00000006e3300000|  0%| F|  |TS  0|AC  0|TAMS 0x00000006e3200000, 0x00000006e3200000|
|  91|0x00000006e3300000, 0x00000006e3300000, 0x00000006e3400000|  0%| F|  |TS  0|AC  0|TAMS 0x00000006e3300000, 0x00000006e3300000|
|  92|0x00000006e3400000, 0x00000006e3400000, 0x00000006e3500000|  0%| F|  |TS  0|AC  0|TAMS 0x00000006e3400000, 0x00000006e3400000|
|  93|0x00000006e3500000, 0x00000006e3500000, 0x00000006e3600000|  0%| F|  |TS  0|AC  0|TAMS 0x00000006e3500000, 0x00000006e3500000|
|  94|0x00000006e3600000, 0x00000006e3600000, 0x00000006e3700000|  0%| F|  |TS  0|AC  0|TAMS 0x00000006e3600000, 0x00000006e3600000|
|  95|0x00000006e3700000, 0x00000006e3700000, 0x00000006e3800000|  0%| F|  |TS  0|AC  0|TAMS 0x00000006e3700000, 0x00000006e3700000|
|  96|0x00000006e3800000, 0x00000006e3800000, 0x00000006e3900000|  0%| F|  |TS  0|AC  0|TAMS 0x00000006e3800000, 0x00000006e3800000|
|  97|0x00000006e3900000, 0x00000006e3900000, 0x00000006e3a00000|  0%| F|  |TS  0|AC  0|TAMS 0x00000006e3900000, 0x00000006e3900000|
|  98|0x00000006e3a00000, 0x00000006e3a00000, 0x00000006e3b00000|  0%| F|  |TS  0|AC  0|TAMS 0x00000006e3a00000, 0x00000006e3a00000|
|  99|0x00000006e3b00000, 0x00000006e3b00000, 0x00000006e3c00000|  0%| F|  |TS  0|AC  0|TAMS 0x00000006e3b00000, 0x00000006e3b00000|
| 100|0x00000006e3c00000, 0x00000006e3c00000, 0x00000006e3d00000|  0%| F|  |TS  0|AC  0|TAMS 0x00000006e3c00000, 0x00000006e3c00000|
| 101|0x00000006e3d00000, 0x00000006e3d00000, 0x00000006e3e00000|  0%| F|  |TS  0|AC  0|TAMS 0x00000006e3d00000, 0x00000006e3d00000|
| 102|0x00000006e3e00000, 0x00000006e3e00000, 0x00000006e3f00000|  0%| F|  |TS  0|AC  0|TAMS 0x00000006e3e00000, 0x00000006e3e00000|
| 103|0x00000006e3f00000, 0x00000006e3f00000, 0x00000006e4000000|  0%| F|  |TS  0|AC  0|TAMS 0x00000006e3f00000, 0x00000006e3f00000|
| 104|0x00000006e4000000, 0x00000006e4000000, 0x00000006e4100000|  0%| F|  |TS  0|AC  0|TAMS 0x00000006e4000000, 0x00000006e4000000|
| 105|0x00000006e4100000, 0x00000006e4100000, 0x00000006e4200000|  0%| F|  |TS  0|AC  0|TAMS 0x00000006e4100000, 0x00000006e4100000|
| 106|0x00000006e4200000, 0x00000006e4200000, 0x00000006e4300000|  0%| F|  |TS  0|AC  0|TAMS 0x00000006e4200000, 0x00000006e4200000|
| 107|0x00000006e4300000, 0x00000006e4300000, 0x00000006e4400000|  0%| F|  |TS  0|AC  0|TAMS 0x00000006e4300000, 0x00000006e4300000|
| 108|0x00000006e4400000, 0x00000006e4400000, 0x00000006e4500000|  0%| F|  |TS  0|AC  0|TAMS 0x00000006e4400000, 0x00000006e4400000|
| 109|0x00000006e4500000, 0x00000006e4500000, 0x00000006e4600000|  0%| F|  |TS  0|AC  0|TAMS 0x00000006e4500000, 0x00000006e4500000|
| 110|0x00000006e4600000, 0x00000006e4600000, 0x00000006e4700000|  0%| F|  |TS  0|AC  0|TAMS 0x00000006e4600000, 0x00000006e4600000|
| 111|0x00000006e4700000, 0x00000006e4700000, 0x00000006e4800000|  0%| F|  |TS  0|AC  0|TAMS 0x00000006e4700000, 0x00000006e4700000|
| 112|0x00000006e4800000, 0x00000006e4800000, 0x00000006e4900000|  0%| F|  |TS  0|AC  0|TAMS 0x00000006e4800000, 0x00000006e4800000|
| 113|0x00000006e4900000, 0x00000006e4900000, 0x00000006e4a00000|  0%| F|  |TS  0|AC  0|TAMS 0x00000006e4900000, 0x00000006e4900000|
| 114|0x00000006e4a00000, 0x00000006e4a00000, 0x00000006e4b00000|  0%| F|  |TS  0|AC  0|TAMS 0x00000006e4a00000, 0x00000006e4a00000|
| 115|0x00000006e4b00000, 0x00000006e4b00000, 0x00000006e4c00000|  0%| F|  |TS  0|AC  0|TAMS 0x00000006e4b00000, 0x00000006e4b00000|
| 116|0x00000006e4c00000, 0x00000006e4c00000, 0x00000006e4d00000|  0%| F|  |TS  0|AC  0|TAMS 0x00000006e4c00000, 0x00000006e4c00000|
| 117|0x00000006e4d00000, 0x00000006e4d00000, 0x00000006e4e00000|  0%| F|  |TS  0|AC  0|TAMS 0x00000006e4d00000, 0x00000006e4d00000|
| 118|0x00000006e4e00000, 0x00000006e4e00000, 0x00000006e4f00000|  0%| F|  |TS  0|AC  0|TAMS 0x00000006e4e00000, 0x00000006e4e00000|
| 119|0x00000006e4f00000, 0x00000006e4f00000, 0x00000006e5000000|  0%| F|  |TS  0|AC  0|TAMS 0x00000006e4f00000, 0x00000006e4f00000|
| 120|0x00000006e5000000, 0x00000006e5000000, 0x00000006e5100000|  0%| F|  |TS  0|AC  0|TAMS 0x00000006e5000000, 0x00000006e5000000|
| 121|0x00000006e5100000, 0x00000006e5100000, 0x00000006e5200000|  0%| F|  |TS  0|AC  0|TAMS 0x00000006e5100000, 0x00000006e5100000|
| 122|0x00000006e5200000, 0x00000006e5200000, 0x00000006e5300000|  0%| F|  |TS  0|AC  0|TAMS 0x00000006e5200000, 0x00000006e5200000|
| 123|0x00000006e5300000, 0x00000006e5300000, 0x00000006e5400000|  0%| F|  |TS  0|AC  0|TAMS 0x00000006e5300000, 0x00000006e5300000|
| 124|0x00000006e5400000, 0x00000006e5400000, 0x00000006e5500000|  0%| F|  |TS  0|AC  0|TAMS 0x00000006e5400000, 0x00000006e5400000|
| 125|0x00000006e5500000, 0x00000006e5500000, 0x00000006e5600000|  0%| F|  |TS  0|AC  0|TAMS 0x00000006e5500000, 0x00000006e5500000|
| 126|0x00000006e5600000, 0x00000006e5600000, 0x00000006e5700000|  0%| F|  |TS  0|AC  0|TAMS 0x00000006e5600000, 0x00000006e5600000|
| 127|0x00000006e5700000, 0x00000006e5700000, 0x00000006e5800000|  0%| F|  |TS  0|AC  0|TAMS 0x00000006e5700000, 0x00000006e5700000|
| 128|0x00000006e5800000, 0x00000006e5800000, 0x00000006e5900000|  0%| F|  |TS  0|AC  0|TAMS 0x00000006e5800000, 0x00000006e5800000|
| 129|0x00000006e5900000, 0x00000006e5900000, 0x00000006e5a00000|  0%| F|  |TS  0|AC  0|TAMS 0x00000006e5900000, 0x00000006e5900000|
| 130|0x00000006e5a00000, 0x00000006e5a00000, 0x00000006e5b00000|  0%| F|  |TS  0|AC  0|TAMS 0x00000006e5a00000, 0x00000006e5a00000|
| 131|0x00000006e5b00000, 0x00000006e5b00000, 0x00000006e5c00000|  0%| F|  |TS  0|AC  0|TAMS 0x00000006e5b00000, 0x00000006e5b00000|
| 132|0x00000006e5c00000, 0x00000006e5c00000, 0x00000006e5d00000|  0%| F|  |TS  0|AC  0|TAMS 0x00000006e5c00000, 0x00000006e5c00000|
| 133|0x00000006e5d00000, 0x00000006e5d00000, 0x00000006e5e00000|  0%| F|  |TS  0|AC  0|TAMS 0x00000006e5d00000, 0x00000006e5d00000|
| 134|0x00000006e5e00000, 0x00000006e5e00000, 0x00000006e5f00000|  0%| F|  |TS  0|AC  0|TAMS 0x00000006e5e00000, 0x00000006e5e00000|
| 135|0x00000006e5f00000, 0x00000006e5f00000, 0x00000006e6000000|  0%| F|  |TS  0|AC  0|TAMS 0x00000006e5f00000, 0x00000006e5f00000|
| 136|0x00000006e6000000, 0x00000006e6000000, 0x00000006e6100000|  0%| F|  |TS  0|AC  0|TAMS 0x00000006e6000000, 0x00000006e6000000|
| 137|0x00000006e6100000, 0x00000006e6100000, 0x00000006e6200000|  0%| F|  |TS  0|AC  0|TAMS 0x00000006e6100000, 0x00000006e6100000|
| 138|0x00000006e6200000, 0x00000006e6200000, 0x00000006e6300000|  0%| F|  |TS  0|AC  0|TAMS 0x00000006e6200000, 0x00000006e6200000|
| 139|0x00000006e6300000, 0x00000006e6300000, 0x00000006e6400000|  0%| F|  |TS  0|AC  0|TAMS 0x00000006e6300000, 0x00000006e6300000|
| 140|0x00000006e6400000, 0x00000006e6400000, 0x00000006e6500000|  0%| F|  |TS  0|AC  0|TAMS 0x00000006e6400000, 0x00000006e6400000|
| 141|0x00000006e6500000, 0x00000006e6500000, 0x00000006e6600000|  0%| F|  |TS  0|AC  0|TAMS 0x00000006e6500000, 0x00000006e6500000|
| 142|0x00000006e6600000, 0x00000006e6600000, 0x00000006e6700000|  0%| F|  |TS  0|AC  0|TAMS 0x00000006e6600000, 0x00000006e6600000|
| 143|0x00000006e6700000, 0x00000006e6700000, 0x00000006e6800000|  0%| F|  |TS  0|AC  0|TAMS 0x00000006e6700000, 0x00000006e6700000|
| 144|0x00000006e6800000, 0x00000006e6800000, 0x00000006e6900000|  0%| F|  |TS  0|AC  0|TAMS 0x00000006e6800000, 0x00000006e6800000|
| 145|0x00000006e6900000, 0x00000006e6900000, 0x00000006e6a00000|  0%| F|  |TS  0|AC  0|TAMS 0x00000006e6900000, 0x00000006e6900000|
| 146|0x00000006e6a00000, 0x00000006e6a00000, 0x00000006e6b00000|  0%| F|  |TS  0|AC  0|TAMS 0x00000006e6a00000, 0x00000006e6a00000|
| 147|0x00000006e6b00000, 0x00000006e6b00000, 0x00000006e6c00000|  0%| F|  |TS  0|AC  0|TAMS 0x00000006e6b00000, 0x00000006e6b00000|
| 148|0x00000006e6c00000, 0x00000006e6c00000, 0x00000006e6d00000|  0%| F|  |TS  0|AC  0|TAMS 0x00000006e6c00000, 0x00000006e6c00000|
| 149|0x00000006e6d00000, 0x00000006e6d00000, 0x00000006e6e00000|  0%| F|  |TS  0|AC  0|TAMS 0x00000006e6d00000, 0x00000006e6d00000|
| 150|0x00000006e6e00000, 0x00000006e6e00000, 0x00000006e6f00000|  0%| F|  |TS  0|AC  0|TAMS 0x00000006e6e00000, 0x00000006e6e00000|
| 151|0x00000006e6f00000, 0x00000006e6f00000, 0x00000006e7000000|  0%| F|  |TS  0|AC  0|TAMS 0x00000006e6f00000, 0x00000006e6f00000|
| 152|0x00000006e7000000, 0x00000006e7000000, 0x00000006e7100000|  0%| F|  |TS  0|AC  0|TAMS 0x00000006e7000000, 0x00000006e7000000|
| 153|0x00000006e7100000, 0x00000006e7100000, 0x00000006e7200000|  0%| F|  |TS  0|AC  0|TAMS 0x00000006e7100000, 0x00000006e7100000|
| 154|0x00000006e7200000, 0x00000006e7200000, 0x00000006e7300000|  0%| F|  |TS  0|AC  0|TAMS 0x00000006e7200000, 0x00000006e7200000|
| 155|0x00000006e7300000, 0x00000006e7300000, 0x00000006e7400000|  0%| F|  |TS  0|AC  0|TAMS 0x00000006e7300000, 0x00000006e7300000|
| 156|0x00000006e7400000, 0x00000006e7400000, 0x00000006e7500000|  0%| F|  |TS  0|AC  0|TAMS 0x00000006e7400000, 0x00000006e7400000|
| 157|0x00000006e7500000, 0x00000006e7500000, 0x00000006e7600000|  0%| F|  |TS  0|AC  0|TAMS 0x00000006e7500000, 0x00000006e7500000|
| 158|0x00000006e7600000, 0x00000006e7600000, 0x00000006e7700000|  0%| F|  |TS  0|AC  0|TAMS 0x00000006e7600000, 0x00000006e7600000|
| 159|0x00000006e7700000, 0x00000006e7700000, 0x00000006e7800000|  0%| F|  |TS  0|AC  0|TAMS 0x00000006e7700000, 0x00000006e7700000|
| 160|0x00000006e7800000, 0x00000006e7800000, 0x00000006e7900000|  0%| F|  |TS  0|AC  0|TAMS 0x00000006e7800000, 0x00000006e7800000|
| 161|0x00000006e7900000, 0x00000006e7900000, 0x00000006e7a00000|  0%| F|  |TS  0|AC  0|TAMS 0x00000006e7900000, 0x00000006e7900000|
| 162|0x00000006e7a00000, 0x00000006e7a00000, 0x00000006e7b00000|  0%| F|  |TS  0|AC  0|TAMS 0x00000006e7a00000, 0x00000006e7a00000|
| 163|0x00000006e7b00000, 0x00000006e7b00000, 0x00000006e7c00000|  0%| F|  |TS  0|AC  0|TAMS 0x00000006e7b00000, 0x00000006e7b00000|
| 164|0x00000006e7c00000, 0x00000006e7c00000, 0x00000006e7d00000|  0%| F|  |TS  0|AC  0|TAMS 0x00000006e7c00000, 0x00000006e7c00000|
| 165|0x00000006e7d00000, 0x00000006e7d00000, 0x00000006e7e00000|  0%| F|  |TS  0|AC  0|TAMS 0x00000006e7d00000, 0x00000006e7d00000|
| 166|0x00000006e7e00000, 0x00000006e7e00000, 0x00000006e7f00000|  0%| F|  |TS  0|AC  0|TAMS 0x00000006e7e00000, 0x00000006e7e00000|
| 167|0x00000006e7f00000, 0x00000006e7f00000, 0x00000006e8000000|  0%| F|  |TS  0|AC  0|TAMS 0x00000006e7f00000, 0x00000006e7f00000|
| 168|0x00000006e8000000, 0x00000006e8000000, 0x00000006e8100000|  0%| F|  |TS  0|AC  0|TAMS 0x00000006e8000000, 0x00000006e8000000|
| 169|0x00000006e8100000, 0x00000006e8100000, 0x00000006e8200000|  0%| F|  |TS  0|AC  0|TAMS 0x00000006e8100000, 0x00000006e8100000|
| 170|0x00000006e8200000, 0x00000006e8200000, 0x00000006e8300000|  0%| F|  |TS  0|AC  0|TAMS 0x00000006e8200000, 0x00000006e8200000|
| 171|0x00000006e8300000, 0x00000006e8300000, 0x00000006e8400000|  0%| F|  |TS  0|AC  0|TAMS 0x00000006e8300000, 0x00000006e8300000|
| 172|0x00000006e8400000, 0x00000006e8400000, 0x00000006e8500000|  0%| F|  |TS  0|AC  0|TAMS 0x00000006e8400000, 0x00000006e8400000|
| 173|0x00000006e8500000, 0x00000006e8500000, 0x00000006e8600000|  0%| F|  |TS  0|AC  0|TAMS 0x00000006e8500000, 0x00000006e8500000|
| 174|0x00000006e8600000, 0x00000006e8600000, 0x00000006e8700000|  0%| F|  |TS  0|AC  0|TAMS 0x00000006e8600000, 0x00000006e8600000|
| 175|0x00000006e8700000, 0x00000006e8700000, 0x00000006e8800000|  0%| F|  |TS  0|AC  0|TAMS 0x00000006e8700000, 0x00000006e8700000|
| 176|0x00000006e8800000, 0x00000006e8800000, 0x00000006e8900000|  0%| F|  |TS  0|AC  0|TAMS 0x00000006e8800000, 0x00000006e8800000|
| 177|0x00000006e8900000, 0x00000006e8900000, 0x00000006e8a00000|  0%| F|  |TS  0|AC  0|TAMS 0x00000006e8900000, 0x00000006e8900000|
| 178|0x00000006e8a00000, 0x00000006e8a00000, 0x00000006e8b00000|  0%| F|  |TS  0|AC  0|TAMS 0x00000006e8a00000, 0x00000006e8a00000|
| 179|0x00000006e8b00000, 0x00000006e8b00000, 0x00000006e8c00000|  0%| F|  |TS  0|AC  0|TAMS 0x00000006e8b00000, 0x00000006e8b00000|
| 180|0x00000006e8c00000, 0x00000006e8c00000, 0x00000006e8d00000|  0%| F|  |TS  0|AC  0|TAMS 0x00000006e8c00000, 0x00000006e8c00000|
| 181|0x00000006e8d00000, 0x00000006e8d00000, 0x00000006e8e00000|  0%| F|  |TS  0|AC  0|TAMS 0x00000006e8d00000, 0x00000006e8d00000|
| 182|0x00000006e8e00000, 0x00000006e8e00000, 0x00000006e8f00000|  0%| F|  |TS  0|AC  0|TAMS 0x00000006e8e00000, 0x00000006e8e00000|
| 183|0x00000006e8f00000, 0x00000006e8f00000, 0x00000006e9000000|  0%| F|  |TS  0|AC  0|TAMS 0x00000006e8f00000, 0x00000006e8f00000|
| 184|0x00000006e9000000, 0x00000006e9000000, 0x00000006e9100000|  0%| F|  |TS  0|AC  0|TAMS 0x00000006e9000000, 0x00000006e9000000|
| 185|0x00000006e9100000, 0x00000006e9100000, 0x00000006e9200000|  0%| F|  |TS  0|AC  0|TAMS 0x00000006e9100000, 0x00000006e9100000|
| 186|0x00000006e9200000, 0x00000006e9200000, 0x00000006e9300000|  0%| F|  |TS  0|AC  0|TAMS 0x00000006e9200000, 0x00000006e9200000|
| 187|0x00000006e9300000, 0x00000006e9300000, 0x00000006e9400000|  0%| F|  |TS  0|AC  0|TAMS 0x00000006e9300000, 0x00000006e9300000|
| 188|0x00000006e9400000, 0x00000006e9400000, 0x00000006e9500000|  0%| F|  |TS  0|AC  0|TAMS 0x00000006e9400000, 0x00000006e9400000|
| 189|0x00000006e9500000, 0x00000006e9500000, 0x00000006e9600000|  0%| F|  |TS  0|AC  0|TAMS 0x00000006e9500000, 0x00000006e9500000|
| 190|0x00000006e9600000, 0x00000006e9600000, 0x00000006e9700000|  0%| F|  |TS  0|AC  0|TAMS 0x00000006e9600000, 0x00000006e9600000|
| 191|0x00000006e9700000, 0x00000006e9700000, 0x00000006e9800000|  0%| F|  |TS  0|AC  0|TAMS 0x00000006e9700000, 0x00000006e9700000|
| 192|0x00000006e9800000, 0x00000006e9800000, 0x00000006e9900000|  0%| F|  |TS  0|AC  0|TAMS 0x00000006e9800000, 0x00000006e9800000|
| 193|0x00000006e9900000, 0x00000006e9900000, 0x00000006e9a00000|  0%| F|  |TS  0|AC  0|TAMS 0x00000006e9900000, 0x00000006e9900000|
| 194|0x00000006e9a00000, 0x00000006e9a00000, 0x00000006e9b00000|  0%| F|  |TS  0|AC  0|TAMS 0x00000006e9a00000, 0x00000006e9a00000|
| 195|0x00000006e9b00000, 0x00000006e9b00000, 0x00000006e9c00000|  0%| F|  |TS  0|AC  0|TAMS 0x00000006e9b00000, 0x00000006e9b00000|
| 196|0x00000006e9c00000, 0x00000006e9c00000, 0x00000006e9d00000|  0%| F|  |TS  0|AC  0|TAMS 0x00000006e9c00000, 0x00000006e9c00000|
| 197|0x00000006e9d00000, 0x00000006e9d00000, 0x00000006e9e00000|  0%| F|  |TS  0|AC  0|TAMS 0x00000006e9d00000, 0x00000006e9d00000|
| 198|0x00000006e9e00000, 0x00000006e9e00000, 0x00000006e9f00000|  0%| F|  |TS  0|AC  0|TAMS 0x00000006e9e00000, 0x00000006e9e00000|
| 199|0x00000006e9f00000, 0x00000006e9f00000, 0x00000006ea000000|  0%| F|  |TS  0|AC  0|TAMS 0x00000006e9f00000, 0x00000006e9f00000|
| 200|0x00000006ea000000, 0x00000006ea000000, 0x00000006ea100000|  0%| F|  |TS  0|AC  0|TAMS 0x00000006ea000000, 0x00000006ea000000|
| 201|0x00000006ea100000, 0x00000006ea100000, 0x00000006ea200000|  0%| F|  |TS  0|AC  0|TAMS 0x00000006ea100000, 0x00000006ea100000|
| 202|0x00000006ea200000, 0x00000006ea200000, 0x00000006ea300000|  0%| F|  |TS  0|AC  0|TAMS 0x00000006ea200000, 0x00000006ea200000|
| 203|0x00000006ea300000, 0x00000006ea300000, 0x00000006ea400000|  0%| F|  |TS  0|AC  0|TAMS 0x00000006ea300000, 0x00000006ea300000|
| 204|0x00000006ea400000, 0x00000006ea400000, 0x00000006ea500000|  0%| F|  |TS  0|AC  0|TAMS 0x00000006ea400000, 0x00000006ea400000|
| 205|0x00000006ea500000, 0x00000006ea500000, 0x00000006ea600000|  0%| F|  |TS  0|AC  0|TAMS 0x00000006ea500000, 0x00000006ea500000|
| 206|0x00000006ea600000, 0x00000006ea600000, 0x00000006ea700000|  0%| F|  |TS  0|AC  0|TAMS 0x00000006ea600000, 0x00000006ea600000|
| 207|0x00000006ea700000, 0x00000006ea700000, 0x00000006ea800000|  0%| F|  |TS  0|AC  0|TAMS 0x00000006ea700000, 0x00000006ea700000|
| 208|0x00000006ea800000, 0x00000006ea800000, 0x00000006ea900000|  0%| F|  |TS  0|AC  0|TAMS 0x00000006ea800000, 0x00000006ea800000|
| 209|0x00000006ea900000, 0x00000006ea900000, 0x00000006eaa00000|  0%| F|  |TS  0|AC  0|TAMS 0x00000006ea900000, 0x00000006ea900000|
| 210|0x00000006eaa00000, 0x00000006eaa00000, 0x00000006eab00000|  0%| F|  |TS  0|AC  0|TAMS 0x00000006eaa00000, 0x00000006eaa00000|
| 211|0x00000006eab00000, 0x00000006eab00000, 0x00000006eac00000|  0%| F|  |TS  0|AC  0|TAMS 0x00000006eab00000, 0x00000006eab00000|
| 212|0x00000006eac00000, 0x00000006ead00000, 0x00000006ead00000|100%| S|  |TS  1|AC  0|TAMS 0x00000006eac00000, 0x00000006eac00000|
| 213|0x00000006ead00000, 0x00000006eae00000, 0x00000006eae00000|100%| S|  |TS  1|AC  0|TAMS 0x00000006ead00000, 0x00000006ead00000|
| 214|0x00000006eae00000, 0x00000006eae00000, 0x00000006eaf00000|  0%| F|  |TS  1|AC  0|TAMS 0x00000006eae00000, 0x00000006eae00000|
| 215|0x00000006eaf00000, 0x00000006eaf00000, 0x00000006eb000000|  0%| F|  |TS  1|AC  0|TAMS 0x00000006eaf00000, 0x00000006eaf00000|
| 216|0x00000006eb000000, 0x00000006eb000000, 0x00000006eb100000|  0%| F|  |TS  1|AC  0|TAMS 0x00000006eb000000, 0x00000006eb000000|
| 217|0x00000006eb100000, 0x00000006eb100000, 0x00000006eb200000|  0%| F|  |TS  1|AC  0|TAMS 0x00000006eb100000, 0x00000006eb100000|
| 218|0x00000006eb200000, 0x00000006eb200000, 0x00000006eb300000|  0%| F|  |TS  1|AC  0|TAMS 0x00000006eb200000, 0x00000006eb200000|
| 219|0x00000006eb300000, 0x00000006eb300000, 0x00000006eb400000|  0%| F|  |TS  1|AC  0|TAMS 0x00000006eb300000, 0x00000006eb300000|
| 220|0x00000006eb400000, 0x00000006eb400000, 0x00000006eb500000|  0%| F|  |TS  1|AC  0|TAMS 0x00000006eb400000, 0x00000006eb400000|
| 221|0x00000006eb500000, 0x00000006eb500000, 0x00000006eb600000|  0%| F|  |TS  1|AC  0|TAMS 0x00000006eb500000, 0x00000006eb500000|
| 222|0x00000006eb600000, 0x00000006eb600000, 0x00000006eb700000|  0%| F|  |TS  1|AC  0|TAMS 0x00000006eb600000, 0x00000006eb600000|
| 223|0x00000006eb700000, 0x00000006eb700000, 0x00000006eb800000|  0%| F|  |TS  1|AC  0|TAMS 0x00000006eb700000, 0x00000006eb700000|
| 224|0x00000006eb800000, 0x00000006eb800000, 0x00000006eb900000|  0%| F|  |TS  1|AC  0|TAMS 0x00000006eb800000, 0x00000006eb800000|
| 225|0x00000006eb900000, 0x00000006eb900000, 0x00000006eba00000|  0%| F|  |TS  1|AC  0|TAMS 0x00000006eb900000, 0x00000006eb900000|
| 226|0x00000006eba00000, 0x00000006eba00000, 0x00000006ebb00000|  0%| F|  |TS  1|AC  0|TAMS 0x00000006eba00000, 0x00000006eba00000|
| 227|0x00000006ebb00000, 0x00000006ebb00000, 0x00000006ebc00000|  0%| F|  |TS  1|AC  0|TAMS 0x00000006ebb00000, 0x00000006ebb00000|

Card table byte_map: [0x00000245f8560000,0x00000245f8c80000] byte_map_base: 0x00000245f4e74000

Marking Bits (Prev, Next): (CMBitMap*) 0x00000245fccb9530, (CMBitMap*) 0x00000245fccb9568
 Prev Bits: [0x00000245f93a0000, 0x00000245fcc40000)
 Next Bits: [0x0000024580000000, 0x00000245838a0000)

Polling page: 0x00000245ddb50000

CodeHeap 'non-profiled nmethods': size=120064Kb used=405Kb max_used=405Kb free=119658Kb
 bounds [0x00000245efbb0000, 0x00000245efe20000, 0x00000245f70f0000]
CodeHeap 'profiled nmethods': size=120000Kb used=1911Kb max_used=1911Kb free=118089Kb
 bounds [0x00000245e8680000, 0x00000245e88f0000, 0x00000245efbb0000]
CodeHeap 'non-nmethods': size=5696Kb used=1335Kb max_used=1344Kb free=4360Kb
 bounds [0x00000245e80f0000, 0x00000245e8360000, 0x00000245e8680000]
 total_blobs=1837 nmethods=1074 adapters=466
 compilation: enabled

Compilation events (10 events):
Event: 0.552 Thread 0x00000245ff449000 1071       3       java.util.ArrayDeque::inc (12 bytes)
Event: 0.552 Thread 0x00000245ff449000 nmethod 1071 0x00000245e8859d10 code [0x00000245e8859ec0, 0x00000245e885a038]
Event: 0.552 Thread 0x00000245ff449000 1072       3       java.lang.ClassLoader::checkPackageAccess (111 bytes)
Event: 0.552 Thread 0x00000245ff43e000 1075       4       java.lang.StringLatin1::indexOf (121 bytes)
Event: 0.553 Thread 0x00000245ff449000 nmethod 1072 0x00000245e885a110 code [0x00000245e885a400, 0x00000245e885b770]
Event: 0.553 Thread 0x00000245ff449000 1076       3       java.util.zip.ZipFile$Source::getEntryPos (208 bytes)
Event: 0.554 Thread 0x00000245ff449000 nmethod 1076 0x00000245e885bd90 code [0x00000245e885c000, 0x00000245e885cd90]
Event: 0.554 Thread 0x00000245ff449000 1073       3       java.lang.String::indexOf (18 bytes)
Event: 0.554 Thread 0x00000245ff449000 nmethod 1073 0x00000245e885d410 code [0x00000245e885d5e0, 0x00000245e885da70]
Event: 0.554 Thread 0x00000245ff449000 1074       3       java.lang.String::indexOf (113 bytes)

GC Heap History (1 events):
Event: 0.554 GC heap before
{Heap before GC invocations=0 (full 0):
 garbage-first heap   total 233472K, used 14336K [0x00000006dd800000, 0x00000006dd900720, 0x00000007c0000000)
  region size 1024K, 14 young (14336K), 0 survivors (0K)
 Metaspace       used 15360K, capacity 16324K, committed 16384K, reserved 1062912K
  class space    used 1815K, capacity 2031K, committed 2048K, reserved 1048576K
}

Deoptimization events (5 events):
Event: 0.318 Thread 0x00000245dfc4c000 Uncommon trap: reason=unstable_if action=reinterpret pc=0x00000245efbd9cb0 method=jdk.internal.org.objectweb.asm.Type.getArgumentsAndReturnSizes(Ljava/lang/String;)I @ 88 c2
Event: 0.322 Thread 0x00000245dfc4c000 Uncommon trap: reason=unstable_if action=reinterpret pc=0x00000245efbe4ee0 method=java.util.concurrent.ConcurrentHashMap.get(Ljava/lang/Object;)Ljava/lang/Object; @ 138 c2
Event: 0.388 Thread 0x00000245dfc4c000 Uncommon trap: reason=unstable_if action=reinterpret pc=0x00000245efbf3b10 method=jdk.internal.org.objectweb.asm.Frame.execute(IILjdk/internal/org/objectweb/asm/ClassWriter;Ljdk/internal/org/objectweb/asm/Item;)V @ 2207 c2
Event: 0.462 Thread 0x00000245dfc4c000 Uncommon trap: reason=unstable_if action=reinterpret pc=0x00000245efbb8828 method=java.util.HashMap.hash(Ljava/lang/Object;)I @ 1 c2
Event: 0.482 Thread 0x00000245dfc4c000 Uncommon trap: reason=unstable_if action=reinterpret pc=0x00000245efbf9c64 method=java.lang.StringUTF16.compress([CI[BII)I @ 20 c2

Classes redefined (0 events):
No events

Internal exceptions (10 events):
Event: 0.318 Thread 0x00000245dfc4c000 Exception <a 'java/lang/NoSuchMethodError'{0x00000006eb459820}: java.lang.Object.lambda$negate$3(I)Z> (0x00000006eb459820) thrown at [t:/workspace/hotspot/src/share/vm/interpreter/linkResolver.cpp, line 731]
Event: 0.320 Thread 0x00000245dfc4c000 Exception <a 'java/lang/NoSuchMethodError'{0x00000006eb464bd8}: java.lang.Object.lambda$union$1(Ljava/util/regex/Pattern$CharPredicate;I)Z> (0x00000006eb464bd8) thrown at [t:/workspace/hotspot/src/share/vm/interpreter/linkResolver.cpp, line 731]
Event: 0.336 Thread 0x00000245dfc4c000 Exception <a 'java/lang/NoSuchMethodError'{0x00000006eb4ff360}: java.lang.Object.lambda$union$2(Ljava/util/regex/Pattern$CharPredicate;I)Z> (0x00000006eb4ff360) thrown at [t:/workspace/hotspot/src/share/vm/interpreter/linkResolver.cpp, line 731]
Event: 0.371 Thread 0x00000245dfc4c000 Exception <a 'java/lang/NoClassDefFoundError'{0x00000006eb21c788}: com/sun/jna/Platform> (0x00000006eb21c788) thrown at [t:/workspace/hotspot/src/share/vm/classfile/systemDictionary.cpp, line 207]
Event: 0.423 Thread 0x00000245dfc4c000 Exception <a 'java/lang/NoSuchMethodError'{0x00000006eb1eac58}: java.lang.invoke.DirectMethodHandle$Holder.invokeStaticInit(Ljava/lang/Object;)V> (0x00000006eb1eac58) thrown at [t:/workspace/hotspot/src/share/vm/interpreter/linkResolver.cpp, line 731]
Event: 0.462 Thread 0x00000245dfc4c000 Implicit null exception at 0x00000245efbb87af to 0x00000245efbb8819
Event: 0.489 Thread 0x00000245dfc4c000 Exception <a 'java/lang/NoSuchMethodError'{0x00000006eafd8e98}: java.lang.invoke.DirectMethodHandle$Holder.invokeStatic(Ljava/lang/Object;Ljava/lang/Object;Ljava/lang/Object;Ljava/lang/Object;Ljava/lang/Object;Ljava/lang/Object;Ljava/lang/Object;Ljava/lan
Event: 0.490 Thread 0x00000245dfc4c000 Exception <a 'java/lang/NoSuchMethodError'{0x00000006eaff7050}: java.lang.invoke.DirectMethodHandle$Holder.invokeStatic(Ljava/lang/Object;Ljava/lang/Object;Ljava/lang/Object;Ljava/lang/Object;Ljava/lang/Object;Ljava/lang/Object;Ljava/lang/Object;Ljava/lan
Event: 0.491 Thread 0x00000245dfc4c000 Exception <a 'java/lang/NoSuchMethodError'{0x00000006eae16850}: java.lang.invoke.DirectMethodHandle$Holder.invokeStatic(Ljava/lang/Object;Ljava/lang/Object;Ljava/lang/Object;Ljava/lang/Object;Ljava/lang/Object;Ljava/lang/Object;Ljava/lang/Object;Ljava/lan
Event: 0.493 Thread 0x00000245dfc4c000 Exception <a 'java/lang/NoSuchMethodError'{0x00000006eae37248}: java.lang.invoke.DirectMethodHandle$Holder.invokeStatic(Ljava/lang/Object;Ljava/lang/Object;Ljava/lang/Object;Ljava/lang/Object;Ljava/lang/Object;Ljava/lang/Object;Ljava/lang/Object;Ljava/lan

Events (10 events):
Event: 0.553 loading class java/util/concurrent/RunnableFuture
Event: 0.553 loading class java/util/concurrent/RunnableFuture done
Event: 0.553 loading class java/util/concurrent/ScheduledFuture
Event: 0.553 loading class java/util/concurrent/Delayed
Event: 0.553 loading class java/util/concurrent/Delayed done
Event: 0.553 loading class java/util/concurrent/ScheduledFuture done
Event: 0.553 loading class java/util/concurrent/RunnableScheduledFuture done
Event: 0.553 loading class jdk/internal/math/FDBigInteger
Event: 0.554 loading class jdk/internal/math/FDBigInteger done
Event: 0.554 Executing VM operation: G1IncCollectionPause


Dynamic libraries:
0x00007ff63ad50000 - 0x00007ff63ad8e000 	C:\Program Files\Java\jre-9.0.4\bin\javaw.exe
0x00007fff056e0000 - 0x00007fff058c0000 	C:\Windows\SYSTEM32\ntdll.dll
0x00007fff03960000 - 0x00007fff03a0e000 	C:\Windows\System32\KERNEL32.DLL
0x00007fff02440000 - 0x00007fff026a6000 	C:\Windows\System32\KERNELBASE.dll
0x00007fff03dc0000 - 0x00007fff03e61000 	C:\Windows\System32\ADVAPI32.dll
0x00007fff03a10000 - 0x00007fff03aad000 	C:\Windows\System32\msvcrt.dll
0x00007fff03ef0000 - 0x00007fff03f4b000 	C:\Windows\System32\sechost.dll
0x00007fff03030000 - 0x00007fff0314f000 	C:\Windows\System32\RPCRT4.dll
0x00007fff032c0000 - 0x00007fff0344f000 	C:\Windows\System32\USER32.dll
0x00007fff02420000 - 0x00007fff02440000 	C:\Windows\System32\win32u.dll
0x00007fff02bb0000 - 0x00007fff02bd8000 	C:\Windows\System32\GDI32.dll
0x00007fff02730000 - 0x00007fff028c3000 	C:\Windows\System32\gdi32full.dll
0x00007fff02380000 - 0x00007fff0241b000 	C:\Windows\System32\msvcp_win.dll
0x00007fff01b30000 - 0x00007fff01c26000 	C:\Windows\System32\ucrtbase.dll
0x00007ffef5a00000 - 0x00007ffef5c69000 	C:\Windows\WinSxS\amd64_microsoft.windows.common-controls_6595b64144ccf1df_6.0.16299.192_none_15c8cdae9364c23b\COMCTL32.dll
0x00007fff03450000 - 0x00007fff03758000 	C:\Windows\System32\combase.dll
0x00007ffefedb0000 - 0x00007ffefedba000 	C:\Windows\SYSTEM32\VERSION.dll
0x00007fff026b0000 - 0x00007fff02722000 	C:\Windows\System32\bcryptPrimitives.dll
0x00007fff03ab0000 - 0x00007fff03add000 	C:\Windows\System32\IMM32.DLL
0x00007ffef30b0000 - 0x00007ffef319f000 	C:\Program Files\Java\jre-9.0.4\bin\msvcr120.dll
0x00007ffee81b0000 - 0x00007ffee8256000 	C:\Program Files\Java\jre-9.0.4\bin\msvcp120.dll
0x000000006ae60000 - 0x000000006b885000 	C:\Program Files\Java\jre-9.0.4\bin\server\jvm.dll
0x00007fff03fd0000 - 0x00007fff03fd8000 	C:\Windows\System32\PSAPI.DLL
0x00007ffefd930000 - 0x00007ffefd953000 	C:\Windows\SYSTEM32\WINMM.dll
0x00007ffef4120000 - 0x00007ffef4129000 	C:\Windows\SYSTEM32\WSOCK32.dll
0x00007fff03e70000 - 0x00007fff03edc000 	C:\Windows\System32\WS2_32.dll
0x00007ffefd4a0000 - 0x00007ffefd4ca000 	C:\Windows\SYSTEM32\winmmbase.dll
0x00007fff01ae0000 - 0x00007fff01b2a000 	C:\Windows\System32\cfgmgr32.dll
0x00007ffeffdc0000 - 0x00007ffeffdcf000 	C:\Program Files\Java\jre-9.0.4\bin\verify.dll
0x00007ffef7600000 - 0x00007ffef7627000 	C:\Program Files\Java\jre-9.0.4\bin\java.dll
0x00007ffefe680000 - 0x00007ffefe696000 	C:\Program Files\Java\jre-9.0.4\bin\zip.dll
0x00007ffeffdb0000 - 0x00007ffeffdba000 	C:\Program Files\Java\jre-9.0.4\bin\jimage.dll
0x00007fff03ff0000 - 0x00007fff05426000 	C:\Windows\System32\SHELL32.dll
0x00007fff03d10000 - 0x00007fff03db6000 	C:\Windows\System32\shcore.dll
0x00007fff01c30000 - 0x00007fff02377000 	C:\Windows\System32\windows.storage.dll
0x00007fff03b40000 - 0x00007fff03b91000 	C:\Windows\System32\shlwapi.dll
0x00007fff01a70000 - 0x00007fff01a81000 	C:\Windows\System32\kernel.appcore.dll
0x00007fff01a90000 - 0x00007fff01adc000 	C:\Windows\System32\powrprof.dll
0x00007fff01a30000 - 0x00007fff01a4b000 	C:\Windows\System32\profapi.dll
0x00007ffefcd30000 - 0x00007ffefcd4a000 	C:\Program Files\Java\jre-9.0.4\bin\net.dll
0x00007ffefaa30000 - 0x00007ffefab0e000 	C:\Windows\SYSTEM32\WINHTTP.dll
0x00007fff00f70000 - 0x00007fff00fd6000 	C:\Windows\system32\mswsock.dll
0x00007ffefb530000 - 0x00007ffefb541000 	C:\Program Files\Java\jre-9.0.4\bin\nio.dll
0x00007ffedc260000 - 0x00007ffedc3f9000 	C:\Program Files\Java\jre-9.0.4\bin\awt.dll
0x00007fff03c40000 - 0x00007fff03d05000 	C:\Windows\System32\OLEAUT32.dll
0x00007ffefdf00000 - 0x00007ffefe4b8000 	C:\Windows\SYSTEM32\d2d1.dll
0x00007fff02930000 - 0x00007fff02afe000 	C:\Windows\System32\CRYPT32.dll
0x00007fff01a50000 - 0x00007fff01a62000 	C:\Windows\System32\MSASN1.dll
0x00007ffefeb70000 - 0x00007ffefebf8000 	C:\Windows\SYSTEM32\apphelp.dll
0x00007ffeff550000 - 0x00007ffeff57a000 	C:\Windows\system32\DWMAPI.DLL
0x00007ffefeca0000 - 0x00007ffefed35000 	C:\Windows\system32\uxtheme.dll
0x00007ffee51e0000 - 0x00007ffee52fe000 	C:\Windows\system32\opengl32.dll
0x00007ffee57d0000 - 0x00007ffee57fc000 	C:\Windows\SYSTEM32\GLU32.dll
0x00007fff03150000 - 0x00007fff032b7000 	C:\Windows\System32\MSCTF.dll
0x00007fff05430000 - 0x00007fff05579000 	C:\Windows\System32\ole32.dll
0x00007fff00d40000 - 0x00007fff00df6000 	C:\Windows\SYSTEM32\DNSAPI.dll
0x00007fff03fe0000 - 0x00007fff03fe8000 	C:\Windows\System32\NSI.dll
0x00007fff00d00000 - 0x00007fff00d39000 	C:\Windows\SYSTEM32\IPHLPAPI.DLL
0x00007ffef9830000 - 0x00007ffef983a000 	C:\Windows\System32\rasadhlp.dll
0x00007ffef9ad0000 - 0x00007ffef9b40000 	C:\Windows\System32\fwpuclnt.dll
0x00007fff01360000 - 0x00007fff01385000 	C:\Windows\SYSTEM32\bcrypt.dll
0x00007ffee7020000 - 0x00007ffee70bd000 	C:\Program Files\Java\jre-9.0.4\bin\fontmanager.dll
0x00007ffef6f00000 - 0x00007ffef6f42000 	C:\Program Files\Java\jre-9.0.4\bin\t2k.dll
0x00007ffefc860000 - 0x00007ffefc86c000 	C:\Program Files\Java\jre-9.0.4\bin\jsound.dll
0x00007ffefc850000 - 0x00007ffefc85b000 	C:\Program Files\Java\jre-9.0.4\bin\jsoundds.dll
0x00007ffed8600000 - 0x00007ffed868f000 	C:\Windows\SYSTEM32\DSOUND.dll
0x00007fff03ba0000 - 0x00007fff03c3e000 	C:\Windows\System32\clbcatq.dll
0x00007ffefa9c0000 - 0x00007ffefaa2f000 	C:\Windows\System32\MMDevApi.dll
0x00007ffeff9e0000 - 0x00007ffeffb91000 	C:\Windows\System32\PROPSYS.dll
0x00007fff01840000 - 0x00007fff01867000 	C:\Windows\System32\DEVOBJ.dll
0x00007ffef0570000 - 0x00007ffef05b2000 	C:\Windows\SYSTEM32\wdmaud.drv
0x00007ffefc820000 - 0x00007ffefc829000 	C:\Windows\SYSTEM32\ksuser.dll
0x00007ffefb830000 - 0x00007ffefb83a000 	C:\Windows\SYSTEM32\AVRT.dll
0x00007ffef6790000 - 0x00007ffef68b2000 	C:\Windows\SYSTEM32\AUDIOSES.DLL
0x00007ffefce90000 - 0x00007ffefcfc6000 	C:\Windows\SYSTEM32\wintypes.dll
0x00007ffef7700000 - 0x00007ffef770c000 	C:\Windows\SYSTEM32\msacm32.drv
0x00007ffef3050000 - 0x00007ffef306c000 	C:\Windows\SYSTEM32\MSACM32.dll
0x00007ffef7530000 - 0x00007ffef753a000 	C:\Windows\SYSTEM32\midimap.dll
0x00007fff01390000 - 0x00007fff01558000 	C:\Windows\SYSTEM32\dbghelp.dll

VM Arguments:
jvm_args: -Dfile.encoding=Cp1252 
java_command: view.Fenetre
java_class_path (initial): C:\Users\pierr\Developpement\Projet\bin;C:\Users\pierr\Developpement\Projet\mariadb-java-client-2.2.1.jar;C:\Users\pierr\Developpement\Projet\bislider.jar
Launcher Type: SUN_STANDARD

Logging:
Log output configuration:
#0: stdout all=warning uptime,level,tags
#1: stderr all=off uptime,level,tags

Environment Variables:
PATH=C:\ProgramData\Oracle\Java\javapath;C:\Windows\system32;C:\Windows;C:\Windows\System32\Wbem;C:\Windows\System32\WindowsPowerShell\v1.0\;C:\Program Files (x86)\NVIDIA Corporation\PhysX\Common;C:\Users\pierr\AppData\Local\Microsoft\WindowsApps;C:\Users\pierr\AppData\Local\atom\bin;C:\Users\pierr\AppData\Local\GitHubDesktop\bin
USERNAME=pierr
OS=Windows_NT
PROCESSOR_IDENTIFIER=Intel64 Family 6 Model 142 Stepping 9, GenuineIntel



---------------  S Y S T E M  ---------------

OS: Windows 10 , 64 bit Build 16299 (10.0.16299.15)

CPU:total 4 (initial active 4) (2 cores per cpu, 2 threads per core) family 6 model 142 stepping 9, cmov, cx8, fxsr, mmx, sse, sse2, sse3, ssse3, sse4.1, sse4.2, popcnt, avx, avx2, aes, clmul, erms, 3dnowpref, lzcnt, ht, tsc, tscinvbit, bmi1, bmi2, adx, fma

Memory: 4k page, physical 14839936k(10457404k free), swap 17068160k(9315048k free)

vm_info: Java HotSpot(TM) 64-Bit Server VM (9.0.4+11) for windows-amd64 JRE (9.0.4+11), built on Dec 20 2017 02:18:54 by "mach5one" with MS VC++ 12.0 (VS2013)

END.
