#
# A fatal error has been detected by the Java Runtime Environment:
#
#  EXCEPTION_ACCESS_VIOLATION (0xc0000005) at pc=0x0000000053b0b529, pid=1592, tid=9704
#
# JRE version: Java(TM) SE Runtime Environment (9.0+11) (build 9.0.4+11)
# Java VM: Java HotSpot(TM) 64-Bit Server VM (9.0.4+11, mixed mode, tiered, compressed oops, g1 gc, windows-amd64)
# Problematic frame:
# V  [jvm.dll+0x28b529]
#
# No core dump will be written. Minidumps are not enabled by default on client versions of Windows
#
# If you would like to submit a bug report, please visit:
#   http://bugreport.java.com/bugreport/crash.jsp
#

---------------  S U M M A R Y ------------

Command Line: -Dfile.encoding=Cp1252 view.Fenetre

Host: Intel(R) Core(TM) i7-7500U CPU @ 2.70GHz, 4 cores, 14G,  Windows 10 , 64 bit Build 16299 (10.0.16299.15)
Time: Thu Feb 08 15:33:42 2018 Paris, Madrid elapsed time: 0 seconds (0d 0h 0m 0s)

---------------  T H R E A D  ---------------

Current thread (0x000001bc6e827800):  JavaThread "C2 CompilerThread1" daemon [_thread_in_native, id=9704, stack(0x0000007c71700000,0x0000007c71800000)]


Current CompileTask:
C2:    276  530       4       jdk.internal.org.objectweb.asm.Frame::execute (2252 bytes)

Stack: [0x0000007c71700000,0x0000007c71800000],  sp=0x0000007c717fb680,  free space=1005k
Native frames: (J=compiled Java code, j=interpreted, Vv=VM code, C=native code)
V  [jvm.dll+0x28b529]
V  [jvm.dll+0x4aedea]
V  [jvm.dll+0x1eaeb0]
V  [jvm.dll+0x1e8d11]
V  [jvm.dll+0x1691cb]
V  [jvm.dll+0x1f6570]
V  [jvm.dll+0x1f51f6]
V  [jvm.dll+0x66b44f]
V  [jvm.dll+0x586490]
C  [msvcr120.dll+0x24f7f]
C  [msvcr120.dll+0x25126]
C  [KERNEL32.DLL+0x11fe4]
C  [ntdll.dll+0x6efb1]


siginfo: EXCEPTION_ACCESS_VIOLATION (0xc0000005), reading address 0x000001b86fbb68a8


Register to memory mapping:

RIP=0x0000000053b0b529 jvm.dll
RAX=0x000000000000193c is an unknown value
RBX=0x000001bc6fbb68a0 is an unknown value
RCX=0x0000000000000000 is an unknown value
RDX=0x000001b86fbb68a0 is an unknown value
RSP=0x0000007c717fb680 is pointing into the stack for thread: 0x000001bc6e827800
RBP=0x000001bc6fb95740 is an unknown value
RSI=0x0000000000000000 is an unknown value
RDI=0x0000000000000000 is an unknown value
R8 =0x000001bc6fbb7110 is an unknown value
R9 =0x000000000000069f is an unknown value
R10=0x000001bc6fbb6990 is an unknown value
R11=0x000001bc6fbb6940 is an unknown value
R12=0x000001bc6fa67d80 is an unknown value
R13=0x000001bc6f247218 is an unknown value
R14=0x000001bc6fbb68f0 is an unknown value
R15=0x000001bc6facfd20 is an unknown value


Registers:
RAX=0x000000000000193c, RBX=0x000001bc6fbb68a0, RCX=0x0000000000000000, RDX=0x000001b86fbb68a0
RSP=0x0000007c717fb680, RBP=0x000001bc6fb95740, RSI=0x0000000000000000, RDI=0x0000000000000000
R8 =0x000001bc6fbb7110, R9 =0x000000000000069f, R10=0x000001bc6fbb6990, R11=0x000001bc6fbb6940
R12=0x000001bc6fa67d80, R13=0x000001bc6f247218, R14=0x000001bc6fbb68f0, R15=0x000001bc6facfd20
RIP=0x0000000053b0b529, EFLAGS=0x0000000000010246

Top of Stack: (sp=0x0000007c717fb680)
0x0000007c717fb680:   000001bc6fbb68f0 000001bc6fb95740
0x0000007c717fb690:   0000000000000000 0000000000000001
0x0000007c717fb6a0:   000000000000069e 000001bc6fa67d80
0x0000007c717fb6b0:   000001bc6fa6e690 000000000009d410
0x0000007c717fb6c0:   000001bc6fb95740 000001bc6fa6fd68
0x0000007c717fb6d0:   000001bc6e7d5800 000000005405b1e0
0x0000007c717fb6e0:   000001bc6e7d5800 0000000000000100
0x0000007c717fb6f0:   000001bc6f8e2670 0000000000000010
0x0000007c717fb700:   000001bc6fa5fe50 000001bc6e7d5800
0x0000007c717fb710:   0000000000000001 000001bc6e81ed38
0x0000007c717fb720:   0000000000000000 0000007c717fbd00
0x0000007c717fb730:   0000000000000001 0000007c717fb850
0x0000007c717fb740:   0000000000000000 0000000053d2edea
0x0000007c717fb750:   0000007c717fbd00 0000007c00000bb2
0x0000007c717fb760:   000001bc6facfd20 000001bc6fbb68f0
0x0000007c717fb770:   000001bc6f9f8f10 00000000b3001caf 

Instructions: (pc=0x0000000053b0b529)
0x0000000053b0b509:   53 18 49 8b 40 20 48 89 43 20 48 8b 43 20 48 8b
0x0000000053b0b519:   4b 18 48 8b 50 18 8b 41 08 39 42 08 48 0f 43 d1
0x0000000053b0b529:   8b 42 08 41 3b 46 08 73 04 41 89 46 08 ff c7 41
0x0000000053b0b539:   3b 7d 18 0f 82 4e ff ff ff 41 8b 46 08 4c 8b c5 



---------------  P R O C E S S  ---------------

Java Threads: ( => current thread )
  0x000001bc6f886000 JavaThread "AWT-Windows" daemon [_thread_in_native, id=32, stack(0x0000007c71f00000,0x0000007c72000000)]
  0x000001bc6f885800 JavaThread "AWT-Shutdown" [_thread_blocked, id=4388, stack(0x0000007c71e00000,0x0000007c71f00000)]
  0x000001bc6f87a000 JavaThread "Java2D Disposer" daemon [_thread_blocked, id=1696, stack(0x0000007c71d00000,0x0000007c71e00000)]
  0x000001bc6f357000 JavaThread "Service Thread" daemon [_thread_blocked, id=2672, stack(0x0000007c71b00000,0x0000007c71c00000)]
  0x000001bc6f239000 JavaThread "Common-Cleaner" daemon [_thread_blocked, id=548, stack(0x0000007c71a00000,0x0000007c71b00000)]
  0x000001bc6e834800 JavaThread "Sweeper thread" daemon [_thread_blocked, id=4416, stack(0x0000007c71900000,0x0000007c71a00000)]
  0x000001bc6e82e800 JavaThread "C1 CompilerThread2" daemon [_thread_blocked, id=6880, stack(0x0000007c71800000,0x0000007c71900000)]
=>0x000001bc6e827800 JavaThread "C2 CompilerThread1" daemon [_thread_in_native, id=9704, stack(0x0000007c71700000,0x0000007c71800000)]
  0x000001bc6e81c000 JavaThread "C2 CompilerThread0" daemon [_thread_blocked, id=10312, stack(0x0000007c71600000,0x0000007c71700000)]
  0x000001bc6e818000 JavaThread "Attach Listener" daemon [_thread_blocked, id=3232, stack(0x0000007c71500000,0x0000007c71600000)]
  0x000001bc6e817800 JavaThread "Signal Dispatcher" daemon [_thread_blocked, id=9588, stack(0x0000007c71400000,0x0000007c71500000)]
  0x000001bc6e7db000 JavaThread "Finalizer" daemon [_thread_blocked, id=7564, stack(0x0000007c71300000,0x0000007c71400000)]
  0x000001bc6e7da000 JavaThread "Reference Handler" daemon [_thread_blocked, id=5512, stack(0x0000007c71200000,0x0000007c71300000)]
  0x000001bc4b86b800 JavaThread "main" [_thread_in_vm, id=196, stack(0x0000007c70500000,0x0000007c70600000)]

Other Threads:
  0x000001bc6e802000 VMThread "VM Thread" [stack: 0x0000007c71100000,0x0000007c71200000] [id=1832]
  0x000001bc6f35c800 WatcherThread [stack: 0x0000007c71c00000,0x0000007c71d00000] [id=468]
  0x000001bc4b883000 GCTaskThread "GC Thread#0" [stack: 0x0000007c70600000,0x0000007c70700000] [id=6804]
  0x000001bc4b884800 GCTaskThread "GC Thread#1" [stack: 0x0000007c70700000,0x0000007c70800000] [id=5208]
  0x000001bc4b88b800 GCTaskThread "GC Thread#2" [stack: 0x0000007c70800000,0x0000007c70900000] [id=10156]
  0x000001bc4b88c800 GCTaskThread "GC Thread#3" [stack: 0x0000007c70900000,0x0000007c70a00000] [id=10988]
  0x000001bc4b8e1000 ConcurrentGCThread "G1 Main Marker" [stack: 0x0000007c70f00000,0x0000007c71000000] [id=7864]
  0x000001bc4b8e4000 ConcurrentGCThread "G1 Marker#0" [stack: 0x0000007c71000000,0x0000007c71100000] [id=9924]
  0x000001bc4b8a2800 ConcurrentGCThread "G1 Refine#0" [stack: 0x0000007c70d00000,0x0000007c70e00000] [id=7432]
  0x000001bc4b89b800 ConcurrentGCThread "G1 Refine#1" [stack: 0x0000007c70c00000,0x0000007c70d00000] [id=4560]
  0x000001bc4b892800 ConcurrentGCThread "G1 Refine#2" [stack: 0x0000007c70b00000,0x0000007c70c00000] [id=1392]
  0x000001bc4b88e800 ConcurrentGCThread "G1 Refine#3" [stack: 0x0000007c70a00000,0x0000007c70b00000] [id=7464]
  0x000001bc4b8a6000 ConcurrentGCThread "G1 Young RemSet Sampling" [stack: 0x0000007c70e00000,0x0000007c70f00000] [id=6976]

Threads with active compile tasks:
C2 CompilerThread1 530       4       jdk.internal.org.objectweb.asm.Frame::execute (2252 bytes)

VM state:not at safepoint (normal execution)

VM Mutex/Monitor currently owned by a thread: None

Heap address: 0x00000006dd800000, size: 3624 MB, Compressed Oops mode: Zero based, Oop shift amount: 3
Narrow klass base: 0x0000000000000000, Narrow klass shift: 3
Compressed class space size: 1073741824 Address: 0x00000007c0000000

Heap:
 garbage-first heap   total 233472K, used 6144K [0x00000006dd800000, 0x00000006dd900720, 0x00000007c0000000)
  region size 1024K, 7 young (7168K), 0 survivors (0K)
 Metaspace       used 9442K, capacity 10046K, committed 10240K, reserved 1058816K
  class space    used 1097K, capacity 1233K, committed 1280K, reserved 1048576K
Heap Regions: E=young(eden), S=young(survivor), O=old, HS=humongous(starts), HC=humongous(continues), CS=collection set, F=free, A=archive, TS=gc time stamp, AC=allocation context, TAMS=top-at-mark-start (previous, next)
|   0|0x00000006dd800000, 0x00000006dd800000, 0x00000006dd900000|  0%| F|  |TS  0|AC  0|TAMS 0x00000006dd800000, 0x00000006dd800000|
|   1|0x00000006dd900000, 0x00000006dd900000, 0x00000006dda00000|  0%| F|  |TS  0|AC  0|TAMS 0x00000006dd900000, 0x00000006dd900000|
|   2|0x00000006dda00000, 0x00000006dda00000, 0x00000006ddb00000|  0%| F|  |TS  0|AC  0|TAMS 0x00000006dda00000, 0x00000006dda00000|
|   3|0x00000006ddb00000, 0x00000006ddb00000, 0x00000006ddc00000|  0%| F|  |TS  0|AC  0|TAMS 0x00000006ddb00000, 0x00000006ddb00000|
|   4|0x00000006ddc00000, 0x00000006ddc00000, 0x00000006ddd00000|  0%| F|  |TS  0|AC  0|TAMS 0x00000006ddc00000, 0x00000006ddc00000|
|   5|0x00000006ddd00000, 0x00000006ddd00000, 0x00000006dde00000|  0%| F|  |TS  0|AC  0|TAMS 0x00000006ddd00000, 0x00000006ddd00000|
|   6|0x00000006dde00000, 0x00000006dde00000, 0x00000006ddf00000|  0%| F|  |TS  0|AC  0|TAMS 0x00000006dde00000, 0x00000006dde00000|
|   7|0x00000006ddf00000, 0x00000006ddf00000, 0x00000006de000000|  0%| F|  |TS  0|AC  0|TAMS 0x00000006ddf00000, 0x00000006ddf00000|
|   8|0x00000006de000000, 0x00000006de000000, 0x00000006de100000|  0%| F|  |TS  0|AC  0|TAMS 0x00000006de000000, 0x00000006de000000|
|   9|0x00000006de100000, 0x00000006de100000, 0x00000006de200000|  0%| F|  |TS  0|AC  0|TAMS 0x00000006de100000, 0x00000006de100000|
|  10|0x00000006de200000, 0x00000006de200000, 0x00000006de300000|  0%| F|  |TS  0|AC  0|TAMS 0x00000006de200000, 0x00000006de200000|
|  11|0x00000006de300000, 0x00000006de300000, 0x00000006de400000|  0%| F|  |TS  0|AC  0|TAMS 0x00000006de300000, 0x00000006de300000|
|  12|0x00000006de400000, 0x00000006de400000, 0x00000006de500000|  0%| F|  |TS  0|AC  0|TAMS 0x00000006de400000, 0x00000006de400000|
|  13|0x00000006de500000, 0x00000006de500000, 0x00000006de600000|  0%| F|  |TS  0|AC  0|TAMS 0x00000006de500000, 0x00000006de500000|
|  14|0x00000006de600000, 0x00000006de600000, 0x00000006de700000|  0%| F|  |TS  0|AC  0|TAMS 0x00000006de600000, 0x00000006de600000|
|  15|0x00000006de700000, 0x00000006de700000, 0x00000006de800000|  0%| F|  |TS  0|AC  0|TAMS 0x00000006de700000, 0x00000006de700000|
|  16|0x00000006de800000, 0x00000006de800000, 0x00000006de900000|  0%| F|  |TS  0|AC  0|TAMS 0x00000006de800000, 0x00000006de800000|
|  17|0x00000006de900000, 0x00000006de900000, 0x00000006dea00000|  0%| F|  |TS  0|AC  0|TAMS 0x00000006de900000, 0x00000006de900000|
|  18|0x00000006dea00000, 0x00000006dea00000, 0x00000006deb00000|  0%| F|  |TS  0|AC  0|TAMS 0x00000006dea00000, 0x00000006dea00000|
|  19|0x00000006deb00000, 0x00000006deb00000, 0x00000006dec00000|  0%| F|  |TS  0|AC  0|TAMS 0x00000006deb00000, 0x00000006deb00000|
|  20|0x00000006dec00000, 0x00000006dec00000, 0x00000006ded00000|  0%| F|  |TS  0|AC  0|TAMS 0x00000006dec00000, 0x00000006dec00000|
|  21|0x00000006ded00000, 0x00000006ded00000, 0x00000006dee00000|  0%| F|  |TS  0|AC  0|TAMS 0x00000006ded00000, 0x00000006ded00000|
|  22|0x00000006dee00000, 0x00000006dee00000, 0x00000006def00000|  0%| F|  |TS  0|AC  0|TAMS 0x00000006dee00000, 0x00000006dee00000|
|  23|0x00000006def00000, 0x00000006def00000, 0x00000006df000000|  0%| F|  |TS  0|AC  0|TAMS 0x00000006def00000, 0x00000006def00000|
|  24|0x00000006df000000, 0x00000006df000000, 0x00000006df100000|  0%| F|  |TS  0|AC  0|TAMS 0x00000006df000000, 0x00000006df000000|
|  25|0x00000006df100000, 0x00000006df100000, 0x00000006df200000|  0%| F|  |TS  0|AC  0|TAMS 0x00000006df100000, 0x00000006df100000|
|  26|0x00000006df200000, 0x00000006df200000, 0x00000006df300000|  0%| F|  |TS  0|AC  0|TAMS 0x00000006df200000, 0x00000006df200000|
|  27|0x00000006df300000, 0x00000006df300000, 0x00000006df400000|  0%| F|  |TS  0|AC  0|TAMS 0x00000006df300000, 0x00000006df300000|
|  28|0x00000006df400000, 0x00000006df400000, 0x00000006df500000|  0%| F|  |TS  0|AC  0|TAMS 0x00000006df400000, 0x00000006df400000|
|  29|0x00000006df500000, 0x00000006df500000, 0x00000006df600000|  0%| F|  |TS  0|AC  0|TAMS 0x00000006df500000, 0x00000006df500000|
|  30|0x00000006df600000, 0x00000006df600000, 0x00000006df700000|  0%| F|  |TS  0|AC  0|TAMS 0x00000006df600000, 0x00000006df600000|
|  31|0x00000006df700000, 0x00000006df700000, 0x00000006df800000|  0%| F|  |TS  0|AC  0|TAMS 0x00000006df700000, 0x00000006df700000|
|  32|0x00000006df800000, 0x00000006df800000, 0x00000006df900000|  0%| F|  |TS  0|AC  0|TAMS 0x00000006df800000, 0x00000006df800000|
|  33|0x00000006df900000, 0x00000006df900000, 0x00000006dfa00000|  0%| F|  |TS  0|AC  0|TAMS 0x00000006df900000, 0x00000006df900000|
|  34|0x00000006dfa00000, 0x00000006dfa00000, 0x00000006dfb00000|  0%| F|  |TS  0|AC  0|TAMS 0x00000006dfa00000, 0x00000006dfa00000|
|  35|0x00000006dfb00000, 0x00000006dfb00000, 0x00000006dfc00000|  0%| F|  |TS  0|AC  0|TAMS 0x00000006dfb00000, 0x00000006dfb00000|
|  36|0x00000006dfc00000, 0x00000006dfc00000, 0x00000006dfd00000|  0%| F|  |TS  0|AC  0|TAMS 0x00000006dfc00000, 0x00000006dfc00000|
|  37|0x00000006dfd00000, 0x00000006dfd00000, 0x00000006dfe00000|  0%| F|  |TS  0|AC  0|TAMS 0x00000006dfd00000, 0x00000006dfd00000|
|  38|0x00000006dfe00000, 0x00000006dfe00000, 0x00000006dff00000|  0%| F|  |TS  0|AC  0|TAMS 0x00000006dfe00000, 0x00000006dfe00000|
|  39|0x00000006dff00000, 0x00000006dff00000, 0x00000006e0000000|  0%| F|  |TS  0|AC  0|TAMS 0x00000006dff00000, 0x00000006dff00000|
|  40|0x00000006e0000000, 0x00000006e0000000, 0x00000006e0100000|  0%| F|  |TS  0|AC  0|TAMS 0x00000006e0000000, 0x00000006e0000000|
|  41|0x00000006e0100000, 0x00000006e0100000, 0x00000006e0200000|  0%| F|  |TS  0|AC  0|TAMS 0x00000006e0100000, 0x00000006e0100000|
|  42|0x00000006e0200000, 0x00000006e0200000, 0x00000006e0300000|  0%| F|  |TS  0|AC  0|TAMS 0x00000006e0200000, 0x00000006e0200000|
|  43|0x00000006e0300000, 0x00000006e0300000, 0x00000006e0400000|  0%| F|  |TS  0|AC  0|TAMS 0x00000006e0300000, 0x00000006e0300000|
|  44|0x00000006e0400000, 0x00000006e0400000, 0x00000006e0500000|  0%| F|  |TS  0|AC  0|TAMS 0x00000006e0400000, 0x00000006e0400000|
|  45|0x00000006e0500000, 0x00000006e0500000, 0x00000006e0600000|  0%| F|  |TS  0|AC  0|TAMS 0x00000006e0500000, 0x00000006e0500000|
|  46|0x00000006e0600000, 0x00000006e0600000, 0x00000006e0700000|  0%| F|  |TS  0|AC  0|TAMS 0x00000006e0600000, 0x00000006e0600000|
|  47|0x00000006e0700000, 0x00000006e0700000, 0x00000006e0800000|  0%| F|  |TS  0|AC  0|TAMS 0x00000006e0700000, 0x00000006e0700000|
|  48|0x00000006e0800000, 0x00000006e0800000, 0x00000006e0900000|  0%| F|  |TS  0|AC  0|TAMS 0x00000006e0800000, 0x00000006e0800000|
|  49|0x00000006e0900000, 0x00000006e0900000, 0x00000006e0a00000|  0%| F|  |TS  0|AC  0|TAMS 0x00000006e0900000, 0x00000006e0900000|
|  50|0x00000006e0a00000, 0x00000006e0a00000, 0x00000006e0b00000|  0%| F|  |TS  0|AC  0|TAMS 0x00000006e0a00000, 0x00000006e0a00000|
|  51|0x00000006e0b00000, 0x00000006e0b00000, 0x00000006e0c00000|  0%| F|  |TS  0|AC  0|TAMS 0x00000006e0b00000, 0x00000006e0b00000|
|  52|0x00000006e0c00000, 0x00000006e0c00000, 0x00000006e0d00000|  0%| F|  |TS  0|AC  0|TAMS 0x00000006e0c00000, 0x00000006e0c00000|
|  53|0x00000006e0d00000, 0x00000006e0d00000, 0x00000006e0e00000|  0%| F|  |TS  0|AC  0|TAMS 0x00000006e0d00000, 0x00000006e0d00000|
|  54|0x00000006e0e00000, 0x00000006e0e00000, 0x00000006e0f00000|  0%| F|  |TS  0|AC  0|TAMS 0x00000006e0e00000, 0x00000006e0e00000|
|  55|0x00000006e0f00000, 0x00000006e0f00000, 0x00000006e1000000|  0%| F|  |TS  0|AC  0|TAMS 0x00000006e0f00000, 0x00000006e0f00000|
|  56|0x00000006e1000000, 0x00000006e1000000, 0x00000006e1100000|  0%| F|  |TS  0|AC  0|TAMS 0x00000006e1000000, 0x00000006e1000000|
|  57|0x00000006e1100000, 0x00000006e1100000, 0x00000006e1200000|  0%| F|  |TS  0|AC  0|TAMS 0x00000006e1100000, 0x00000006e1100000|
|  58|0x00000006e1200000, 0x00000006e1200000, 0x00000006e1300000|  0%| F|  |TS  0|AC  0|TAMS 0x00000006e1200000, 0x00000006e1200000|
|  59|0x00000006e1300000, 0x00000006e1300000, 0x00000006e1400000|  0%| F|  |TS  0|AC  0|TAMS 0x00000006e1300000, 0x00000006e1300000|
|  60|0x00000006e1400000, 0x00000006e1400000, 0x00000006e1500000|  0%| F|  |TS  0|AC  0|TAMS 0x00000006e1400000, 0x00000006e1400000|
|  61|0x00000006e1500000, 0x00000006e1500000, 0x00000006e1600000|  0%| F|  |TS  0|AC  0|TAMS 0x00000006e1500000, 0x00000006e1500000|
|  62|0x00000006e1600000, 0x00000006e1600000, 0x00000006e1700000|  0%| F|  |TS  0|AC  0|TAMS 0x00000006e1600000, 0x00000006e1600000|
|  63|0x00000006e1700000, 0x00000006e1700000, 0x00000006e1800000|  0%| F|  |TS  0|AC  0|TAMS 0x00000006e1700000, 0x00000006e1700000|
|  64|0x00000006e1800000, 0x00000006e1800000, 0x00000006e1900000|  0%| F|  |TS  0|AC  0|TAMS 0x00000006e1800000, 0x00000006e1800000|
|  65|0x00000006e1900000, 0x00000006e1900000, 0x00000006e1a00000|  0%| F|  |TS  0|AC  0|TAMS 0x00000006e1900000, 0x00000006e1900000|
|  66|0x00000006e1a00000, 0x00000006e1a00000, 0x00000006e1b00000|  0%| F|  |TS  0|AC  0|TAMS 0x00000006e1a00000, 0x00000006e1a00000|
|  67|0x00000006e1b00000, 0x00000006e1b00000, 0x00000006e1c00000|  0%| F|  |TS  0|AC  0|TAMS 0x00000006e1b00000, 0x00000006e1b00000|
|  68|0x00000006e1c00000, 0x00000006e1c00000, 0x00000006e1d00000|  0%| F|  |TS  0|AC  0|TAMS 0x00000006e1c00000, 0x00000006e1c00000|
|  69|0x00000006e1d00000, 0x00000006e1d00000, 0x00000006e1e00000|  0%| F|  |TS  0|AC  0|TAMS 0x00000006e1d00000, 0x00000006e1d00000|
|  70|0x00000006e1e00000, 0x00000006e1e00000, 0x00000006e1f00000|  0%| F|  |TS  0|AC  0|TAMS 0x00000006e1e00000, 0x00000006e1e00000|
|  71|0x00000006e1f00000, 0x00000006e1f00000, 0x00000006e2000000|  0%| F|  |TS  0|AC  0|TAMS 0x00000006e1f00000, 0x00000006e1f00000|
|  72|0x00000006e2000000, 0x00000006e2000000, 0x00000006e2100000|  0%| F|  |TS  0|AC  0|TAMS 0x00000006e2000000, 0x00000006e2000000|
|  73|0x00000006e2100000, 0x00000006e2100000, 0x00000006e2200000|  0%| F|  |TS  0|AC  0|TAMS 0x00000006e2100000, 0x00000006e2100000|
|  74|0x00000006e2200000, 0x00000006e2200000, 0x00000006e2300000|  0%| F|  |TS  0|AC  0|TAMS 0x00000006e2200000, 0x00000006e2200000|
|  75|0x00000006e2300000, 0x00000006e2300000, 0x00000006e2400000|  0%| F|  |TS  0|AC  0|TAMS 0x00000006e2300000, 0x00000006e2300000|
|  76|0x00000006e2400000, 0x00000006e2400000, 0x00000006e2500000|  0%| F|  |TS  0|AC  0|TAMS 0x00000006e2400000, 0x00000006e2400000|
|  77|0x00000006e2500000, 0x00000006e2500000, 0x00000006e2600000|  0%| F|  |TS  0|AC  0|TAMS 0x00000006e2500000, 0x00000006e2500000|
|  78|0x00000006e2600000, 0x00000006e2600000, 0x00000006e2700000|  0%| F|  |TS  0|AC  0|TAMS 0x00000006e2600000, 0x00000006e2600000|
|  79|0x00000006e2700000, 0x00000006e2700000, 0x00000006e2800000|  0%| F|  |TS  0|AC  0|TAMS 0x00000006e2700000, 0x00000006e2700000|
|  80|0x00000006e2800000, 0x00000006e2800000, 0x00000006e2900000|  0%| F|  |TS  0|AC  0|TAMS 0x00000006e2800000, 0x00000006e2800000|
|  81|0x00000006e2900000, 0x00000006e2900000, 0x00000006e2a00000|  0%| F|  |TS  0|AC  0|TAMS 0x00000006e2900000, 0x00000006e2900000|
|  82|0x00000006e2a00000, 0x00000006e2a00000, 0x00000006e2b00000|  0%| F|  |TS  0|AC  0|TAMS 0x00000006e2a00000, 0x00000006e2a00000|
|  83|0x00000006e2b00000, 0x00000006e2b00000, 0x00000006e2c00000|  0%| F|  |TS  0|AC  0|TAMS 0x00000006e2b00000, 0x00000006e2b00000|
|  84|0x00000006e2c00000, 0x00000006e2c00000, 0x00000006e2d00000|  0%| F|  |TS  0|AC  0|TAMS 0x00000006e2c00000, 0x00000006e2c00000|
|  85|0x00000006e2d00000, 0x00000006e2d00000, 0x00000006e2e00000|  0%| F|  |TS  0|AC  0|TAMS 0x00000006e2d00000, 0x00000006e2d00000|
|  86|0x00000006e2e00000, 0x00000006e2e00000, 0x00000006e2f00000|  0%| F|  |TS  0|AC  0|TAMS 0x00000006e2e00000, 0x00000006e2e00000|
|  87|0x00000006e2f00000, 0x00000006e2f00000, 0x00000006e3000000|  0%| F|  |TS  0|AC  0|TAMS 0x00000006e2f00000, 0x00000006e2f00000|
|  88|0x00000006e3000000, 0x00000006e3000000, 0x00000006e3100000|  0%| F|  |TS  0|AC  0|TAMS 0x00000006e3000000, 0x00000006e3000000|
|  89|0x00000006e3100000, 0x00000006e3100000, 0x00000006e3200000|  0%| F|  |TS  0|AC  0|TAMS 0x00000006e3100000, 0x00000006e3100000|
|  90|0x00000006e3200000, 0x00000006e3200000, 0x00000006e3300000|  0%| F|  |TS  0|AC  0|TAMS 0x00000006e3200000, 0x00000006e3200000|
|  91|0x00000006e3300000, 0x00000006e3300000, 0x00000006e3400000|  0%| F|  |TS  0|AC  0|TAMS 0x00000006e3300000, 0x00000006e3300000|
|  92|0x00000006e3400000, 0x00000006e3400000, 0x00000006e3500000|  0%| F|  |TS  0|AC  0|TAMS 0x00000006e3400000, 0x00000006e3400000|
|  93|0x00000006e3500000, 0x00000006e3500000, 0x00000006e3600000|  0%| F|  |TS  0|AC  0|TAMS 0x00000006e3500000, 0x00000006e3500000|
|  94|0x00000006e3600000, 0x00000006e3600000, 0x00000006e3700000|  0%| F|  |TS  0|AC  0|TAMS 0x00000006e3600000, 0x00000006e3600000|
|  95|0x00000006e3700000, 0x00000006e3700000, 0x00000006e3800000|  0%| F|  |TS  0|AC  0|TAMS 0x00000006e3700000, 0x00000006e3700000|
|  96|0x00000006e3800000, 0x00000006e3800000, 0x00000006e3900000|  0%| F|  |TS  0|AC  0|TAMS 0x00000006e3800000, 0x00000006e3800000|
|  97|0x00000006e3900000, 0x00000006e3900000, 0x00000006e3a00000|  0%| F|  |TS  0|AC  0|TAMS 0x00000006e3900000, 0x00000006e3900000|
|  98|0x00000006e3a00000, 0x00000006e3a00000, 0x00000006e3b00000|  0%| F|  |TS  0|AC  0|TAMS 0x00000006e3a00000, 0x00000006e3a00000|
|  99|0x00000006e3b00000, 0x00000006e3b00000, 0x00000006e3c00000|  0%| F|  |TS  0|AC  0|TAMS 0x00000006e3b00000, 0x00000006e3b00000|
| 100|0x00000006e3c00000, 0x00000006e3c00000, 0x00000006e3d00000|  0%| F|  |TS  0|AC  0|TAMS 0x00000006e3c00000, 0x00000006e3c00000|
| 101|0x00000006e3d00000, 0x00000006e3d00000, 0x00000006e3e00000|  0%| F|  |TS  0|AC  0|TAMS 0x00000006e3d00000, 0x00000006e3d00000|
| 102|0x00000006e3e00000, 0x00000006e3e00000, 0x00000006e3f00000|  0%| F|  |TS  0|AC  0|TAMS 0x00000006e3e00000, 0x00000006e3e00000|
| 103|0x00000006e3f00000, 0x00000006e3f00000, 0x00000006e4000000|  0%| F|  |TS  0|AC  0|TAMS 0x00000006e3f00000, 0x00000006e3f00000|
| 104|0x00000006e4000000, 0x00000006e4000000, 0x00000006e4100000|  0%| F|  |TS  0|AC  0|TAMS 0x00000006e4000000, 0x00000006e4000000|
| 105|0x00000006e4100000, 0x00000006e4100000, 0x00000006e4200000|  0%| F|  |TS  0|AC  0|TAMS 0x00000006e4100000, 0x00000006e4100000|
| 106|0x00000006e4200000, 0x00000006e4200000, 0x00000006e4300000|  0%| F|  |TS  0|AC  0|TAMS 0x00000006e4200000, 0x00000006e4200000|
| 107|0x00000006e4300000, 0x00000006e4300000, 0x00000006e4400000|  0%| F|  |TS  0|AC  0|TAMS 0x00000006e4300000, 0x00000006e4300000|
| 108|0x00000006e4400000, 0x00000006e4400000, 0x00000006e4500000|  0%| F|  |TS  0|AC  0|TAMS 0x00000006e4400000, 0x00000006e4400000|
| 109|0x00000006e4500000, 0x00000006e4500000, 0x00000006e4600000|  0%| F|  |TS  0|AC  0|TAMS 0x00000006e4500000, 0x00000006e4500000|
| 110|0x00000006e4600000, 0x00000006e4600000, 0x00000006e4700000|  0%| F|  |TS  0|AC  0|TAMS 0x00000006e4600000, 0x00000006e4600000|
| 111|0x00000006e4700000, 0x00000006e4700000, 0x00000006e4800000|  0%| F|  |TS  0|AC  0|TAMS 0x00000006e4700000, 0x00000006e4700000|
| 112|0x00000006e4800000, 0x00000006e4800000, 0x00000006e4900000|  0%| F|  |TS  0|AC  0|TAMS 0x00000006e4800000, 0x00000006e4800000|
| 113|0x00000006e4900000, 0x00000006e4900000, 0x00000006e4a00000|  0%| F|  |TS  0|AC  0|TAMS 0x00000006e4900000, 0x00000006e4900000|
| 114|0x00000006e4a00000, 0x00000006e4a00000, 0x00000006e4b00000|  0%| F|  |TS  0|AC  0|TAMS 0x00000006e4a00000, 0x00000006e4a00000|
| 115|0x00000006e4b00000, 0x00000006e4b00000, 0x00000006e4c00000|  0%| F|  |TS  0|AC  0|TAMS 0x00000006e4b00000, 0x00000006e4b00000|
| 116|0x00000006e4c00000, 0x00000006e4c00000, 0x00000006e4d00000|  0%| F|  |TS  0|AC  0|TAMS 0x00000006e4c00000, 0x00000006e4c00000|
| 117|0x00000006e4d00000, 0x00000006e4d00000, 0x00000006e4e00000|  0%| F|  |TS  0|AC  0|TAMS 0x00000006e4d00000, 0x00000006e4d00000|
| 118|0x00000006e4e00000, 0x00000006e4e00000, 0x00000006e4f00000|  0%| F|  |TS  0|AC  0|TAMS 0x00000006e4e00000, 0x00000006e4e00000|
| 119|0x00000006e4f00000, 0x00000006e4f00000, 0x00000006e5000000|  0%| F|  |TS  0|AC  0|TAMS 0x00000006e4f00000, 0x00000006e4f00000|
| 120|0x00000006e5000000, 0x00000006e5000000, 0x00000006e5100000|  0%| F|  |TS  0|AC  0|TAMS 0x00000006e5000000, 0x00000006e5000000|
| 121|0x00000006e5100000, 0x00000006e5100000, 0x00000006e5200000|  0%| F|  |TS  0|AC  0|TAMS 0x00000006e5100000, 0x00000006e5100000|
| 122|0x00000006e5200000, 0x00000006e5200000, 0x00000006e5300000|  0%| F|  |TS  0|AC  0|TAMS 0x00000006e5200000, 0x00000006e5200000|
| 123|0x00000006e5300000, 0x00000006e5300000, 0x00000006e5400000|  0%| F|  |TS  0|AC  0|TAMS 0x00000006e5300000, 0x00000006e5300000|
| 124|0x00000006e5400000, 0x00000006e5400000, 0x00000006e5500000|  0%| F|  |TS  0|AC  0|TAMS 0x00000006e5400000, 0x00000006e5400000|
| 125|0x00000006e5500000, 0x00000006e5500000, 0x00000006e5600000|  0%| F|  |TS  0|AC  0|TAMS 0x00000006e5500000, 0x00000006e5500000|
| 126|0x00000006e5600000, 0x00000006e5600000, 0x00000006e5700000|  0%| F|  |TS  0|AC  0|TAMS 0x00000006e5600000, 0x00000006e5600000|
| 127|0x00000006e5700000, 0x00000006e5700000, 0x00000006e5800000|  0%| F|  |TS  0|AC  0|TAMS 0x00000006e5700000, 0x00000006e5700000|
| 128|0x00000006e5800000, 0x00000006e5800000, 0x00000006e5900000|  0%| F|  |TS  0|AC  0|TAMS 0x00000006e5800000, 0x00000006e5800000|
| 129|0x00000006e5900000, 0x00000006e5900000, 0x00000006e5a00000|  0%| F|  |TS  0|AC  0|TAMS 0x00000006e5900000, 0x00000006e5900000|
| 130|0x00000006e5a00000, 0x00000006e5a00000, 0x00000006e5b00000|  0%| F|  |TS  0|AC  0|TAMS 0x00000006e5a00000, 0x00000006e5a00000|
| 131|0x00000006e5b00000, 0x00000006e5b00000, 0x00000006e5c00000|  0%| F|  |TS  0|AC  0|TAMS 0x00000006e5b00000, 0x00000006e5b00000|
| 132|0x00000006e5c00000, 0x00000006e5c00000, 0x00000006e5d00000|  0%| F|  |TS  0|AC  0|TAMS 0x00000006e5c00000, 0x00000006e5c00000|
| 133|0x00000006e5d00000, 0x00000006e5d00000, 0x00000006e5e00000|  0%| F|  |TS  0|AC  0|TAMS 0x00000006e5d00000, 0x00000006e5d00000|
| 134|0x00000006e5e00000, 0x00000006e5e00000, 0x00000006e5f00000|  0%| F|  |TS  0|AC  0|TAMS 0x00000006e5e00000, 0x00000006e5e00000|
| 135|0x00000006e5f00000, 0x00000006e5f00000, 0x00000006e6000000|  0%| F|  |TS  0|AC  0|TAMS 0x00000006e5f00000, 0x00000006e5f00000|
| 136|0x00000006e6000000, 0x00000006e6000000, 0x00000006e6100000|  0%| F|  |TS  0|AC  0|TAMS 0x00000006e6000000, 0x00000006e6000000|
| 137|0x00000006e6100000, 0x00000006e6100000, 0x00000006e6200000|  0%| F|  |TS  0|AC  0|TAMS 0x00000006e6100000, 0x00000006e6100000|
| 138|0x00000006e6200000, 0x00000006e6200000, 0x00000006e6300000|  0%| F|  |TS  0|AC  0|TAMS 0x00000006e6200000, 0x00000006e6200000|
| 139|0x00000006e6300000, 0x00000006e6300000, 0x00000006e6400000|  0%| F|  |TS  0|AC  0|TAMS 0x00000006e6300000, 0x00000006e6300000|
| 140|0x00000006e6400000, 0x00000006e6400000, 0x00000006e6500000|  0%| F|  |TS  0|AC  0|TAMS 0x00000006e6400000, 0x00000006e6400000|
| 141|0x00000006e6500000, 0x00000006e6500000, 0x00000006e6600000|  0%| F|  |TS  0|AC  0|TAMS 0x00000006e6500000, 0x00000006e6500000|
| 142|0x00000006e6600000, 0x00000006e6600000, 0x00000006e6700000|  0%| F|  |TS  0|AC  0|TAMS 0x00000006e6600000, 0x00000006e6600000|
| 143|0x00000006e6700000, 0x00000006e6700000, 0x00000006e6800000|  0%| F|  |TS  0|AC  0|TAMS 0x00000006e6700000, 0x00000006e6700000|
| 144|0x00000006e6800000, 0x00000006e6800000, 0x00000006e6900000|  0%| F|  |TS  0|AC  0|TAMS 0x00000006e6800000, 0x00000006e6800000|
| 145|0x00000006e6900000, 0x00000006e6900000, 0x00000006e6a00000|  0%| F|  |TS  0|AC  0|TAMS 0x00000006e6900000, 0x00000006e6900000|
| 146|0x00000006e6a00000, 0x00000006e6a00000, 0x00000006e6b00000|  0%| F|  |TS  0|AC  0|TAMS 0x00000006e6a00000, 0x00000006e6a00000|
| 147|0x00000006e6b00000, 0x00000006e6b00000, 0x00000006e6c00000|  0%| F|  |TS  0|AC  0|TAMS 0x00000006e6b00000, 0x00000006e6b00000|
| 148|0x00000006e6c00000, 0x00000006e6c00000, 0x00000006e6d00000|  0%| F|  |TS  0|AC  0|TAMS 0x00000006e6c00000, 0x00000006e6c00000|
| 149|0x00000006e6d00000, 0x00000006e6d00000, 0x00000006e6e00000|  0%| F|  |TS  0|AC  0|TAMS 0x00000006e6d00000, 0x00000006e6d00000|
| 150|0x00000006e6e00000, 0x00000006e6e00000, 0x00000006e6f00000|  0%| F|  |TS  0|AC  0|TAMS 0x00000006e6e00000, 0x00000006e6e00000|
| 151|0x00000006e6f00000, 0x00000006e6f00000, 0x00000006e7000000|  0%| F|  |TS  0|AC  0|TAMS 0x00000006e6f00000, 0x00000006e6f00000|
| 152|0x00000006e7000000, 0x00000006e7000000, 0x00000006e7100000|  0%| F|  |TS  0|AC  0|TAMS 0x00000006e7000000, 0x00000006e7000000|
| 153|0x00000006e7100000, 0x00000006e7100000, 0x00000006e7200000|  0%| F|  |TS  0|AC  0|TAMS 0x00000006e7100000, 0x00000006e7100000|
| 154|0x00000006e7200000, 0x00000006e7200000, 0x00000006e7300000|  0%| F|  |TS  0|AC  0|TAMS 0x00000006e7200000, 0x00000006e7200000|
| 155|0x00000006e7300000, 0x00000006e7300000, 0x00000006e7400000|  0%| F|  |TS  0|AC  0|TAMS 0x00000006e7300000, 0x00000006e7300000|
| 156|0x00000006e7400000, 0x00000006e7400000, 0x00000006e7500000|  0%| F|  |TS  0|AC  0|TAMS 0x00000006e7400000, 0x00000006e7400000|
| 157|0x00000006e7500000, 0x00000006e7500000, 0x00000006e7600000|  0%| F|  |TS  0|AC  0|TAMS 0x00000006e7500000, 0x00000006e7500000|
| 158|0x00000006e7600000, 0x00000006e7600000, 0x00000006e7700000|  0%| F|  |TS  0|AC  0|TAMS 0x00000006e7600000, 0x00000006e7600000|
| 159|0x00000006e7700000, 0x00000006e7700000, 0x00000006e7800000|  0%| F|  |TS  0|AC  0|TAMS 0x00000006e7700000, 0x00000006e7700000|
| 160|0x00000006e7800000, 0x00000006e7800000, 0x00000006e7900000|  0%| F|  |TS  0|AC  0|TAMS 0x00000006e7800000, 0x00000006e7800000|
| 161|0x00000006e7900000, 0x00000006e7900000, 0x00000006e7a00000|  0%| F|  |TS  0|AC  0|TAMS 0x00000006e7900000, 0x00000006e7900000|
| 162|0x00000006e7a00000, 0x00000006e7a00000, 0x00000006e7b00000|  0%| F|  |TS  0|AC  0|TAMS 0x00000006e7a00000, 0x00000006e7a00000|
| 163|0x00000006e7b00000, 0x00000006e7b00000, 0x00000006e7c00000|  0%| F|  |TS  0|AC  0|TAMS 0x00000006e7b00000, 0x00000006e7b00000|
| 164|0x00000006e7c00000, 0x00000006e7c00000, 0x00000006e7d00000|  0%| F|  |TS  0|AC  0|TAMS 0x00000006e7c00000, 0x00000006e7c00000|
| 165|0x00000006e7d00000, 0x00000006e7d00000, 0x00000006e7e00000|  0%| F|  |TS  0|AC  0|TAMS 0x00000006e7d00000, 0x00000006e7d00000|
| 166|0x00000006e7e00000, 0x00000006e7e00000, 0x00000006e7f00000|  0%| F|  |TS  0|AC  0|TAMS 0x00000006e7e00000, 0x00000006e7e00000|
| 167|0x00000006e7f00000, 0x00000006e7f00000, 0x00000006e8000000|  0%| F|  |TS  0|AC  0|TAMS 0x00000006e7f00000, 0x00000006e7f00000|
| 168|0x00000006e8000000, 0x00000006e8000000, 0x00000006e8100000|  0%| F|  |TS  0|AC  0|TAMS 0x00000006e8000000, 0x00000006e8000000|
| 169|0x00000006e8100000, 0x00000006e8100000, 0x00000006e8200000|  0%| F|  |TS  0|AC  0|TAMS 0x00000006e8100000, 0x00000006e8100000|
| 170|0x00000006e8200000, 0x00000006e8200000, 0x00000006e8300000|  0%| F|  |TS  0|AC  0|TAMS 0x00000006e8200000, 0x00000006e8200000|
| 171|0x00000006e8300000, 0x00000006e8300000, 0x00000006e8400000|  0%| F|  |TS  0|AC  0|TAMS 0x00000006e8300000, 0x00000006e8300000|
| 172|0x00000006e8400000, 0x00000006e8400000, 0x00000006e8500000|  0%| F|  |TS  0|AC  0|TAMS 0x00000006e8400000, 0x00000006e8400000|
| 173|0x00000006e8500000, 0x00000006e8500000, 0x00000006e8600000|  0%| F|  |TS  0|AC  0|TAMS 0x00000006e8500000, 0x00000006e8500000|
| 174|0x00000006e8600000, 0x00000006e8600000, 0x00000006e8700000|  0%| F|  |TS  0|AC  0|TAMS 0x00000006e8600000, 0x00000006e8600000|
| 175|0x00000006e8700000, 0x00000006e8700000, 0x00000006e8800000|  0%| F|  |TS  0|AC  0|TAMS 0x00000006e8700000, 0x00000006e8700000|
| 176|0x00000006e8800000, 0x00000006e8800000, 0x00000006e8900000|  0%| F|  |TS  0|AC  0|TAMS 0x00000006e8800000, 0x00000006e8800000|
| 177|0x00000006e8900000, 0x00000006e8900000, 0x00000006e8a00000|  0%| F|  |TS  0|AC  0|TAMS 0x00000006e8900000, 0x00000006e8900000|
| 178|0x00000006e8a00000, 0x00000006e8a00000, 0x00000006e8b00000|  0%| F|  |TS  0|AC  0|TAMS 0x00000006e8a00000, 0x00000006e8a00000|
| 179|0x00000006e8b00000, 0x00000006e8b00000, 0x00000006e8c00000|  0%| F|  |TS  0|AC  0|TAMS 0x00000006e8b00000, 0x00000006e8b00000|
| 180|0x00000006e8c00000, 0x00000006e8c00000, 0x00000006e8d00000|  0%| F|  |TS  0|AC  0|TAMS 0x00000006e8c00000, 0x00000006e8c00000|
| 181|0x00000006e8d00000, 0x00000006e8d00000, 0x00000006e8e00000|  0%| F|  |TS  0|AC  0|TAMS 0x00000006e8d00000, 0x00000006e8d00000|
| 182|0x00000006e8e00000, 0x00000006e8e00000, 0x00000006e8f00000|  0%| F|  |TS  0|AC  0|TAMS 0x00000006e8e00000, 0x00000006e8e00000|
| 183|0x00000006e8f00000, 0x00000006e8f00000, 0x00000006e9000000|  0%| F|  |TS  0|AC  0|TAMS 0x00000006e8f00000, 0x00000006e8f00000|
| 184|0x00000006e9000000, 0x00000006e9000000, 0x00000006e9100000|  0%| F|  |TS  0|AC  0|TAMS 0x00000006e9000000, 0x00000006e9000000|
| 185|0x00000006e9100000, 0x00000006e9100000, 0x00000006e9200000|  0%| F|  |TS  0|AC  0|TAMS 0x00000006e9100000, 0x00000006e9100000|
| 186|0x00000006e9200000, 0x00000006e9200000, 0x00000006e9300000|  0%| F|  |TS  0|AC  0|TAMS 0x00000006e9200000, 0x00000006e9200000|
| 187|0x00000006e9300000, 0x00000006e9300000, 0x00000006e9400000|  0%| F|  |TS  0|AC  0|TAMS 0x00000006e9300000, 0x00000006e9300000|
| 188|0x00000006e9400000, 0x00000006e9400000, 0x00000006e9500000|  0%| F|  |TS  0|AC  0|TAMS 0x00000006e9400000, 0x00000006e9400000|
| 189|0x00000006e9500000, 0x00000006e9500000, 0x00000006e9600000|  0%| F|  |TS  0|AC  0|TAMS 0x00000006e9500000, 0x00000006e9500000|
| 190|0x00000006e9600000, 0x00000006e9600000, 0x00000006e9700000|  0%| F|  |TS  0|AC  0|TAMS 0x00000006e9600000, 0x00000006e9600000|
| 191|0x00000006e9700000, 0x00000006e9700000, 0x00000006e9800000|  0%| F|  |TS  0|AC  0|TAMS 0x00000006e9700000, 0x00000006e9700000|
| 192|0x00000006e9800000, 0x00000006e9800000, 0x00000006e9900000|  0%| F|  |TS  0|AC  0|TAMS 0x00000006e9800000, 0x00000006e9800000|
| 193|0x00000006e9900000, 0x00000006e9900000, 0x00000006e9a00000|  0%| F|  |TS  0|AC  0|TAMS 0x00000006e9900000, 0x00000006e9900000|
| 194|0x00000006e9a00000, 0x00000006e9a00000, 0x00000006e9b00000|  0%| F|  |TS  0|AC  0|TAMS 0x00000006e9a00000, 0x00000006e9a00000|
| 195|0x00000006e9b00000, 0x00000006e9b00000, 0x00000006e9c00000|  0%| F|  |TS  0|AC  0|TAMS 0x00000006e9b00000, 0x00000006e9b00000|
| 196|0x00000006e9c00000, 0x00000006e9c00000, 0x00000006e9d00000|  0%| F|  |TS  0|AC  0|TAMS 0x00000006e9c00000, 0x00000006e9c00000|
| 197|0x00000006e9d00000, 0x00000006e9d00000, 0x00000006e9e00000|  0%| F|  |TS  0|AC  0|TAMS 0x00000006e9d00000, 0x00000006e9d00000|
| 198|0x00000006e9e00000, 0x00000006e9e00000, 0x00000006e9f00000|  0%| F|  |TS  0|AC  0|TAMS 0x00000006e9e00000, 0x00000006e9e00000|
| 199|0x00000006e9f00000, 0x00000006e9f00000, 0x00000006ea000000|  0%| F|  |TS  0|AC  0|TAMS 0x00000006e9f00000, 0x00000006e9f00000|
| 200|0x00000006ea000000, 0x00000006ea000000, 0x00000006ea100000|  0%| F|  |TS  0|AC  0|TAMS 0x00000006ea000000, 0x00000006ea000000|
| 201|0x00000006ea100000, 0x00000006ea100000, 0x00000006ea200000|  0%| F|  |TS  0|AC  0|TAMS 0x00000006ea100000, 0x00000006ea100000|
| 202|0x00000006ea200000, 0x00000006ea200000, 0x00000006ea300000|  0%| F|  |TS  0|AC  0|TAMS 0x00000006ea200000, 0x00000006ea200000|
| 203|0x00000006ea300000, 0x00000006ea300000, 0x00000006ea400000|  0%| F|  |TS  0|AC  0|TAMS 0x00000006ea300000, 0x00000006ea300000|
| 204|0x00000006ea400000, 0x00000006ea400000, 0x00000006ea500000|  0%| F|  |TS  0|AC  0|TAMS 0x00000006ea400000, 0x00000006ea400000|
| 205|0x00000006ea500000, 0x00000006ea500000, 0x00000006ea600000|  0%| F|  |TS  0|AC  0|TAMS 0x00000006ea500000, 0x00000006ea500000|
| 206|0x00000006ea600000, 0x00000006ea600000, 0x00000006ea700000|  0%| F|  |TS  0|AC  0|TAMS 0x00000006ea600000, 0x00000006ea600000|
| 207|0x00000006ea700000, 0x00000006ea700000, 0x00000006ea800000|  0%| F|  |TS  0|AC  0|TAMS 0x00000006ea700000, 0x00000006ea700000|
| 208|0x00000006ea800000, 0x00000006ea800000, 0x00000006ea900000|  0%| F|  |TS  0|AC  0|TAMS 0x00000006ea800000, 0x00000006ea800000|
| 209|0x00000006ea900000, 0x00000006ea900000, 0x00000006eaa00000|  0%| F|  |TS  0|AC  0|TAMS 0x00000006ea900000, 0x00000006ea900000|
| 210|0x00000006eaa00000, 0x00000006eaa00000, 0x00000006eab00000|  0%| F|  |TS  0|AC  0|TAMS 0x00000006eaa00000, 0x00000006eaa00000|
| 211|0x00000006eab00000, 0x00000006eab00000, 0x00000006eac00000|  0%| F|  |TS  0|AC  0|TAMS 0x00000006eab00000, 0x00000006eab00000|
| 212|0x00000006eac00000, 0x00000006eac00000, 0x00000006ead00000|  0%| F|  |TS  0|AC  0|TAMS 0x00000006eac00000, 0x00000006eac00000|
| 213|0x00000006ead00000, 0x00000006ead00000, 0x00000006eae00000|  0%| F|  |TS  0|AC  0|TAMS 0x00000006ead00000, 0x00000006ead00000|
| 214|0x00000006eae00000, 0x00000006eae00000, 0x00000006eaf00000|  0%| F|  |TS  0|AC  0|TAMS 0x00000006eae00000, 0x00000006eae00000|
| 215|0x00000006eaf00000, 0x00000006eaf00000, 0x00000006eb000000|  0%| F|  |TS  0|AC  0|TAMS 0x00000006eaf00000, 0x00000006eaf00000|
| 216|0x00000006eb000000, 0x00000006eb000000, 0x00000006eb100000|  0%| F|  |TS  0|AC  0|TAMS 0x00000006eb000000, 0x00000006eb000000|
| 217|0x00000006eb100000, 0x00000006eb100000, 0x00000006eb200000|  0%| F|  |TS  0|AC  0|TAMS 0x00000006eb100000, 0x00000006eb100000|
| 218|0x00000006eb200000, 0x00000006eb200000, 0x00000006eb300000|  0%| F|  |TS  0|AC  0|TAMS 0x00000006eb200000, 0x00000006eb200000|
| 219|0x00000006eb300000, 0x00000006eb300000, 0x00000006eb400000|  0%| F|  |TS  0|AC  0|TAMS 0x00000006eb300000, 0x00000006eb300000|
| 220|0x00000006eb400000, 0x00000006eb44a300, 0x00000006eb500000| 28%| E|  |TS  0|AC  0|TAMS 0x00000006eb400000, 0x00000006eb400000|
| 221|0x00000006eb500000, 0x00000006eb600000, 0x00000006eb600000|100%| E|CS|TS  0|AC  0|TAMS 0x00000006eb500000, 0x00000006eb500000|
| 222|0x00000006eb600000, 0x00000006eb700000, 0x00000006eb700000|100%| E|CS|TS  0|AC  0|TAMS 0x00000006eb600000, 0x00000006eb600000|
| 223|0x00000006eb700000, 0x00000006eb800000, 0x00000006eb800000|100%| E|CS|TS  0|AC  0|TAMS 0x00000006eb700000, 0x00000006eb700000|
| 224|0x00000006eb800000, 0x00000006eb900000, 0x00000006eb900000|100%| E|CS|TS  0|AC  0|TAMS 0x00000006eb800000, 0x00000006eb800000|
| 225|0x00000006eb900000, 0x00000006eba00000, 0x00000006eba00000|100%| E|CS|TS  0|AC  0|TAMS 0x00000006eb900000, 0x00000006eb900000|
| 226|0x00000006eba00000, 0x00000006ebb00000, 0x00000006ebb00000|100%| E|CS|TS  0|AC  0|TAMS 0x00000006eba00000, 0x00000006eba00000|
| 227|0x00000006ebb00000, 0x00000006ebc00000, 0x00000006ebc00000|100%| E|CS|TS  0|AC  0|TAMS 0x00000006ebb00000, 0x00000006ebb00000|

Card table byte_map: [0x000001bc640c0000,0x000001bc647e0000] byte_map_base: 0x000001bc609d4000

Marking Bits (Prev, Next): (CMBitMap*) 0x000001bc6c0b9530, (CMBitMap*) 0x000001bc6c0b9568
 Prev Bits: [0x000001bc64f00000, 0x000001bc687a0000)
 Next Bits: [0x000001bc687a0000, 0x000001bc6c040000)

Polling page: 0x000001bc495d0000

CodeHeap 'non-profiled nmethods': size=120064Kb used=198Kb max_used=198Kb free=119865Kb
 bounds [0x000001bc5b810000, 0x000001bc5ba80000, 0x000001bc62d50000]
CodeHeap 'profiled nmethods': size=120000Kb used=1064Kb max_used=1064Kb free=118935Kb
 bounds [0x000001bc542e0000, 0x000001bc54550000, 0x000001bc5b810000]
CodeHeap 'non-nmethods': size=5696Kb used=1269Kb max_used=1281Kb free=4426Kb
 bounds [0x000001bc53d50000, 0x000001bc53fc0000, 0x000001bc542e0000]
 total_blobs=1212 nmethods=642 adapters=359
 compilation: enabled

Compilation events (10 events):
Event: 0.269 Thread 0x000001bc6e82e800 nmethod 577 0x000001bc543c4f90 code [0x000001bc543c51a0, 0x000001bc543c5840]
Event: 0.269 Thread 0x000001bc6e82e800  567       3       jdk.internal.org.objectweb.asm.ClassWriter::visitMethod (24 bytes)
Event: 0.269 Thread 0x000001bc6e82e800 nmethod 567 0x000001bc543c5b10 code [0x000001bc543c5cc0, 0x000001bc543c5ef0]
Event: 0.269 Thread 0x000001bc6e82e800  570       1       java.lang.invoke.MethodHandles$Lookup::lookupClass (5 bytes)
Event: 0.269 Thread 0x000001bc6e82e800 nmethod 570 0x000001bc5b83bd90 code [0x000001bc5b83bf40, 0x000001bc5b83c058]
Event: 0.269 Thread 0x000001bc6e82e800  572       3       java.util.ArrayList::iterator (9 bytes)
Event: 0.270 Thread 0x000001bc6e82e800 nmethod 572 0x000001bc543c6010 code [0x000001bc543c61c0, 0x000001bc543c6498]
Event: 0.270 Thread 0x000001bc6e82e800  573       3       java.util.ArrayList$Itr::<init> (26 bytes)
Event: 0.270 Thread 0x000001bc6e82e800 nmethod 573 0x000001bc543c6590 code [0x000001bc543c6740, 0x000001bc543c6978]
Event: 0.270 Thread 0x000001bc6e82e800  582       3       java.lang.invoke.MethodHandles$Lookup::checkAccess (228 bytes)

GC Heap History (0 events):
No events

Deoptimization events (0 events):
No events

Classes redefined (0 events):
No events

Internal exceptions (10 events):
Event: 0.188 Thread 0x000001bc4b86b800 Exception <a 'java/lang/NoSuchMethodError'{0x00000006eb836f08}: method resolution failed> (0x00000006eb836f08) thrown at [t:/workspace/hotspot/src/share/vm/prims/methodHandles.cpp, line 1256]
Event: 0.190 Thread 0x000001bc4b86b800 Exception <a 'java/lang/NoSuchMethodError'{0x00000006eb84dff8}: method resolution failed> (0x00000006eb84dff8) thrown at [t:/workspace/hotspot/src/share/vm/prims/methodHandles.cpp, line 1256]
Event: 0.192 Thread 0x000001bc4b86b800 Exception <a 'java/lang/NoSuchMethodError'{0x00000006eb866620}: method resolution failed> (0x00000006eb866620) thrown at [t:/workspace/hotspot/src/share/vm/prims/methodHandles.cpp, line 1256]
Event: 0.193 Thread 0x000001bc4b86b800 Exception <a 'java/io/FileNotFoundException'{0x00000006eb86fb60}> (0x00000006eb86fb60) thrown at [t:/workspace/hotspot/src/share/vm/prims/jni.cpp, line 604]
Event: 0.229 Thread 0x000001bc6f886000 Exception <a 'java/lang/NoSuchMethodError'{0x00000006eb74d7f0}: java.lang.invoke.DirectMethodHandle$Holder.invokeSpecial(Ljava/lang/Object;Ljava/lang/Object;)V> (0x00000006eb74d7f0) thrown at [t:/workspace/hotspot/src/share/vm/interpreter/linkResolver.cpp
Event: 0.232 Thread 0x000001bc4b86b800 Exception <a 'java/lang/NoSuchMethodError'{0x00000006eb727190}: java.lang.invoke.DirectMethodHandle$Holder.invokeStatic(Ljava/lang/Object;Ljava/lang/Object;Ljava/lang/Object;Ljava/lang/Object;Ljava/lang/Object;Ljava/lang/Object;Ljava/lang/Object;Ljava/lan
Event: 0.234 Thread 0x000001bc4b86b800 Exception <a 'java/lang/NoSuchMethodError'{0x00000006eb741498}: java.lang.invoke.DirectMethodHandle$Holder.invokeStatic(Ljava/lang/Object;Ljava/lang/Object;Ljava/lang/Object;Ljava/lang/Object;Ljava/lang/Object;Ljava/lang/Object;Ljava/lang/Object;Ljava/lan
Event: 0.267 Thread 0x000001bc4b86b800 Exception <a 'java/lang/NoSuchMethodError'{0x00000006eb6c4d50}: method resolution failed> (0x00000006eb6c4d50) thrown at [t:/workspace/hotspot/src/share/vm/prims/methodHandles.cpp, line 1256]
Event: 0.267 Thread 0x000001bc4b86b800 Exception <a 'java/lang/NoSuchMethodError'{0x00000006eb6cc2c0}: java.lang.invoke.DirectMethodHandle$Holder.invokeStatic(Ljava/lang/Object;ILjava/lang/Object;Ljava/lang/Object;Ljava/lang/Object;)Ljava/lang/Object;> (0x00000006eb6cc2c0) thrown at [t:/worksp
Event: 0.267 Thread 0x000001bc4b86b800 Exception <a 'java/lang/NoSuchMethodError'{0x00000006eb6cffb8}: method resolution failed> (0x00000006eb6cffb8) thrown at [t:/workspace/hotspot/src/share/vm/prims/methodHandles.cpp, line 1256]

Events (10 events):
Event: 0.266 loading class javax/swing/border/Border done
Event: 0.266 loading class javax/swing/border/AbstractBorder done
Event: 0.266 loading class javax/swing/border/EmptyBorder done
Event: 0.266 loading class javax/swing/plaf/BorderUIResource$EmptyBorderUIResource done
Event: 0.268 loading class javax/swing/plaf/basic/BasicLookAndFeel$2
Event: 0.268 loading class javax/swing/plaf/basic/BasicLookAndFeel$2 done
Event: 0.269 loading class javax/swing/plaf/DimensionUIResource
Event: 0.269 loading class javax/swing/plaf/DimensionUIResource done
Event: 0.270 loading class javax/swing/UIDefaults$LazyInputMap
Event: 0.270 loading class javax/swing/UIDefaults$LazyInputMap done


Dynamic libraries:
0x00007ff627120000 - 0x00007ff62715e000 	C:\Program Files\Java\jre-9.0.4\bin\javaw.exe
0x00007fff4bc70000 - 0x00007fff4be50000 	C:\Windows\SYSTEM32\ntdll.dll
0x00007fff49140000 - 0x00007fff491ee000 	C:\Windows\System32\KERNEL32.DLL
0x00007fff48070000 - 0x00007fff482d6000 	C:\Windows\System32\KERNELBASE.dll
0x00007fff4aef0000 - 0x00007fff4af91000 	C:\Windows\System32\ADVAPI32.dll
0x00007fff4b190000 - 0x00007fff4b22d000 	C:\Windows\System32\msvcrt.dll
0x00007fff4b370000 - 0x00007fff4b3cb000 	C:\Windows\System32\sechost.dll
0x00007fff4ba50000 - 0x00007fff4bb6f000 	C:\Windows\System32\RPCRT4.dll
0x00007fff4b000000 - 0x00007fff4b18f000 	C:\Windows\System32\USER32.dll
0x00007fff486f0000 - 0x00007fff48710000 	C:\Windows\System32\win32u.dll
0x00007fff4bc10000 - 0x00007fff4bc38000 	C:\Windows\System32\GDI32.dll
0x00007fff482e0000 - 0x00007fff48473000 	C:\Windows\System32\gdi32full.dll
0x00007fff48650000 - 0x00007fff486eb000 	C:\Windows\System32\msvcp_win.dll
0x00007fff48fe0000 - 0x00007fff490d6000 	C:\Windows\System32\ucrtbase.dll
0x00007fff3b260000 - 0x00007fff3b4c9000 	C:\Windows\WinSxS\amd64_microsoft.windows.common-controls_6595b64144ccf1df_6.0.16299.192_none_15c8cdae9364c23b\COMCTL32.dll
0x00007fff40a30000 - 0x00007fff40a3a000 	C:\Windows\SYSTEM32\VERSION.dll
0x00007fff491f0000 - 0x00007fff494f8000 	C:\Windows\System32\combase.dll
0x00007fff48f60000 - 0x00007fff48fd2000 	C:\Windows\System32\bcryptPrimitives.dll
0x00007fff4b9a0000 - 0x00007fff4b9cd000 	C:\Windows\System32\IMM32.DLL
0x00007fff2fc70000 - 0x00007fff2fd5f000 	C:\Program Files\Java\jre-9.0.4\bin\msvcr120.dll
0x00007fff3b520000 - 0x00007fff3b5c6000 	C:\Program Files\Java\jre-9.0.4\bin\msvcp120.dll
0x0000000053880000 - 0x00000000542a5000 	C:\Program Files\Java\jre-9.0.4\bin\server\jvm.dll
0x00007fff4b3d0000 - 0x00007fff4b3d8000 	C:\Windows\System32\PSAPI.DLL
0x00007fff39940000 - 0x00007fff39949000 	C:\Windows\SYSTEM32\WSOCK32.dll
0x00007fff44220000 - 0x00007fff44243000 	C:\Windows\SYSTEM32\WINMM.dll
0x00007fff4b230000 - 0x00007fff4b29c000 	C:\Windows\System32\WS2_32.dll
0x00007fff441c0000 - 0x00007fff441ea000 	C:\Windows\SYSTEM32\WINMMBASE.dll
0x00007fff487c0000 - 0x00007fff4880a000 	C:\Windows\System32\cfgmgr32.dll
0x00007fff449c0000 - 0x00007fff449cf000 	C:\Program Files\Java\jre-9.0.4\bin\verify.dll
0x00007fff44380000 - 0x00007fff443a7000 	C:\Program Files\Java\jre-9.0.4\bin\java.dll
0x00007fff44950000 - 0x00007fff44966000 	C:\Program Files\Java\jre-9.0.4\bin\zip.dll
0x00007fff449b0000 - 0x00007fff449ba000 	C:\Program Files\Java\jre-9.0.4\bin\jimage.dll
0x00007fff49700000 - 0x00007fff4ab36000 	C:\Windows\System32\SHELL32.dll
0x00007fff49500000 - 0x00007fff495a6000 	C:\Windows\System32\shcore.dll
0x00007fff48810000 - 0x00007fff48f57000 	C:\Windows\System32\windows.storage.dll
0x00007fff4ad40000 - 0x00007fff4ad91000 	C:\Windows\System32\shlwapi.dll
0x00007fff48000000 - 0x00007fff48011000 	C:\Windows\System32\kernel.appcore.dll
0x00007fff48020000 - 0x00007fff4806c000 	C:\Windows\System32\powrprof.dll
0x00007fff47fc0000 - 0x00007fff47fdb000 	C:\Windows\System32\profapi.dll
0x00007fff44320000 - 0x00007fff4433a000 	C:\Program Files\Java\jre-9.0.4\bin\net.dll
0x00007fff407e0000 - 0x00007fff408be000 	C:\Windows\SYSTEM32\WINHTTP.dll
0x00007fff47850000 - 0x00007fff478b6000 	C:\Windows\system32\mswsock.dll
0x00007fff44300000 - 0x00007fff44311000 	C:\Program Files\Java\jre-9.0.4\bin\nio.dll
0x00007fff1c7f0000 - 0x00007fff1c989000 	C:\Program Files\Java\jre-9.0.4\bin\awt.dll
0x00007fff4b2a0000 - 0x00007fff4b365000 	C:\Windows\System32\OLEAUT32.dll
0x00007fff44d00000 - 0x00007fff452b8000 	C:\Windows\SYSTEM32\d2d1.dll
0x00007fff48480000 - 0x00007fff4864e000 	C:\Windows\System32\CRYPT32.dll
0x00007fff47fe0000 - 0x00007fff47ff2000 	C:\Windows\System32\MSASN1.dll
0x00007fff458d0000 - 0x00007fff45958000 	C:\Windows\SYSTEM32\apphelp.dll
0x00007fff46100000 - 0x00007fff4612a000 	C:\Windows\system32\DWMAPI.DLL
0x00007fff459b0000 - 0x00007fff45a45000 	C:\Windows\system32\uxtheme.dll
0x00007fff30aa0000 - 0x00007fff30bbe000 	C:\Windows\system32\opengl32.dll
0x00007fff30a70000 - 0x00007fff30a9c000 	C:\Windows\SYSTEM32\GLU32.dll
0x00007fff4b3e0000 - 0x00007fff4b547000 	C:\Windows\System32\MSCTF.dll
0x00007fff4ada0000 - 0x00007fff4aee9000 	C:\Windows\System32\ole32.dll
0x00007fff46ac0000 - 0x00007fff46c88000 	C:\Windows\SYSTEM32\dbghelp.dll

VM Arguments:
jvm_args: -Dfile.encoding=Cp1252 
java_command: view.Fenetre
java_class_path (initial): C:\Users\pierr\Developpement\Projet\bin;C:\Users\pierr\Developpement\Projet\mariadb-java-client-2.2.1.jar;C:\Users\pierr\Developpement\Projet\bislider.jar
Launcher Type: SUN_STANDARD

Logging:
Log output configuration:
#0: stdout all=warning uptime,level,tags
#1: stderr all=off uptime,level,tags

Environment Variables:
PATH=C:\ProgramData\Oracle\Java\javapath;C:\Windows\system32;C:\Windows;C:\Windows\System32\Wbem;C:\Windows\System32\WindowsPowerShell\v1.0\;C:\Program Files (x86)\NVIDIA Corporation\PhysX\Common;C:\Users\pierr\AppData\Local\Microsoft\WindowsApps;C:\Users\pierr\AppData\Local\atom\bin;C:\Users\pierr\AppData\Local\GitHubDesktop\bin
USERNAME=pierr
OS=Windows_NT
PROCESSOR_IDENTIFIER=Intel64 Family 6 Model 142 Stepping 9, GenuineIntel



---------------  S Y S T E M  ---------------

OS: Windows 10 , 64 bit Build 16299 (10.0.16299.15)

CPU:total 4 (initial active 4) (2 cores per cpu, 2 threads per core) family 6 model 142 stepping 9, cmov, cx8, fxsr, mmx, sse, sse2, sse3, ssse3, sse4.1, sse4.2, popcnt, avx, avx2, aes, clmul, erms, 3dnowpref, lzcnt, ht, tsc, tscinvbit, bmi1, bmi2, adx, fma

Memory: 4k page, physical 14839936k(10708240k free), swap 17068160k(9536016k free)

vm_info: Java HotSpot(TM) 64-Bit Server VM (9.0.4+11) for windows-amd64 JRE (9.0.4+11), built on Dec 20 2017 02:18:54 by "mach5one" with MS VC++ 12.0 (VS2013)

END.
